Using pre-set license
Built from '2022.2/staging' branch; Version is '2022.2.10f1 (bcebec703747) revision 12381164'; Using compiler version '192829333'; Build Type 'Release'
OS: 'Windows 10  (10.0.19044) 64bit Core' Language: 'en' Physical Memory: 24496 MB
BatchMode: 1, IsHumanControllingUs: 0, StartBugReporterOnCrash: 0, Is64bit: 1, IsPro: 1

COMMAND LINE ARGUMENTS:
D:\Program Files (x86)\Unity\2022.2.10f1\Editor\Unity.exe
-adb2
-batchMode
-noUpm
-name
AssetImportWorker3
-projectPath
D:/Users/Jax/Documents/Work/Projects/Shards of Abraxas/Shards of Abraxas
-logFile
Logs/AssetImportWorker3.log
-srvPort
56429
Successfully changed project path to: D:/Users/Jax/Documents/Work/Projects/Shards of Abraxas/Shards of Abraxas
D:/Users/Jax/Documents/Work/Projects/Shards of Abraxas/Shards of Abraxas
[UnityMemory] Configuration Parameters - Can be set up in boot.config
    "memorysetup-bucket-allocator-granularity=16"
    "memorysetup-bucket-allocator-bucket-count=8"
    "memorysetup-bucket-allocator-block-size=33554432"
    "memorysetup-bucket-allocator-block-count=8"
    "memorysetup-main-allocator-block-size=16777216"
    "memorysetup-thread-allocator-block-size=16777216"
    "memorysetup-gfx-main-allocator-block-size=16777216"
    "memorysetup-gfx-thread-allocator-block-size=16777216"
    "memorysetup-cache-allocator-block-size=4194304"
    "memorysetup-typetree-allocator-block-size=2097152"
    "memorysetup-profiler-bucket-allocator-granularity=16"
    "memorysetup-profiler-bucket-allocator-bucket-count=8"
    "memorysetup-profiler-bucket-allocator-block-size=33554432"
    "memorysetup-profiler-bucket-allocator-block-count=8"
    "memorysetup-profiler-allocator-block-size=16777216"
    "memorysetup-profiler-editor-allocator-block-size=1048576"
    "memorysetup-temp-allocator-size-main=16777216"
    "memorysetup-job-temp-allocator-block-size=2097152"
    "memorysetup-job-temp-allocator-block-size-background=1048576"
    "memorysetup-job-temp-allocator-reduction-small-platforms=262144"
    "memorysetup-temp-allocator-size-background-worker=32768"
    "memorysetup-temp-allocator-size-job-worker=262144"
    "memorysetup-temp-allocator-size-preload-manager=33554432"
    "memorysetup-temp-allocator-size-nav-mesh-worker=65536"
    "memorysetup-temp-allocator-size-audio-worker=65536"
    "memorysetup-temp-allocator-size-cloud-worker=32768"
    "memorysetup-temp-allocator-size-gi-baking-worker=262144"
    "memorysetup-temp-allocator-size-gfx=262144"
Player connection [62724] Host "[IP] 10.0.0.137 [Port] 0 [Flags] 2 [Guid] 3540366297 [EditorId] 3540366297 [Version] 1048832 [Id] WindowsEditor(7,DESKTOP-ACN6LI9) [Debug] 1 [PackageName] WindowsEditor [ProjectName] Editor" joined multi-casting on [225.0.0.222:54997]...

Player connection [62724] Host "[IP] 10.0.0.137 [Port] 0 [Flags] 2 [Guid] 3540366297 [EditorId] 3540366297 [Version] 1048832 [Id] WindowsEditor(7,DESKTOP-ACN6LI9) [Debug] 1 [PackageName] WindowsEditor [ProjectName] Editor" joined alternative multi-casting on [225.0.0.222:34997]...

Refreshing native plugins compatible for Editor in 430.19 ms, found 3 plugins.
Preloading 0 native plugins for Editor in 0.00 ms.
Initialize engine version: 2022.2.10f1 (bcebec703747)
[Subsystems] Discovering subsystems at path D:/Program Files (x86)/Unity/2022.2.10f1/Editor/Data/Resources/UnitySubsystems
[Subsystems] Discovering subsystems at path D:/Users/Jax/Documents/Work/Projects/Shards of Abraxas/Shards of Abraxas/Assets
GfxDevice: creating device client; threaded=0; jobified=0
Direct3D:
    Version:  Direct3D 11.0 [level 11.1]
    Renderer: NVIDIA GeForce RTX 2060 (ID=0x1f08)
    Vendor:   NVIDIA
    VRAM:     5968 MB
    Driver:   31.0.15.3118
Initialize mono
Mono path[0] = 'D:/Program Files (x86)/Unity/2022.2.10f1/Editor/Data/Managed'
Mono path[1] = 'D:/Program Files (x86)/Unity/2022.2.10f1/Editor/Data/MonoBleedingEdge/lib/mono/unityjit-win32'
Mono config path = 'D:/Program Files (x86)/Unity/2022.2.10f1/Editor/Data/MonoBleedingEdge/etc'
Using monoOptions --debugger-agent=transport=dt_socket,embedding=1,server=y,suspend=n,address=127.0.0.1:56248
Begin MonoManager ReloadAssembly
Registering precompiled unity dll's ...
Register platform support module: D:/Program Files (x86)/Unity/2022.2.10f1/Editor/Data/PlaybackEngines/WebGLSupport/UnityEditor.WebGL.Extensions.dll
Register platform support module: D:/Program Files (x86)/Unity/2022.2.10f1/Editor/Data/PlaybackEngines/AndroidPlayer/UnityEditor.Android.Extensions.dll
Register platform support module: D:/Program Files (x86)/Unity/2022.2.10f1/Editor/Data/PlaybackEngines/WindowsStandaloneSupport/UnityEditor.WindowsStandalone.Extensions.dll
Registered in 0.015833 seconds.
- Loaded All Assemblies, in  1.303 seconds
Native extension for WindowsStandalone target not found
Native extension for Android target not found
Android Extension - Scanning For ADB Devices 1404 ms
Native extension for WebGL target not found
Mono: successfully reloaded assembly
- Finished resetting the current domain, in  2.344 seconds
Domain Reload Profiling:
	ReloadAssembly (691ms)
		BeginReloadAssembly (222ms)
			ExecutionOrderSort (0ms)
			DisableScriptedObjects (0ms)
			BackupInstance (0ms)
			ReleaseScriptingObjects (0ms)
			CreateAndSetChildDomain (1ms)
		LoadAllAssembliesAndSetupDomain (0ms)
			LoadAssemblies (223ms)
			RebuildTransferFunctionScriptingTraits (0ms)
			SetupTypeCache (601ms)
				TypeCache.Initialize (599ms)
					TypeCache.ScanAssembly (596ms)
				ResolveRequiredComponents (1ms)
		FinalizeReload (0ms)
			ReleaseScriptCaches (0ms)
			RebuildScriptCaches (0ms)
			SetupLoadedEditorAssemblies (2202ms)
				LogAssemblyErrors (0ms)
				InitializePlatformSupportModulesInManaged (1634ms)
				SetLoadedEditorAssemblies (10ms)
				RefreshPlugins (0ms)
				BeforeProcessingInitializeOnLoad (3ms)
				ProcessInitializeOnLoadAttributes (353ms)
				ProcessInitializeOnLoadMethodAttributes (202ms)
				AfterProcessingInitializeOnLoad (0ms)
				EditorAssembliesLoaded (0ms)
			ExecutionOrderSort2 (0ms)
			AwakeInstancesAfterBackupRestoration (0ms)
========================================================================
Worker process is ready to serve import requests
Begin MonoManager ReloadAssembly
- Loaded All Assemblies, in  3.584 seconds
Refreshing native plugins compatible for Editor in 7.23 ms, found 3 plugins.
Native extension for WindowsStandalone target not found
Native extension for Android target not found
Native extension for WebGL target not found
Mono: successfully reloaded assembly
- Finished resetting the current domain, in  1.746 seconds
Domain Reload Profiling:
	ReloadAssembly (590ms)
		BeginReloadAssembly (359ms)
			ExecutionOrderSort (0ms)
			DisableScriptedObjects (26ms)
			BackupInstance (0ms)
			ReleaseScriptingObjects (0ms)
			CreateAndSetChildDomain (42ms)
		LoadAllAssembliesAndSetupDomain (2987ms)
			LoadAssemblies (1316ms)
			RebuildTransferFunctionScriptingTraits (0ms)
			SetupTypeCache (1560ms)
				TypeCache.Initialize (1458ms)
					TypeCache.ScanAssembly (1440ms)
				ResolveRequiredComponents (7ms)
		FinalizeReload (0ms)
			ReleaseScriptCaches (0ms)
			RebuildScriptCaches (0ms)
			SetupLoadedEditorAssemblies (1315ms)
				LogAssemblyErrors (0ms)
				InitializePlatformSupportModulesInManaged (86ms)
				SetLoadedEditorAssemblies (24ms)
				RefreshPlugins (0ms)
				BeforeProcessingInitializeOnLoad (245ms)
				ProcessInitializeOnLoadAttributes (844ms)
				ProcessInitializeOnLoadMethodAttributes (95ms)
				AfterProcessingInitializeOnLoad (19ms)
				EditorAssembliesLoaded (2ms)
			ExecutionOrderSort2 (0ms)
			AwakeInstancesAfterBackupRestoration (20ms)
Launched and connected shader compiler UnityShaderCompiler.exe after 0.86 seconds
Refreshing native plugins compatible for Editor in 12.21 ms, found 3 plugins.
Preloading 0 native plugins for Editor in 0.00 ms.
Unloading 3185 Unused Serialized files (Serialized files now loaded: 0)
Unloading 59 unused Assets / (71.6 KB). Loaded Objects now: 3648.
Memory consumption went from 497.6 MB to 497.5 MB.
Total: 11.352700 ms (FindLiveObjects: 0.416900 ms CreateObjectMapping: 0.487000 ms MarkObjects: 10.156100 ms  DeleteObjects: 0.290800 ms)

AssetImportParameters requested are different than current active one (requested -> active):
  custom:video-decoder-webm-vp8: 9c59270c3fd7afecdb556c50c9e8de78 -> 
  custom:scripting/monoscript/fileName/Deck.cs: f36d2883c6987ae3e77463cca58cd99c -> d8455be1d3424e6ee8d6a1ac1f4415d9
  custom:scripting/monoscript/fileName/Hand.cs: 600aa4e2d5657c35d8b09240ce8cebfa -> 36b4c1ecc1937af76c4ca5259c4a1605
  custom:scripting/monoscript/fileName/Graveyard.cs: 7644fc3822a8eb20f2e5951f897e81bc -> a08a529da09bf42396aac74294cf3704
  custom:scripting/monoscript/fileName/PassiveStone.cs: fe3585a1177caee5ae96abae07431320 -> 858aab5e8ad0653e1cfcca77b48ef2b5
  custom:SearchIndexIgnoredProperties: e643bd26f0fe6173181afceb89e7c659 -> 
  custom:container-demuxer-ogg: 62fdf1f143b41e24485cea50d1cbac27 -> 
  custom:AudioImporter_EditorPlatform: d09bf68614088b80899f8185d706f6e7 -> 
  custom:scripting/monoscript/fileName/NetworkCommandLine.cs: d9cc881a32ed28ca0cc77cbbd14e5713 -> 668276a459949181cb9b286fe4af2238
  custom:scripting/monoscript/fileName/StoneData.cs: 6f4de7805ae570789825508c26d7b0fc -> 1b75d7bf010079a2f8a3cd6372dbff4f
  custom:scripting/monoscript/fileName/Data.cs: fb65fbe070cd1b17e1b74b3b16407796 -> 
  custom:scripting/monoscript/fileName/State.cs: 3c4e305d480dc47c00ef856d0f01cc78 -> 09f317c33aa1452f7f42fcabc6439458
  custom:scripting/monoscript/fileName/ManaType.cs: 2005902193e3362067921641805e102e -> e32c220b3a100e4fe9d2cb4fef462b99
  custom:video-codec-MediaFoundation-h265: 746d11721c4dcdbdad8f713fa42b33f4 -> 
  custom:scripting/monoscript/fileName/Events.cs: 6faf8901b68bddda9be642afbc6e3ce9 -> 
  custom:scripting/monoscript/fileName/Garnet_Effect_BuffTriggeringATKHP.cs: c32874b8cd5f26e52a5120a2d5ebf3ab -> 30f556785a00d3420ca7a22dd71c839a
  custom:scripting/monoscript/fileName/CardPlaceholder.cs: 1e559d1b67f8b07d60b9b5e7e8a50200 -> 35f3b1d9edee89ec9a585a2563f894b8
  custom:video-decoder-ogg-theora: a1e56fd34408186e4bbccfd4996cb3dc -> 
  custom:scripting/monoscript/fileName/StoneDetail.cs: cc12848b3921b743d7889e3d7d7fbbfb -> 
  custom:scripting/monoscript/fileName/BootstrapManager.cs: 3191d1a593b22a4033509b43191e6b7e -> 
  custom:scripting/monoscript/fileName/BeginningState.cs: 249ced66d757fddc72ea0f3d49ba6e61 -> 9a9b60ca603e03fe3e29ffdb7714df36
  custom:scripting/monoscript/fileName/LoadingDebuff.cs: a6050743f3576cbfa5bc822ff016dcf0 -> ab9b39827169b5bf646f06f0e5305bfd
  custom:scripting/monoscript/fileName/DebugNetworkManager.cs: fed59e193f1ad6465140608120c46044 -> d4cfb2e1af67a243cec6bdbf09b99176
  custom:framework-win-MediaFoundation: 216162199b28c13a410421893ffa2e32 -> 
  custom:scripting/monoscript/fileName/NextButton.cs: c3fca851067bc69e3eb72bc43d2f2d30 -> c80342e254e2d28019dab78aefd7c705
  custom:scripting/monoscript/fileName/CombatState.cs: b3f6e84d66055f14829e107c36d7c47e -> ecce937ee55e97509763de1593ba37c3
  custom:scripting/monoscript/fileName/RpcTest.cs: bd38a9ff335001b26e5fcf45314a1b7b -> f5d629e5abb8c58ba75a86ebe82dd64e
  custom:scripting/monoscript/fileName/CardDetailPositioner.cs: 08109b4a17a779b28f4f49b3ebba0952 -> 
  custom:scripting/monoscript/fileName/BeforeCombatState.cs: 12d70cf4ef893080e159bfb85fab9529 -> 137b2ba2b72a5526a74112ddbe78165d
  custom:video-encoder-webm-vp8: eb34c28f22e8b96e1ab97ce403110664 -> 
  custom:scripting/monoscript/fileName/StatBlock.cs: 7ad1a36c4cdcb05dec29915aef62fc78 -> c0a00578f5a188046bc8240bfc328a99
  custom:scripting/monoscript/fileName/Status.cs: b6877c7bda0a52d6b8e256b48355d5f8 -> f113d7291d0040341f4dd94337ccbd67
  custom:scripting/monoscript/fileName/TriggerStone.cs: fb643b9dfa56413d6abc4f0178c54a3a -> 619b82d3c53163b236d42e6b3f6eae4a
  custom:scripting/monoscript/fileName/Game.cs: c88b4c4f601aa866173af1c0dd50df76 -> 
  custom:audio-decoder-ogg-vorbis: bf7c407c2cedff20999df2af8eb42d56 -> 
  custom:scripting/monoscript/fileName/PlayerData.cs: e920abecb2c1492e3e790e58fe05f9b7 -> 9a60012e0bffbfb901876ce9c15fc0b1
  custom:scripting/monoscript/fileName/SerializableDictionary.cs: 115c360a12c3d0757f4b5a9d786f9cbf -> 680da08406bf60bdd27840bb23095c5e
  custom:scripting/monoscript/fileName/Card.cs: ea3e364ea0fe897126d49cc52a8c1bfe -> a2529a933c4a44e10d4d95cd86a996ee
  custom:scripting/monoscript/fileName/SummoningSickness.cs: 21dd068cd5e56b8288305eba08bc2ac3 -> 
  custom:scripting/monoscript/fileName/Hands.cs: 6db326b1bf2d694a2c4f875a66260877 -> 
  custom:scripting/monoscript/fileName/ColorSetter.cs: c2451230a6564faef6dec278c85e82c6 -> 
  custom:scripting/monoscript/fileName/CardDetail.cs: 3c0bada59fb68f06f6624b5296b9799c -> 
  custom:scripting/monoscript/fileName/BootstrapPlayer.cs: b16acb0502c4323c2638b6ed96e29468 -> 
  custom:container-demuxer-webm: 4f35f7cbe854078d1ac9338744f61a02 -> 
  custom:scripting/monoscript/fileName/GameNotStartedState.cs: 3aabcd7e4d1d64f8a61e4fc5e17b5676 -> b56796f576d2bf84d6eac0ae422cae9c
  custom:scripting/monoscript/fileName/Mana.cs: ed3368cb6bae7acee7c965dd582b17fd -> 2eadd13611c762b9bbb9c0c9e6871db7
  custom:scripting/monoscript/fileName/GameTests.cs: 82a069a6dc633797a6f8215cc4bf047d -> 
  custom:scripting/monoscript/fileName/Player.cs: efb16c3ace29d46291bcdde74a12a31d -> cb6068dc1a4ebf39fb18c84865b68e1e
  custom:scripting/monoscript/fileName/Field.cs: 59e1896053bad3d7457ff2372456dc1c -> 
  custom:scripting/monoscript/fileName/OnGameStateChange.cs: a972f7c37a58e7feb58f330a23c54e46 -> 5a77d8c621834876e7ab28d4b97c3bb8
  custom:audio-encoder-webm-vorbis: bf7c407c2cedff20999df2af8eb42d56 -> 
  custom:scripting/monoscript/fileName/EndState.cs: c95c93f24f53541914fcd4d903f5cff9 -> c9c8fc68c9bfc76876e778c82490dbab
  custom:scripting/monoscript/fileName/EffectStone.cs: c2ba69bd862ae5f2443c4995afd775e8 -> 436476acb310edbe3fc6dab09963beae
  custom:scripting/monoscript/fileName/Drag.cs: 625319d925e170ad378c1f8c2f85d7a3 -> 89398c3c3ad566b9c7522211814f2304
  custom:scripting/monoscript/fileName/Cell.cs: 4f03b1a78533be998be93ab6724fafec -> 0f47ae37b0c38ed31309c64b2801c44b
  custom:scripting/monoscript/fileName/Utilities.cs: 0d7730f71d0fa2e400541145732a7cf0 -> b9974f986d13b0cec396a13a535e3cdd
  custom:scripting/monoscript/fileName/StatBuff.cs: 61a830b8895be0f5163563c9c3981c80 -> 52e68e9434792ae25b8665567bf5a3d6
  custom:scripting/monoscript/fileName/Garnet_Trigger_FriendlyAdjacent.cs: 3c550bff0981c1a415e85c4780698aa2 -> 66bea1a8581bf3ded7fe34398f5553f7
  custom:scripting/monoscript/fileName/Stone.cs: ba45f5e33740c61c8e331fbf39bb070d -> 2932c6faaa75d86fe334f12da17a18ee
  custom:scripting/monoscript/fileName/Singleton.cs: 8f6297df34271fdb1ce2d9607ec6261d -> 90647cc400823b41df847a6cbfc29026
  custom:scripting/monoscript/fileName/AfterCombatState.cs: b263e3bb41aabd2dcc81de202c55d426 -> 4dbc9b98fc865cd04963b6bbb8e47fa5
  custom:container-muxer-webm: aa71ff27fc2769a1b78a27578f13a17b -> 
========================================================================
Received Prepare
Begin MonoManager ReloadAssembly
- Loaded All Assemblies, in  1.726 seconds
Refreshing native plugins compatible for Editor in 10.43 ms, found 3 plugins.
Native extension for WindowsStandalone target not found
Native extension for Android target not found
Native extension for WebGL target not found
Mono: successfully reloaded assembly
- Finished resetting the current domain, in  3.654 seconds
Domain Reload Profiling:
	ReloadAssembly (513ms)
		BeginReloadAssembly (347ms)
			ExecutionOrderSort (0ms)
			DisableScriptedObjects (14ms)
			BackupInstance (0ms)
			ReleaseScriptingObjects (0ms)
			CreateAndSetChildDomain (79ms)
		LoadAllAssembliesAndSetupDomain (1211ms)
			LoadAssemblies (746ms)
			RebuildTransferFunctionScriptingTraits (0ms)
			SetupTypeCache (669ms)
				TypeCache.Initialize (659ms)
					TypeCache.ScanAssembly (645ms)
				ResolveRequiredComponents (10ms)
		FinalizeReload (0ms)
			ReleaseScriptCaches (0ms)
			RebuildScriptCaches (0ms)
			SetupLoadedEditorAssemblies (1925ms)
				LogAssemblyErrors (0ms)
				InitializePlatformSupportModulesInManaged (70ms)
				SetLoadedEditorAssemblies (18ms)
				RefreshPlugins (0ms)
				BeforeProcessingInitializeOnLoad (494ms)
				ProcessInitializeOnLoadAttributes (1057ms)
				ProcessInitializeOnLoadMethodAttributes (263ms)
				AfterProcessingInitializeOnLoad (23ms)
				EditorAssembliesLoaded (1ms)
			ExecutionOrderSort2 (0ms)
			AwakeInstancesAfterBackupRestoration (34ms)
Refreshing native plugins compatible for Editor in 9.63 ms, found 3 plugins.
Preloading 0 native plugins for Editor in 0.00 ms.
Unloading 3161 Unused Serialized files (Serialized files now loaded: 0)
Unloading 36 unused Assets / (44.1 KB). Loaded Objects now: 3651.
Memory consumption went from 491.6 MB to 491.6 MB.
Total: 7.720000 ms (FindLiveObjects: 0.383300 ms CreateObjectMapping: 0.458800 ms MarkObjects: 6.791500 ms  DeleteObjects: 0.084700 ms)

Prepare: number of updated asset objects reloaded= 0
AssetImportParameters requested are different than current active one (requested -> active):
  custom:video-decoder-webm-vp8: 9c59270c3fd7afecdb556c50c9e8de78 -> 
  custom:scripting/monoscript/fileName/Deck.cs: f36d2883c6987ae3e77463cca58cd99c -> d8455be1d3424e6ee8d6a1ac1f4415d9
  custom:scripting/monoscript/fileName/Hand.cs: 600aa4e2d5657c35d8b09240ce8cebfa -> 36b4c1ecc1937af76c4ca5259c4a1605
  custom:scripting/monoscript/fileName/Graveyard.cs: 7644fc3822a8eb20f2e5951f897e81bc -> a08a529da09bf42396aac74294cf3704
  custom:scripting/monoscript/fileName/PassiveStone.cs: fe3585a1177caee5ae96abae07431320 -> 858aab5e8ad0653e1cfcca77b48ef2b5
  custom:SearchIndexIgnoredProperties: e643bd26f0fe6173181afceb89e7c659 -> 
  custom:container-demuxer-ogg: 62fdf1f143b41e24485cea50d1cbac27 -> 
  custom:AudioImporter_EditorPlatform: d09bf68614088b80899f8185d706f6e7 -> 
  custom:scripting/monoscript/fileName/NetworkCommandLine.cs: d9cc881a32ed28ca0cc77cbbd14e5713 -> 668276a459949181cb9b286fe4af2238
  custom:scripting/monoscript/fileName/StoneData.cs: 6f4de7805ae570789825508c26d7b0fc -> 1b75d7bf010079a2f8a3cd6372dbff4f
  custom:scripting/monoscript/fileName/Data.cs: fb65fbe070cd1b17e1b74b3b16407796 -> 
  custom:scripting/monoscript/fileName/State.cs: 3c4e305d480dc47c00ef856d0f01cc78 -> 09f317c33aa1452f7f42fcabc6439458
  custom:scripting/monoscript/fileName/ManaType.cs: 2005902193e3362067921641805e102e -> e32c220b3a100e4fe9d2cb4fef462b99
  custom:video-codec-MediaFoundation-h265: 746d11721c4dcdbdad8f713fa42b33f4 -> 
  custom:scripting/monoscript/fileName/Events.cs: 6faf8901b68bddda9be642afbc6e3ce9 -> 
  custom:scripting/monoscript/fileName/Garnet_Effect_BuffTriggeringATKHP.cs: c32874b8cd5f26e52a5120a2d5ebf3ab -> 30f556785a00d3420ca7a22dd71c839a
  custom:scripting/monoscript/fileName/CardPlaceholder.cs: 1e559d1b67f8b07d60b9b5e7e8a50200 -> 35f3b1d9edee89ec9a585a2563f894b8
  custom:video-decoder-ogg-theora: a1e56fd34408186e4bbccfd4996cb3dc -> 
  custom:scripting/monoscript/fileName/StoneDetail.cs: cc12848b3921b743d7889e3d7d7fbbfb -> 
  custom:scripting/monoscript/fileName/BootstrapManager.cs: 3191d1a593b22a4033509b43191e6b7e -> 
  custom:scripting/monoscript/fileName/BeginningState.cs: 249ced66d757fddc72ea0f3d49ba6e61 -> 9a9b60ca603e03fe3e29ffdb7714df36
  custom:scripting/monoscript/fileName/LoadingDebuff.cs: a6050743f3576cbfa5bc822ff016dcf0 -> ab9b39827169b5bf646f06f0e5305bfd
  custom:scripting/monoscript/fileName/DebugNetworkManager.cs: fed59e193f1ad6465140608120c46044 -> d4cfb2e1af67a243cec6bdbf09b99176
  custom:framework-win-MediaFoundation: 216162199b28c13a410421893ffa2e32 -> 
  custom:scripting/monoscript/fileName/NextButton.cs: c3fca851067bc69e3eb72bc43d2f2d30 -> c80342e254e2d28019dab78aefd7c705
  custom:scripting/monoscript/fileName/CombatState.cs: b3f6e84d66055f14829e107c36d7c47e -> ecce937ee55e97509763de1593ba37c3
  custom:scripting/monoscript/fileName/RpcTest.cs: bd38a9ff335001b26e5fcf45314a1b7b -> f5d629e5abb8c58ba75a86ebe82dd64e
  custom:scripting/monoscript/fileName/CardDetailPositioner.cs: 08109b4a17a779b28f4f49b3ebba0952 -> 
  custom:scripting/monoscript/fileName/BeforeCombatState.cs: 12d70cf4ef893080e159bfb85fab9529 -> 137b2ba2b72a5526a74112ddbe78165d
  custom:video-encoder-webm-vp8: eb34c28f22e8b96e1ab97ce403110664 -> 
  custom:scripting/monoscript/fileName/StatBlock.cs: 7ad1a36c4cdcb05dec29915aef62fc78 -> c0a00578f5a188046bc8240bfc328a99
  custom:scripting/monoscript/fileName/Status.cs: b6877c7bda0a52d6b8e256b48355d5f8 -> f113d7291d0040341f4dd94337ccbd67
  custom:scripting/monoscript/fileName/TriggerStone.cs: fb643b9dfa56413d6abc4f0178c54a3a -> 619b82d3c53163b236d42e6b3f6eae4a
  custom:scripting/monoscript/fileName/Game.cs: c88b4c4f601aa866173af1c0dd50df76 -> 
  custom:audio-decoder-ogg-vorbis: bf7c407c2cedff20999df2af8eb42d56 -> 
  custom:scripting/monoscript/fileName/PlayerData.cs: e920abecb2c1492e3e790e58fe05f9b7 -> 9a60012e0bffbfb901876ce9c15fc0b1
  custom:scripting/monoscript/fileName/SerializableDictionary.cs: 115c360a12c3d0757f4b5a9d786f9cbf -> 680da08406bf60bdd27840bb23095c5e
  custom:scripting/monoscript/fileName/Card.cs: ea3e364ea0fe897126d49cc52a8c1bfe -> a2529a933c4a44e10d4d95cd86a996ee
  custom:scripting/monoscript/fileName/SummoningSickness.cs: 21dd068cd5e56b8288305eba08bc2ac3 -> 
  custom:scripting/monoscript/fileName/Hands.cs: 6db326b1bf2d694a2c4f875a66260877 -> 
  custom:scripting/monoscript/fileName/ColorSetter.cs: c2451230a6564faef6dec278c85e82c6 -> 
  custom:scripting/monoscript/fileName/CardDetail.cs: 3c0bada59fb68f06f6624b5296b9799c -> 
  custom:scripting/monoscript/fileName/BootstrapPlayer.cs: b16acb0502c4323c2638b6ed96e29468 -> 
  custom:container-demuxer-webm: 4f35f7cbe854078d1ac9338744f61a02 -> 
  custom:scripting/monoscript/fileName/GameNotStartedState.cs: 3aabcd7e4d1d64f8a61e4fc5e17b5676 -> b56796f576d2bf84d6eac0ae422cae9c
  custom:scripting/monoscript/fileName/Mana.cs: ed3368cb6bae7acee7c965dd582b17fd -> 2eadd13611c762b9bbb9c0c9e6871db7
  custom:scripting/monoscript/fileName/GameTests.cs: 82a069a6dc633797a6f8215cc4bf047d -> 
  custom:scripting/monoscript/fileName/Player.cs: efb16c3ace29d46291bcdde74a12a31d -> cb6068dc1a4ebf39fb18c84865b68e1e
  custom:scripting/monoscript/fileName/Field.cs: 59e1896053bad3d7457ff2372456dc1c -> 
  custom:scripting/monoscript/fileName/OnGameStateChange.cs: a972f7c37a58e7feb58f330a23c54e46 -> 5a77d8c621834876e7ab28d4b97c3bb8
  custom:audio-encoder-webm-vorbis: bf7c407c2cedff20999df2af8eb42d56 -> 
  custom:scripting/monoscript/fileName/EndState.cs: c95c93f24f53541914fcd4d903f5cff9 -> c9c8fc68c9bfc76876e778c82490dbab
  custom:scripting/monoscript/fileName/EffectStone.cs: c2ba69bd862ae5f2443c4995afd775e8 -> 436476acb310edbe3fc6dab09963beae
  custom:scripting/monoscript/fileName/Drag.cs: 625319d925e170ad378c1f8c2f85d7a3 -> 89398c3c3ad566b9c7522211814f2304
  custom:scripting/monoscript/fileName/Cell.cs: 4f03b1a78533be998be93ab6724fafec -> 0f47ae37b0c38ed31309c64b2801c44b
  custom:scripting/monoscript/fileName/Utilities.cs: 0d7730f71d0fa2e400541145732a7cf0 -> b9974f986d13b0cec396a13a535e3cdd
  custom:scripting/monoscript/fileName/StatBuff.cs: 61a830b8895be0f5163563c9c3981c80 -> 52e68e9434792ae25b8665567bf5a3d6
  custom:scripting/monoscript/fileName/Garnet_Trigger_FriendlyAdjacent.cs: 3c550bff0981c1a415e85c4780698aa2 -> 66bea1a8581bf3ded7fe34398f5553f7
  custom:scripting/monoscript/fileName/Stone.cs: ba45f5e33740c61c8e331fbf39bb070d -> 2932c6faaa75d86fe334f12da17a18ee
  custom:scripting/monoscript/fileName/Singleton.cs: 8f6297df34271fdb1ce2d9607ec6261d -> 90647cc400823b41df847a6cbfc29026
  custom:scripting/monoscript/fileName/AfterCombatState.cs: b263e3bb41aabd2dcc81de202c55d426 -> 4dbc9b98fc865cd04963b6bbb8e47fa5
  custom:container-muxer-webm: aa71ff27fc2769a1b78a27578f13a17b -> 
========================================================================
Received Prepare
Begin MonoManager ReloadAssembly
- Loaded All Assemblies, in  2.755 seconds
Refreshing native plugins compatible for Editor in 29.01 ms, found 3 plugins.
Native extension for WindowsStandalone target not found
Native extension for Android target not found
Native extension for WebGL target not found
Mono: successfully reloaded assembly
- Finished resetting the current domain, in  3.691 seconds
Domain Reload Profiling:
	ReloadAssembly (900ms)
		BeginReloadAssembly (611ms)
			ExecutionOrderSort (0ms)
			DisableScriptedObjects (15ms)
			BackupInstance (0ms)
			ReleaseScriptingObjects (0ms)
			CreateAndSetChildDomain (249ms)
		LoadAllAssembliesAndSetupDomain (1842ms)
			LoadAssemblies (1084ms)
			RebuildTransferFunctionScriptingTraits (0ms)
			SetupTypeCache (1040ms)
				TypeCache.Initialize (1029ms)
					TypeCache.ScanAssembly (1015ms)
				ResolveRequiredComponents (11ms)
		FinalizeReload (0ms)
			ReleaseScriptCaches (0ms)
			RebuildScriptCaches (0ms)
			SetupLoadedEditorAssemblies (2060ms)
				LogAssemblyErrors (0ms)
				InitializePlatformSupportModulesInManaged (56ms)
				SetLoadedEditorAssemblies (15ms)
				RefreshPlugins (0ms)
				BeforeProcessingInitializeOnLoad (567ms)
				ProcessInitializeOnLoadAttributes (1283ms)
				ProcessInitializeOnLoadMethodAttributes (125ms)
				AfterProcessingInitializeOnLoad (13ms)
				EditorAssembliesLoaded (1ms)
			ExecutionOrderSort2 (0ms)
			AwakeInstancesAfterBackupRestoration (28ms)
Refreshing native plugins compatible for Editor in 8.81 ms, found 3 plugins.
Preloading 0 native plugins for Editor in 0.00 ms.
Unloading 3161 Unused Serialized files (Serialized files now loaded: 0)
Unloading 36 unused Assets / (43.1 KB). Loaded Objects now: 3654.
Memory consumption went from 491.3 MB to 491.2 MB.
Total: 10.465600 ms (FindLiveObjects: 0.352500 ms CreateObjectMapping: 0.357000 ms MarkObjects: 9.676400 ms  DeleteObjects: 0.078000 ms)

Prepare: number of updated asset objects reloaded= 0
AssetImportParameters requested are different than current active one (requested -> active):
  custom:video-decoder-webm-vp8: 9c59270c3fd7afecdb556c50c9e8de78 -> 
  custom:scripting/monoscript/fileName/Deck.cs: f36d2883c6987ae3e77463cca58cd99c -> d8455be1d3424e6ee8d6a1ac1f4415d9
  custom:scripting/monoscript/fileName/Hand.cs: 600aa4e2d5657c35d8b09240ce8cebfa -> 36b4c1ecc1937af76c4ca5259c4a1605
  custom:scripting/monoscript/fileName/Graveyard.cs: 7644fc3822a8eb20f2e5951f897e81bc -> a08a529da09bf42396aac74294cf3704
  custom:scripting/monoscript/fileName/PassiveStone.cs: fe3585a1177caee5ae96abae07431320 -> 858aab5e8ad0653e1cfcca77b48ef2b5
  custom:SearchIndexIgnoredProperties: e643bd26f0fe6173181afceb89e7c659 -> 
  custom:container-demuxer-ogg: 62fdf1f143b41e24485cea50d1cbac27 -> 
  custom:AudioImporter_EditorPlatform: d09bf68614088b80899f8185d706f6e7 -> 
  custom:scripting/monoscript/fileName/NetworkCommandLine.cs: d9cc881a32ed28ca0cc77cbbd14e5713 -> 668276a459949181cb9b286fe4af2238
  custom:scripting/monoscript/fileName/StoneData.cs: 6f4de7805ae570789825508c26d7b0fc -> 1b75d7bf010079a2f8a3cd6372dbff4f
  custom:scripting/monoscript/fileName/Data.cs: fb65fbe070cd1b17e1b74b3b16407796 -> 
  custom:scripting/monoscript/fileName/State.cs: 3c4e305d480dc47c00ef856d0f01cc78 -> 09f317c33aa1452f7f42fcabc6439458
  custom:scripting/monoscript/fileName/ManaType.cs: 2005902193e3362067921641805e102e -> e32c220b3a100e4fe9d2cb4fef462b99
  custom:video-codec-MediaFoundation-h265: 746d11721c4dcdbdad8f713fa42b33f4 -> 
  custom:scripting/monoscript/fileName/Events.cs: 6faf8901b68bddda9be642afbc6e3ce9 -> 
  custom:scripting/monoscript/fileName/Garnet_Effect_BuffTriggeringATKHP.cs: c32874b8cd5f26e52a5120a2d5ebf3ab -> 30f556785a00d3420ca7a22dd71c839a
  custom:scripting/monoscript/fileName/CardPlaceholder.cs: 1e559d1b67f8b07d60b9b5e7e8a50200 -> 35f3b1d9edee89ec9a585a2563f894b8
  custom:video-decoder-ogg-theora: a1e56fd34408186e4bbccfd4996cb3dc -> 
  custom:scripting/monoscript/fileName/StoneDetail.cs: cc12848b3921b743d7889e3d7d7fbbfb -> 
  custom:scripting/monoscript/fileName/BootstrapManager.cs: 3191d1a593b22a4033509b43191e6b7e -> 
  custom:scripting/monoscript/fileName/BeginningState.cs: 249ced66d757fddc72ea0f3d49ba6e61 -> 9a9b60ca603e03fe3e29ffdb7714df36
  custom:scripting/monoscript/fileName/LoadingDebuff.cs: a6050743f3576cbfa5bc822ff016dcf0 -> ab9b39827169b5bf646f06f0e5305bfd
  custom:scripting/monoscript/fileName/DebugNetworkManager.cs: fed59e193f1ad6465140608120c46044 -> d4cfb2e1af67a243cec6bdbf09b99176
  custom:framework-win-MediaFoundation: 216162199b28c13a410421893ffa2e32 -> 
  custom:scripting/monoscript/fileName/NextButton.cs: c3fca851067bc69e3eb72bc43d2f2d30 -> c80342e254e2d28019dab78aefd7c705
  custom:scripting/monoscript/fileName/CombatState.cs: b3f6e84d66055f14829e107c36d7c47e -> ecce937ee55e97509763de1593ba37c3
  custom:scripting/monoscript/fileName/RpcTest.cs: bd38a9ff335001b26e5fcf45314a1b7b -> f5d629e5abb8c58ba75a86ebe82dd64e
  custom:scripting/monoscript/fileName/CardDetailPositioner.cs: 08109b4a17a779b28f4f49b3ebba0952 -> 
  custom:scripting/monoscript/fileName/BeforeCombatState.cs: 12d70cf4ef893080e159bfb85fab9529 -> 137b2ba2b72a5526a74112ddbe78165d
  custom:video-encoder-webm-vp8: eb34c28f22e8b96e1ab97ce403110664 -> 
  custom:scripting/monoscript/fileName/StatBlock.cs: 7ad1a36c4cdcb05dec29915aef62fc78 -> c0a00578f5a188046bc8240bfc328a99
  custom:scripting/monoscript/fileName/Status.cs: b6877c7bda0a52d6b8e256b48355d5f8 -> f113d7291d0040341f4dd94337ccbd67
  custom:scripting/monoscript/fileName/TriggerStone.cs: fb643b9dfa56413d6abc4f0178c54a3a -> 619b82d3c53163b236d42e6b3f6eae4a
  custom:scripting/monoscript/fileName/Game.cs: c88b4c4f601aa866173af1c0dd50df76 -> 
  custom:audio-decoder-ogg-vorbis: bf7c407c2cedff20999df2af8eb42d56 -> 
  custom:scripting/monoscript/fileName/PlayerData.cs: e920abecb2c1492e3e790e58fe05f9b7 -> 9a60012e0bffbfb901876ce9c15fc0b1
  custom:scripting/monoscript/fileName/SerializableDictionary.cs: 115c360a12c3d0757f4b5a9d786f9cbf -> 680da08406bf60bdd27840bb23095c5e
  custom:scripting/monoscript/fileName/Card.cs: ea3e364ea0fe897126d49cc52a8c1bfe -> a2529a933c4a44e10d4d95cd86a996ee
  custom:scripting/monoscript/fileName/SummoningSickness.cs: 21dd068cd5e56b8288305eba08bc2ac3 -> 
  custom:scripting/monoscript/fileName/Hands.cs: 6db326b1bf2d694a2c4f875a66260877 -> 
  custom:scripting/monoscript/fileName/ColorSetter.cs: c2451230a6564faef6dec278c85e82c6 -> 
  custom:scripting/monoscript/fileName/CardDetail.cs: 3c0bada59fb68f06f6624b5296b9799c -> 
  custom:scripting/monoscript/fileName/BootstrapPlayer.cs: b16acb0502c4323c2638b6ed96e29468 -> 
  custom:container-demuxer-webm: 4f35f7cbe854078d1ac9338744f61a02 -> 
  custom:scripting/monoscript/fileName/GameNotStartedState.cs: 3aabcd7e4d1d64f8a61e4fc5e17b5676 -> b56796f576d2bf84d6eac0ae422cae9c
  custom:scripting/monoscript/fileName/Mana.cs: ed3368cb6bae7acee7c965dd582b17fd -> 2eadd13611c762b9bbb9c0c9e6871db7
  custom:scripting/monoscript/fileName/GameTests.cs: 82a069a6dc633797a6f8215cc4bf047d -> 
  custom:scripting/monoscript/fileName/Player.cs: efb16c3ace29d46291bcdde74a12a31d -> cb6068dc1a4ebf39fb18c84865b68e1e
  custom:scripting/monoscript/fileName/Field.cs: 59e1896053bad3d7457ff2372456dc1c -> 
  custom:scripting/monoscript/fileName/OnGameStateChange.cs: a972f7c37a58e7feb58f330a23c54e46 -> 5a77d8c621834876e7ab28d4b97c3bb8
  custom:audio-encoder-webm-vorbis: bf7c407c2cedff20999df2af8eb42d56 -> 
  custom:scripting/monoscript/fileName/EndState.cs: c95c93f24f53541914fcd4d903f5cff9 -> c9c8fc68c9bfc76876e778c82490dbab
  custom:scripting/monoscript/fileName/EffectStone.cs: c2ba69bd862ae5f2443c4995afd775e8 -> 436476acb310edbe3fc6dab09963beae
  custom:scripting/monoscript/fileName/Drag.cs: 625319d925e170ad378c1f8c2f85d7a3 -> 89398c3c3ad566b9c7522211814f2304
  custom:scripting/monoscript/fileName/Cell.cs: 4f03b1a78533be998be93ab6724fafec -> 0f47ae37b0c38ed31309c64b2801c44b
  custom:scripting/monoscript/fileName/Utilities.cs: 0d7730f71d0fa2e400541145732a7cf0 -> b9974f986d13b0cec396a13a535e3cdd
  custom:scripting/monoscript/fileName/StatBuff.cs: 61a830b8895be0f5163563c9c3981c80 -> 52e68e9434792ae25b8665567bf5a3d6
  custom:scripting/monoscript/fileName/Garnet_Trigger_FriendlyAdjacent.cs: 3c550bff0981c1a415e85c4780698aa2 -> 66bea1a8581bf3ded7fe34398f5553f7
  custom:scripting/monoscript/fileName/Stone.cs: ba45f5e33740c61c8e331fbf39bb070d -> 2932c6faaa75d86fe334f12da17a18ee
  custom:scripting/monoscript/fileName/Singleton.cs: 8f6297df34271fdb1ce2d9607ec6261d -> 90647cc400823b41df847a6cbfc29026
  custom:scripting/monoscript/fileName/AfterCombatState.cs: b263e3bb41aabd2dcc81de202c55d426 -> 4dbc9b98fc865cd04963b6bbb8e47fa5
  custom:container-muxer-webm: aa71ff27fc2769a1b78a27578f13a17b -> 
========================================================================
Received Prepare
Begin MonoManager ReloadAssembly
- Loaded All Assemblies, in  1.741 seconds
Refreshing native plugins compatible for Editor in 7.10 ms, found 3 plugins.
Native extension for WindowsStandalone target not found
Native extension for Android target not found
Native extension for WebGL target not found
Mono: successfully reloaded assembly
- Finished resetting the current domain, in  1.834 seconds
Domain Reload Profiling:
	ReloadAssembly (499ms)
		BeginReloadAssembly (331ms)
			ExecutionOrderSort (0ms)
			DisableScriptedObjects (10ms)
			BackupInstance (0ms)
			ReleaseScriptingObjects (0ms)
			CreateAndSetChildDomain (93ms)
		LoadAllAssembliesAndSetupDomain (1238ms)
			LoadAssemblies (691ms)
			RebuildTransferFunctionScriptingTraits (0ms)
			SetupTypeCache (722ms)
				TypeCache.Initialize (708ms)
					TypeCache.ScanAssembly (699ms)
				ResolveRequiredComponents (7ms)
		FinalizeReload (0ms)
			ReleaseScriptCaches (0ms)
			RebuildScriptCaches (0ms)
			SetupLoadedEditorAssemblies (783ms)
				LogAssemblyErrors (0ms)
				InitializePlatformSupportModulesInManaged (60ms)
				SetLoadedEditorAssemblies (10ms)
				RefreshPlugins (0ms)
				BeforeProcessingInitializeOnLoad (244ms)
				ProcessInitializeOnLoadAttributes (408ms)
				ProcessInitializeOnLoadMethodAttributes (55ms)
				AfterProcessingInitializeOnLoad (6ms)
				EditorAssembliesLoaded (0ms)
			ExecutionOrderSort2 (0ms)
			AwakeInstancesAfterBackupRestoration (24ms)
Refreshing native plugins compatible for Editor in 15.28 ms, found 3 plugins.
Preloading 0 native plugins for Editor in 0.00 ms.
Unloading 3161 Unused Serialized files (Serialized files now loaded: 0)
Unloading 36 unused Assets / (43.1 KB). Loaded Objects now: 3657.
Memory consumption went from 491.3 MB to 491.2 MB.
Total: 22.285400 ms (FindLiveObjects: 2.065200 ms CreateObjectMapping: 0.454800 ms MarkObjects: 19.675300 ms  DeleteObjects: 0.088300 ms)

Prepare: number of updated asset objects reloaded= 0
AssetImportParameters requested are different than current active one (requested -> active):
  custom:video-decoder-webm-vp8: 9c59270c3fd7afecdb556c50c9e8de78 -> 
  custom:scripting/monoscript/fileName/Deck.cs: f36d2883c6987ae3e77463cca58cd99c -> d8455be1d3424e6ee8d6a1ac1f4415d9
  custom:scripting/monoscript/fileName/Hand.cs: 600aa4e2d5657c35d8b09240ce8cebfa -> 36b4c1ecc1937af76c4ca5259c4a1605
  custom:scripting/monoscript/fileName/Graveyard.cs: 7644fc3822a8eb20f2e5951f897e81bc -> a08a529da09bf42396aac74294cf3704
  custom:scripting/monoscript/fileName/PassiveStone.cs: fe3585a1177caee5ae96abae07431320 -> 858aab5e8ad0653e1cfcca77b48ef2b5
  custom:SearchIndexIgnoredProperties: e643bd26f0fe6173181afceb89e7c659 -> 
  custom:container-demuxer-ogg: 62fdf1f143b41e24485cea50d1cbac27 -> 
  custom:AudioImporter_EditorPlatform: d09bf68614088b80899f8185d706f6e7 -> 
  custom:scripting/monoscript/fileName/NetworkCommandLine.cs: d9cc881a32ed28ca0cc77cbbd14e5713 -> 668276a459949181cb9b286fe4af2238
  custom:scripting/monoscript/fileName/StoneData.cs: 6f4de7805ae570789825508c26d7b0fc -> 1b75d7bf010079a2f8a3cd6372dbff4f
  custom:scripting/monoscript/fileName/Data.cs: fb65fbe070cd1b17e1b74b3b16407796 -> 
  custom:scripting/monoscript/fileName/State.cs: 3c4e305d480dc47c00ef856d0f01cc78 -> 09f317c33aa1452f7f42fcabc6439458
  custom:scripting/monoscript/fileName/ManaType.cs: 2005902193e3362067921641805e102e -> e32c220b3a100e4fe9d2cb4fef462b99
  custom:video-codec-MediaFoundation-h265: 746d11721c4dcdbdad8f713fa42b33f4 -> 
  custom:scripting/monoscript/fileName/Events.cs: 6faf8901b68bddda9be642afbc6e3ce9 -> 
  custom:scripting/monoscript/fileName/Garnet_Effect_BuffTriggeringATKHP.cs: c32874b8cd5f26e52a5120a2d5ebf3ab -> 30f556785a00d3420ca7a22dd71c839a
  custom:scripting/monoscript/fileName/CardPlaceholder.cs: 1e559d1b67f8b07d60b9b5e7e8a50200 -> 35f3b1d9edee89ec9a585a2563f894b8
  custom:video-decoder-ogg-theora: a1e56fd34408186e4bbccfd4996cb3dc -> 
  custom:scripting/monoscript/fileName/StoneDetail.cs: cc12848b3921b743d7889e3d7d7fbbfb -> 
  custom:scripting/monoscript/fileName/BootstrapManager.cs: 3191d1a593b22a4033509b43191e6b7e -> 
  custom:scripting/monoscript/fileName/BeginningState.cs: 249ced66d757fddc72ea0f3d49ba6e61 -> 9a9b60ca603e03fe3e29ffdb7714df36
  custom:scripting/monoscript/fileName/LoadingDebuff.cs: a6050743f3576cbfa5bc822ff016dcf0 -> ab9b39827169b5bf646f06f0e5305bfd
  custom:scripting/monoscript/fileName/DebugNetworkManager.cs: fed59e193f1ad6465140608120c46044 -> d4cfb2e1af67a243cec6bdbf09b99176
  custom:framework-win-MediaFoundation: 216162199b28c13a410421893ffa2e32 -> 
  custom:scripting/monoscript/fileName/NextButton.cs: c3fca851067bc69e3eb72bc43d2f2d30 -> c80342e254e2d28019dab78aefd7c705
  custom:scripting/monoscript/fileName/CombatState.cs: b3f6e84d66055f14829e107c36d7c47e -> ecce937ee55e97509763de1593ba37c3
  custom:scripting/monoscript/fileName/RpcTest.cs: bd38a9ff335001b26e5fcf45314a1b7b -> f5d629e5abb8c58ba75a86ebe82dd64e
  custom:scripting/monoscript/fileName/CardDetailPositioner.cs: 08109b4a17a779b28f4f49b3ebba0952 -> 
  custom:scripting/monoscript/fileName/BeforeCombatState.cs: 12d70cf4ef893080e159bfb85fab9529 -> 137b2ba2b72a5526a74112ddbe78165d
  custom:video-encoder-webm-vp8: eb34c28f22e8b96e1ab97ce403110664 -> 
  custom:scripting/monoscript/fileName/StatBlock.cs: 7ad1a36c4cdcb05dec29915aef62fc78 -> c0a00578f5a188046bc8240bfc328a99
  custom:scripting/monoscript/fileName/Status.cs: b6877c7bda0a52d6b8e256b48355d5f8 -> f113d7291d0040341f4dd94337ccbd67
  custom:scripting/monoscript/fileName/TriggerStone.cs: fb643b9dfa56413d6abc4f0178c54a3a -> 619b82d3c53163b236d42e6b3f6eae4a
  custom:scripting/monoscript/fileName/Game.cs: c88b4c4f601aa866173af1c0dd50df76 -> 
  custom:audio-decoder-ogg-vorbis: bf7c407c2cedff20999df2af8eb42d56 -> 
  custom:scripting/monoscript/fileName/PlayerData.cs: e920abecb2c1492e3e790e58fe05f9b7 -> 9a60012e0bffbfb901876ce9c15fc0b1
  custom:scripting/monoscript/fileName/SerializableDictionary.cs: 115c360a12c3d0757f4b5a9d786f9cbf -> 680da08406bf60bdd27840bb23095c5e
  custom:scripting/monoscript/fileName/Card.cs: ea3e364ea0fe897126d49cc52a8c1bfe -> a2529a933c4a44e10d4d95cd86a996ee
  custom:scripting/monoscript/fileName/SummoningSickness.cs: 21dd068cd5e56b8288305eba08bc2ac3 -> 
  custom:scripting/monoscript/fileName/Hands.cs: 6db326b1bf2d694a2c4f875a66260877 -> 
  custom:scripting/monoscript/fileName/ColorSetter.cs: c2451230a6564faef6dec278c85e82c6 -> 
  custom:scripting/monoscript/fileName/CardDetail.cs: 3c0bada59fb68f06f6624b5296b9799c -> 
  custom:scripting/monoscript/fileName/BootstrapPlayer.cs: b16acb0502c4323c2638b6ed96e29468 -> 
  custom:container-demuxer-webm: 4f35f7cbe854078d1ac9338744f61a02 -> 
  custom:scripting/monoscript/fileName/GameNotStartedState.cs: 3aabcd7e4d1d64f8a61e4fc5e17b5676 -> b56796f576d2bf84d6eac0ae422cae9c
  custom:scripting/monoscript/fileName/Mana.cs: ed3368cb6bae7acee7c965dd582b17fd -> 2eadd13611c762b9bbb9c0c9e6871db7
  custom:scripting/monoscript/fileName/GameTests.cs: 82a069a6dc633797a6f8215cc4bf047d -> 
  custom:scripting/monoscript/fileName/Player.cs: efb16c3ace29d46291bcdde74a12a31d -> cb6068dc1a4ebf39fb18c84865b68e1e
  custom:scripting/monoscript/fileName/Field.cs: 59e1896053bad3d7457ff2372456dc1c -> 
  custom:scripting/monoscript/fileName/OnGameStateChange.cs: a972f7c37a58e7feb58f330a23c54e46 -> 5a77d8c621834876e7ab28d4b97c3bb8
  custom:audio-encoder-webm-vorbis: bf7c407c2cedff20999df2af8eb42d56 -> 
  custom:scripting/monoscript/fileName/EndState.cs: c95c93f24f53541914fcd4d903f5cff9 -> c9c8fc68c9bfc76876e778c82490dbab
  custom:scripting/monoscript/fileName/EffectStone.cs: c2ba69bd862ae5f2443c4995afd775e8 -> 436476acb310edbe3fc6dab09963beae
  custom:scripting/monoscript/fileName/Drag.cs: 625319d925e170ad378c1f8c2f85d7a3 -> 89398c3c3ad566b9c7522211814f2304
  custom:scripting/monoscript/fileName/Cell.cs: 4f03b1a78533be998be93ab6724fafec -> 0f47ae37b0c38ed31309c64b2801c44b
  custom:scripting/monoscript/fileName/Utilities.cs: 0d7730f71d0fa2e400541145732a7cf0 -> b9974f986d13b0cec396a13a535e3cdd
  custom:scripting/monoscript/fileName/StatBuff.cs: 61a830b8895be0f5163563c9c3981c80 -> 52e68e9434792ae25b8665567bf5a3d6
  custom:scripting/monoscript/fileName/Garnet_Trigger_FriendlyAdjacent.cs: 3c550bff0981c1a415e85c4780698aa2 -> 66bea1a8581bf3ded7fe34398f5553f7
  custom:scripting/monoscript/fileName/Stone.cs: ba45f5e33740c61c8e331fbf39bb070d -> 2932c6faaa75d86fe334f12da17a18ee
  custom:scripting/monoscript/fileName/Singleton.cs: 8f6297df34271fdb1ce2d9607ec6261d -> 90647cc400823b41df847a6cbfc29026
  custom:scripting/monoscript/fileName/AfterCombatState.cs: b263e3bb41aabd2dcc81de202c55d426 -> 4dbc9b98fc865cd04963b6bbb8e47fa5
  custom:container-muxer-webm: aa71ff27fc2769a1b78a27578f13a17b -> 
========================================================================
Received Prepare
Begin MonoManager ReloadAssembly
- Loaded All Assemblies, in  1.640 seconds
Refreshing native plugins compatible for Editor in 6.34 ms, found 3 plugins.
Native extension for WindowsStandalone target not found
Native extension for Android target not found
Native extension for WebGL target not found
Mono: successfully reloaded assembly
- Finished resetting the current domain, in  2.175 seconds
Domain Reload Profiling:
	ReloadAssembly (570ms)
		BeginReloadAssembly (345ms)
			ExecutionOrderSort (0ms)
			DisableScriptedObjects (13ms)
			BackupInstance (0ms)
			ReleaseScriptingObjects (0ms)
			CreateAndSetChildDomain (67ms)
		LoadAllAssembliesAndSetupDomain (1066ms)
			LoadAssemblies (703ms)
			RebuildTransferFunctionScriptingTraits (0ms)
			SetupTypeCache (585ms)
				TypeCache.Initialize (573ms)
					TypeCache.ScanAssembly (553ms)
				ResolveRequiredComponents (11ms)
		FinalizeReload (0ms)
			ReleaseScriptCaches (0ms)
			RebuildScriptCaches (0ms)
			SetupLoadedEditorAssemblies (968ms)
				LogAssemblyErrors (0ms)
				InitializePlatformSupportModulesInManaged (112ms)
				SetLoadedEditorAssemblies (42ms)
				RefreshPlugins (0ms)
				BeforeProcessingInitializeOnLoad (303ms)
				ProcessInitializeOnLoadAttributes (438ms)
				ProcessInitializeOnLoadMethodAttributes (65ms)
				AfterProcessingInitializeOnLoad (7ms)
				EditorAssembliesLoaded (0ms)
			ExecutionOrderSort2 (0ms)
			AwakeInstancesAfterBackupRestoration (17ms)
Refreshing native plugins compatible for Editor in 17.50 ms, found 3 plugins.
Preloading 0 native plugins for Editor in 0.00 ms.
Unloading 3161 Unused Serialized files (Serialized files now loaded: 0)
Unloading 36 unused Assets / (43.1 KB). Loaded Objects now: 3660.
Memory consumption went from 491.3 MB to 491.2 MB.
Total: 7.051700 ms (FindLiveObjects: 0.318200 ms CreateObjectMapping: 0.337400 ms MarkObjects: 6.149100 ms  DeleteObjects: 0.245400 ms)

Prepare: number of updated asset objects reloaded= 0
AssetImportParameters requested are different than current active one (requested -> active):
  custom:video-decoder-webm-vp8: 9c59270c3fd7afecdb556c50c9e8de78 -> 
  custom:scripting/monoscript/fileName/Deck.cs: f36d2883c6987ae3e77463cca58cd99c -> d8455be1d3424e6ee8d6a1ac1f4415d9
  custom:scripting/monoscript/fileName/Hand.cs: 600aa4e2d5657c35d8b09240ce8cebfa -> 36b4c1ecc1937af76c4ca5259c4a1605
  custom:scripting/monoscript/fileName/Graveyard.cs: 7644fc3822a8eb20f2e5951f897e81bc -> a08a529da09bf42396aac74294cf3704
  custom:scripting/monoscript/fileName/PassiveStone.cs: fe3585a1177caee5ae96abae07431320 -> 858aab5e8ad0653e1cfcca77b48ef2b5
  custom:SearchIndexIgnoredProperties: e643bd26f0fe6173181afceb89e7c659 -> 
  custom:container-demuxer-ogg: 62fdf1f143b41e24485cea50d1cbac27 -> 
  custom:AudioImporter_EditorPlatform: d09bf68614088b80899f8185d706f6e7 -> 
  custom:scripting/monoscript/fileName/NetworkCommandLine.cs: d9cc881a32ed28ca0cc77cbbd14e5713 -> 668276a459949181cb9b286fe4af2238
  custom:scripting/monoscript/fileName/StoneData.cs: 6f4de7805ae570789825508c26d7b0fc -> 1b75d7bf010079a2f8a3cd6372dbff4f
  custom:scripting/monoscript/fileName/Data.cs: fb65fbe070cd1b17e1b74b3b16407796 -> 
  custom:scripting/monoscript/fileName/State.cs: 3c4e305d480dc47c00ef856d0f01cc78 -> 09f317c33aa1452f7f42fcabc6439458
  custom:scripting/monoscript/fileName/ManaType.cs: 2005902193e3362067921641805e102e -> e32c220b3a100e4fe9d2cb4fef462b99
  custom:video-codec-MediaFoundation-h265: 746d11721c4dcdbdad8f713fa42b33f4 -> 
  custom:scripting/monoscript/fileName/Events.cs: 6faf8901b68bddda9be642afbc6e3ce9 -> 
  custom:scripting/monoscript/fileName/Garnet_Effect_BuffTriggeringATKHP.cs: c32874b8cd5f26e52a5120a2d5ebf3ab -> 30f556785a00d3420ca7a22dd71c839a
  custom:scripting/monoscript/fileName/CardPlaceholder.cs: 1e559d1b67f8b07d60b9b5e7e8a50200 -> 35f3b1d9edee89ec9a585a2563f894b8
  custom:video-decoder-ogg-theora: a1e56fd34408186e4bbccfd4996cb3dc -> 
  custom:scripting/monoscript/fileName/StoneDetail.cs: cc12848b3921b743d7889e3d7d7fbbfb -> 
  custom:scripting/monoscript/fileName/BootstrapManager.cs: 3191d1a593b22a4033509b43191e6b7e -> 
  custom:scripting/monoscript/fileName/BeginningState.cs: 249ced66d757fddc72ea0f3d49ba6e61 -> 9a9b60ca603e03fe3e29ffdb7714df36
  custom:scripting/monoscript/fileName/LoadingDebuff.cs: a6050743f3576cbfa5bc822ff016dcf0 -> ab9b39827169b5bf646f06f0e5305bfd
  custom:scripting/monoscript/fileName/DebugNetworkManager.cs: fed59e193f1ad6465140608120c46044 -> d4cfb2e1af67a243cec6bdbf09b99176
  custom:framework-win-MediaFoundation: 216162199b28c13a410421893ffa2e32 -> 
  custom:scripting/monoscript/fileName/NextButton.cs: c3fca851067bc69e3eb72bc43d2f2d30 -> c80342e254e2d28019dab78aefd7c705
  custom:scripting/monoscript/fileName/CombatState.cs: b3f6e84d66055f14829e107c36d7c47e -> ecce937ee55e97509763de1593ba37c3
  custom:scripting/monoscript/fileName/RpcTest.cs: bd38a9ff335001b26e5fcf45314a1b7b -> f5d629e5abb8c58ba75a86ebe82dd64e
  custom:scripting/monoscript/fileName/CardDetailPositioner.cs: 08109b4a17a779b28f4f49b3ebba0952 -> 
  custom:scripting/monoscript/fileName/BeforeCombatState.cs: 12d70cf4ef893080e159bfb85fab9529 -> 137b2ba2b72a5526a74112ddbe78165d
  custom:video-encoder-webm-vp8: eb34c28f22e8b96e1ab97ce403110664 -> 
  custom:scripting/monoscript/fileName/StatBlock.cs: 7ad1a36c4cdcb05dec29915aef62fc78 -> c0a00578f5a188046bc8240bfc328a99
  custom:scripting/monoscript/fileName/Status.cs: b6877c7bda0a52d6b8e256b48355d5f8 -> f113d7291d0040341f4dd94337ccbd67
  custom:scripting/monoscript/fileName/TriggerStone.cs: fb643b9dfa56413d6abc4f0178c54a3a -> 619b82d3c53163b236d42e6b3f6eae4a
  custom:scripting/monoscript/fileName/Game.cs: c88b4c4f601aa866173af1c0dd50df76 -> 
  custom:audio-decoder-ogg-vorbis: bf7c407c2cedff20999df2af8eb42d56 -> 
  custom:scripting/monoscript/fileName/PlayerData.cs: e920abecb2c1492e3e790e58fe05f9b7 -> 9a60012e0bffbfb901876ce9c15fc0b1
  custom:scripting/monoscript/fileName/SerializableDictionary.cs: 115c360a12c3d0757f4b5a9d786f9cbf -> 680da08406bf60bdd27840bb23095c5e
  custom:scripting/monoscript/fileName/Card.cs: ea3e364ea0fe897126d49cc52a8c1bfe -> a2529a933c4a44e10d4d95cd86a996ee
  custom:scripting/monoscript/fileName/SummoningSickness.cs: 21dd068cd5e56b8288305eba08bc2ac3 -> 
  custom:scripting/monoscript/fileName/Hands.cs: 6db326b1bf2d694a2c4f875a66260877 -> 
  custom:scripting/monoscript/fileName/ColorSetter.cs: c2451230a6564faef6dec278c85e82c6 -> 
  custom:scripting/monoscript/fileName/CardDetail.cs: 3c0bada59fb68f06f6624b5296b9799c -> 
  custom:scripting/monoscript/fileName/BootstrapPlayer.cs: b16acb0502c4323c2638b6ed96e29468 -> 
  custom:container-demuxer-webm: 4f35f7cbe854078d1ac9338744f61a02 -> 
  custom:scripting/monoscript/fileName/GameNotStartedState.cs: 3aabcd7e4d1d64f8a61e4fc5e17b5676 -> b56796f576d2bf84d6eac0ae422cae9c
  custom:scripting/monoscript/fileName/Mana.cs: ed3368cb6bae7acee7c965dd582b17fd -> 2eadd13611c762b9bbb9c0c9e6871db7
  custom:scripting/monoscript/fileName/GameTests.cs: 82a069a6dc633797a6f8215cc4bf047d -> 
  custom:scripting/monoscript/fileName/Player.cs: efb16c3ace29d46291bcdde74a12a31d -> cb6068dc1a4ebf39fb18c84865b68e1e
  custom:scripting/monoscript/fileName/Field.cs: 59e1896053bad3d7457ff2372456dc1c -> 
  custom:scripting/monoscript/fileName/OnGameStateChange.cs: a972f7c37a58e7feb58f330a23c54e46 -> 5a77d8c621834876e7ab28d4b97c3bb8
  custom:audio-encoder-webm-vorbis: bf7c407c2cedff20999df2af8eb42d56 -> 
  custom:scripting/monoscript/fileName/EndState.cs: c95c93f24f53541914fcd4d903f5cff9 -> c9c8fc68c9bfc76876e778c82490dbab
  custom:scripting/monoscript/fileName/EffectStone.cs: c2ba69bd862ae5f2443c4995afd775e8 -> 436476acb310edbe3fc6dab09963beae
  custom:scripting/monoscript/fileName/Drag.cs: 625319d925e170ad378c1f8c2f85d7a3 -> 89398c3c3ad566b9c7522211814f2304
  custom:scripting/monoscript/fileName/Cell.cs: 4f03b1a78533be998be93ab6724fafec -> 0f47ae37b0c38ed31309c64b2801c44b
  custom:scripting/monoscript/fileName/Utilities.cs: 0d7730f71d0fa2e400541145732a7cf0 -> b9974f986d13b0cec396a13a535e3cdd
  custom:scripting/monoscript/fileName/StatBuff.cs: 61a830b8895be0f5163563c9c3981c80 -> 52e68e9434792ae25b8665567bf5a3d6
  custom:scripting/monoscript/fileName/Garnet_Trigger_FriendlyAdjacent.cs: 3c550bff0981c1a415e85c4780698aa2 -> 66bea1a8581bf3ded7fe34398f5553f7
  custom:scripting/monoscript/fileName/Stone.cs: ba45f5e33740c61c8e331fbf39bb070d -> 2932c6faaa75d86fe334f12da17a18ee
  custom:scripting/monoscript/fileName/Singleton.cs: 8f6297df34271fdb1ce2d9607ec6261d -> 90647cc400823b41df847a6cbfc29026
  custom:scripting/monoscript/fileName/AfterCombatState.cs: b263e3bb41aabd2dcc81de202c55d426 -> 4dbc9b98fc865cd04963b6bbb8e47fa5
  custom:container-muxer-webm: aa71ff27fc2769a1b78a27578f13a17b -> 
========================================================================
Received Prepare
Begin MonoManager ReloadAssembly
- Loaded All Assemblies, in 24.991 seconds
Refreshing native plugins compatible for Editor in 30.00 ms, found 3 plugins.
Native extension for WindowsStandalone target not found
Native extension for Android target not found
Native extension for WebGL target not found
Mono: successfully reloaded assembly
- Finished resetting the current domain, in 51.639 seconds
Domain Reload Profiling:
	ReloadAssembly (12974ms)
		BeginReloadAssembly (12143ms)
			ExecutionOrderSort (0ms)
			DisableScriptedObjects (1131ms)
			BackupInstance (0ms)
			ReleaseScriptingObjects (0ms)
			CreateAndSetChildDomain (3508ms)
		LoadAllAssembliesAndSetupDomain (12019ms)
			LoadAssemblies (10612ms)
			RebuildTransferFunctionScriptingTraits (0ms)
			SetupTypeCache (2048ms)
				TypeCache.Initialize (2014ms)
					TypeCache.ScanAssembly (1978ms)
				ResolveRequiredComponents (14ms)
		FinalizeReload (0ms)
			ReleaseScriptCaches (0ms)
			RebuildScriptCaches (0ms)
			SetupLoadedEditorAssemblies (1789ms)
				LogAssemblyErrors (0ms)
				InitializePlatformSupportModulesInManaged (75ms)
				SetLoadedEditorAssemblies (17ms)
				RefreshPlugins (0ms)
				BeforeProcessingInitializeOnLoad (494ms)
				ProcessInitializeOnLoadAttributes (895ms)
				ProcessInitializeOnLoadMethodAttributes (295ms)
				AfterProcessingInitializeOnLoad (14ms)
				EditorAssembliesLoaded (0ms)
			ExecutionOrderSort2 (0ms)
			AwakeInstancesAfterBackupRestoration (37ms)
Refreshing native plugins compatible for Editor in 17.70 ms, found 3 plugins.
Preloading 0 native plugins for Editor in 0.00 ms.
Unloading 3161 Unused Serialized files (Serialized files now loaded: 0)
Unloading 36 unused Assets / (43.0 KB). Loaded Objects now: 3663.
Memory consumption went from 491.3 MB to 491.2 MB.
Total: 41.414300 ms (FindLiveObjects: 1.722600 ms CreateObjectMapping: 0.356600 ms MarkObjects: 39.168400 ms  DeleteObjects: 0.165100 ms)

Prepare: number of updated asset objects reloaded= 0
AssetImportParameters requested are different than current active one (requested -> active):
  custom:video-decoder-webm-vp8: 9c59270c3fd7afecdb556c50c9e8de78 -> 
  custom:scripting/monoscript/fileName/Deck.cs: f36d2883c6987ae3e77463cca58cd99c -> d8455be1d3424e6ee8d6a1ac1f4415d9
  custom:scripting/monoscript/fileName/Hand.cs: 600aa4e2d5657c35d8b09240ce8cebfa -> 36b4c1ecc1937af76c4ca5259c4a1605
  custom:scripting/monoscript/fileName/Graveyard.cs: 7644fc3822a8eb20f2e5951f897e81bc -> a08a529da09bf42396aac74294cf3704
  custom:scripting/monoscript/fileName/PassiveStone.cs: fe3585a1177caee5ae96abae07431320 -> 858aab5e8ad0653e1cfcca77b48ef2b5
  custom:SearchIndexIgnoredProperties: e643bd26f0fe6173181afceb89e7c659 -> 
  custom:container-demuxer-ogg: 62fdf1f143b41e24485cea50d1cbac27 -> 
  custom:AudioImporter_EditorPlatform: d09bf68614088b80899f8185d706f6e7 -> 
  custom:scripting/monoscript/fileName/NetworkCommandLine.cs: d9cc881a32ed28ca0cc77cbbd14e5713 -> 668276a459949181cb9b286fe4af2238
  custom:scripting/monoscript/fileName/StoneData.cs: 6f4de7805ae570789825508c26d7b0fc -> 1b75d7bf010079a2f8a3cd6372dbff4f
  custom:scripting/monoscript/fileName/Data.cs: fb65fbe070cd1b17e1b74b3b16407796 -> 
  custom:scripting/monoscript/fileName/State.cs: 3c4e305d480dc47c00ef856d0f01cc78 -> 09f317c33aa1452f7f42fcabc6439458
  custom:scripting/monoscript/fileName/ManaType.cs: 2005902193e3362067921641805e102e -> e32c220b3a100e4fe9d2cb4fef462b99
  custom:video-codec-MediaFoundation-h265: 746d11721c4dcdbdad8f713fa42b33f4 -> 
  custom:scripting/monoscript/fileName/Events.cs: 6faf8901b68bddda9be642afbc6e3ce9 -> 
  custom:scripting/monoscript/fileName/Garnet_Effect_BuffTriggeringATKHP.cs: c32874b8cd5f26e52a5120a2d5ebf3ab -> 30f556785a00d3420ca7a22dd71c839a
  custom:scripting/monoscript/fileName/CardPlaceholder.cs: 1e559d1b67f8b07d60b9b5e7e8a50200 -> 35f3b1d9edee89ec9a585a2563f894b8
  custom:video-decoder-ogg-theora: a1e56fd34408186e4bbccfd4996cb3dc -> 
  custom:scripting/monoscript/fileName/StoneDetail.cs: cc12848b3921b743d7889e3d7d7fbbfb -> 
  custom:scripting/monoscript/fileName/BootstrapManager.cs: 3191d1a593b22a4033509b43191e6b7e -> 
  custom:scripting/monoscript/fileName/BeginningState.cs: 249ced66d757fddc72ea0f3d49ba6e61 -> 9a9b60ca603e03fe3e29ffdb7714df36
  custom:scripting/monoscript/fileName/LoadingDebuff.cs: a6050743f3576cbfa5bc822ff016dcf0 -> ab9b39827169b5bf646f06f0e5305bfd
  custom:scripting/monoscript/fileName/DebugNetworkManager.cs: fed59e193f1ad6465140608120c46044 -> d4cfb2e1af67a243cec6bdbf09b99176
  custom:framework-win-MediaFoundation: 216162199b28c13a410421893ffa2e32 -> 
  custom:scripting/monoscript/fileName/NextButton.cs: c3fca851067bc69e3eb72bc43d2f2d30 -> c80342e254e2d28019dab78aefd7c705
  custom:scripting/monoscript/fileName/CombatState.cs: b3f6e84d66055f14829e107c36d7c47e -> ecce937ee55e97509763de1593ba37c3
  custom:scripting/monoscript/fileName/RpcTest.cs: bd38a9ff335001b26e5fcf45314a1b7b -> f5d629e5abb8c58ba75a86ebe82dd64e
  custom:scripting/monoscript/fileName/CardDetailPositioner.cs: 08109b4a17a779b28f4f49b3ebba0952 -> 
  custom:scripting/monoscript/fileName/BeforeCombatState.cs: 12d70cf4ef893080e159bfb85fab9529 -> 137b2ba2b72a5526a74112ddbe78165d
  custom:video-encoder-webm-vp8: eb34c28f22e8b96e1ab97ce403110664 -> 
  custom:scripting/monoscript/fileName/StatBlock.cs: 7ad1a36c4cdcb05dec29915aef62fc78 -> c0a00578f5a188046bc8240bfc328a99
  custom:scripting/monoscript/fileName/Status.cs: b6877c7bda0a52d6b8e256b48355d5f8 -> f113d7291d0040341f4dd94337ccbd67
  custom:scripting/monoscript/fileName/TriggerStone.cs: fb643b9dfa56413d6abc4f0178c54a3a -> 619b82d3c53163b236d42e6b3f6eae4a
  custom:scripting/monoscript/fileName/Game.cs: c88b4c4f601aa866173af1c0dd50df76 -> 
  custom:audio-decoder-ogg-vorbis: bf7c407c2cedff20999df2af8eb42d56 -> 
  custom:scripting/monoscript/fileName/PlayerData.cs: e920abecb2c1492e3e790e58fe05f9b7 -> 9a60012e0bffbfb901876ce9c15fc0b1
  custom:scripting/monoscript/fileName/SerializableDictionary.cs: 115c360a12c3d0757f4b5a9d786f9cbf -> 680da08406bf60bdd27840bb23095c5e
  custom:scripting/monoscript/fileName/Card.cs: ea3e364ea0fe897126d49cc52a8c1bfe -> a2529a933c4a44e10d4d95cd86a996ee
  custom:scripting/monoscript/fileName/SummoningSickness.cs: 21dd068cd5e56b8288305eba08bc2ac3 -> 
  custom:scripting/monoscript/fileName/Hands.cs: 6db326b1bf2d694a2c4f875a66260877 -> 
  custom:scripting/monoscript/fileName/ColorSetter.cs: c2451230a6564faef6dec278c85e82c6 -> 
  custom:scripting/monoscript/fileName/CardDetail.cs: 3c0bada59fb68f06f6624b5296b9799c -> 
  custom:scripting/monoscript/fileName/BootstrapPlayer.cs: b16acb0502c4323c2638b6ed96e29468 -> 
  custom:container-demuxer-webm: 4f35f7cbe854078d1ac9338744f61a02 -> 
  custom:scripting/monoscript/fileName/GameNotStartedState.cs: 3aabcd7e4d1d64f8a61e4fc5e17b5676 -> b56796f576d2bf84d6eac0ae422cae9c
  custom:scripting/monoscript/fileName/Mana.cs: ed3368cb6bae7acee7c965dd582b17fd -> 2eadd13611c762b9bbb9c0c9e6871db7
  custom:scripting/monoscript/fileName/GameTests.cs: 82a069a6dc633797a6f8215cc4bf047d -> 
  custom:scripting/monoscript/fileName/Player.cs: efb16c3ace29d46291bcdde74a12a31d -> cb6068dc1a4ebf39fb18c84865b68e1e
  custom:scripting/monoscript/fileName/Field.cs: 59e1896053bad3d7457ff2372456dc1c -> 
  custom:scripting/monoscript/fileName/OnGameStateChange.cs: a972f7c37a58e7feb58f330a23c54e46 -> 5a77d8c621834876e7ab28d4b97c3bb8
  custom:audio-encoder-webm-vorbis: bf7c407c2cedff20999df2af8eb42d56 -> 
  custom:scripting/monoscript/fileName/EndState.cs: c95c93f24f53541914fcd4d903f5cff9 -> c9c8fc68c9bfc76876e778c82490dbab
  custom:scripting/monoscript/fileName/EffectStone.cs: c2ba69bd862ae5f2443c4995afd775e8 -> 436476acb310edbe3fc6dab09963beae
  custom:scripting/monoscript/fileName/Drag.cs: 625319d925e170ad378c1f8c2f85d7a3 -> 89398c3c3ad566b9c7522211814f2304
  custom:scripting/monoscript/fileName/Cell.cs: 4f03b1a78533be998be93ab6724fafec -> 0f47ae37b0c38ed31309c64b2801c44b
  custom:scripting/monoscript/fileName/Utilities.cs: 0d7730f71d0fa2e400541145732a7cf0 -> b9974f986d13b0cec396a13a535e3cdd
  custom:scripting/monoscript/fileName/StatBuff.cs: 61a830b8895be0f5163563c9c3981c80 -> 52e68e9434792ae25b8665567bf5a3d6
  custom:scripting/monoscript/fileName/Garnet_Trigger_FriendlyAdjacent.cs: 3c550bff0981c1a415e85c4780698aa2 -> 66bea1a8581bf3ded7fe34398f5553f7
  custom:scripting/monoscript/fileName/Stone.cs: ba45f5e33740c61c8e331fbf39bb070d -> 2932c6faaa75d86fe334f12da17a18ee
  custom:scripting/monoscript/fileName/Singleton.cs: 8f6297df34271fdb1ce2d9607ec6261d -> 90647cc400823b41df847a6cbfc29026
  custom:scripting/monoscript/fileName/AfterCombatState.cs: b263e3bb41aabd2dcc81de202c55d426 -> 4dbc9b98fc865cd04963b6bbb8e47fa5
  custom:container-muxer-webm: aa71ff27fc2769a1b78a27578f13a17b -> 
========================================================================
Received Prepare
Begin MonoManager ReloadAssembly
- Loaded All Assemblies, in  2.985 seconds
Refreshing native plugins compatible for Editor in 40.85 ms, found 3 plugins.
Native extension for WindowsStandalone target not found
Native extension for Android target not found
Native extension for WebGL target not found
Mono: successfully reloaded assembly
- Finished resetting the current domain, in  3.956 seconds
Domain Reload Profiling:
	ReloadAssembly (1076ms)
		BeginReloadAssembly (670ms)
			ExecutionOrderSort (0ms)
			DisableScriptedObjects (13ms)
			BackupInstance (0ms)
			ReleaseScriptingObjects (0ms)
			CreateAndSetChildDomain (188ms)
		LoadAllAssembliesAndSetupDomain (1885ms)
			LoadAssemblies (1285ms)
			RebuildTransferFunctionScriptingTraits (0ms)
			SetupTypeCache (904ms)
				TypeCache.Initialize (890ms)
					TypeCache.ScanAssembly (872ms)
				ResolveRequiredComponents (14ms)
		FinalizeReload (0ms)
			ReleaseScriptCaches (0ms)
			RebuildScriptCaches (0ms)
			SetupLoadedEditorAssemblies (1413ms)
				LogAssemblyErrors (0ms)
				InitializePlatformSupportModulesInManaged (96ms)
				SetLoadedEditorAssemblies (19ms)
				RefreshPlugins (0ms)
				BeforeProcessingInitializeOnLoad (354ms)
				ProcessInitializeOnLoadAttributes (812ms)
				ProcessInitializeOnLoadMethodAttributes (126ms)
				AfterProcessingInitializeOnLoad (6ms)
				EditorAssembliesLoaded (0ms)
			ExecutionOrderSort2 (0ms)
			AwakeInstancesAfterBackupRestoration (23ms)
Refreshing native plugins compatible for Editor in 41.48 ms, found 3 plugins.
Preloading 0 native plugins for Editor in 0.00 ms.
Unloading 3161 Unused Serialized files (Serialized files now loaded: 0)
Unloading 36 unused Assets / (43.1 KB). Loaded Objects now: 3666.
Memory consumption went from 491.3 MB to 491.2 MB.
Total: 40.165300 ms (FindLiveObjects: 20.270700 ms CreateObjectMapping: 0.824400 ms MarkObjects: 18.938900 ms  DeleteObjects: 0.128800 ms)

Prepare: number of updated asset objects reloaded= 0
AssetImportParameters requested are different than current active one (requested -> active):
  custom:video-decoder-webm-vp8: 9c59270c3fd7afecdb556c50c9e8de78 -> 
  custom:scripting/monoscript/fileName/Deck.cs: f36d2883c6987ae3e77463cca58cd99c -> d8455be1d3424e6ee8d6a1ac1f4415d9
  custom:scripting/monoscript/fileName/Hand.cs: 600aa4e2d5657c35d8b09240ce8cebfa -> 36b4c1ecc1937af76c4ca5259c4a1605
  custom:scripting/monoscript/fileName/Graveyard.cs: 7644fc3822a8eb20f2e5951f897e81bc -> a08a529da09bf42396aac74294cf3704
  custom:scripting/monoscript/fileName/PassiveStone.cs: fe3585a1177caee5ae96abae07431320 -> 858aab5e8ad0653e1cfcca77b48ef2b5
  custom:SearchIndexIgnoredProperties: e643bd26f0fe6173181afceb89e7c659 -> 
  custom:container-demuxer-ogg: 62fdf1f143b41e24485cea50d1cbac27 -> 
  custom:AudioImporter_EditorPlatform: d09bf68614088b80899f8185d706f6e7 -> 
  custom:scripting/monoscript/fileName/NetworkCommandLine.cs: d9cc881a32ed28ca0cc77cbbd14e5713 -> 668276a459949181cb9b286fe4af2238
  custom:scripting/monoscript/fileName/StoneData.cs: 6f4de7805ae570789825508c26d7b0fc -> 1b75d7bf010079a2f8a3cd6372dbff4f
  custom:scripting/monoscript/fileName/Data.cs: fb65fbe070cd1b17e1b74b3b16407796 -> 
  custom:scripting/monoscript/fileName/State.cs: 3c4e305d480dc47c00ef856d0f01cc78 -> 09f317c33aa1452f7f42fcabc6439458
  custom:scripting/monoscript/fileName/ManaType.cs: 2005902193e3362067921641805e102e -> e32c220b3a100e4fe9d2cb4fef462b99
  custom:video-codec-MediaFoundation-h265: 746d11721c4dcdbdad8f713fa42b33f4 -> 
  custom:scripting/monoscript/fileName/Events.cs: 6faf8901b68bddda9be642afbc6e3ce9 -> 
  custom:scripting/monoscript/fileName/Garnet_Effect_BuffTriggeringATKHP.cs: c32874b8cd5f26e52a5120a2d5ebf3ab -> 30f556785a00d3420ca7a22dd71c839a
  custom:scripting/monoscript/fileName/CardPlaceholder.cs: 1e559d1b67f8b07d60b9b5e7e8a50200 -> 35f3b1d9edee89ec9a585a2563f894b8
  custom:video-decoder-ogg-theora: a1e56fd34408186e4bbccfd4996cb3dc -> 
  custom:scripting/monoscript/fileName/StoneDetail.cs: cc12848b3921b743d7889e3d7d7fbbfb -> 
  custom:scripting/monoscript/fileName/BootstrapManager.cs: 3191d1a593b22a4033509b43191e6b7e -> 
  custom:scripting/monoscript/fileName/BeginningState.cs: 249ced66d757fddc72ea0f3d49ba6e61 -> 9a9b60ca603e03fe3e29ffdb7714df36
  custom:scripting/monoscript/fileName/LoadingDebuff.cs: a6050743f3576cbfa5bc822ff016dcf0 -> ab9b39827169b5bf646f06f0e5305bfd
  custom:scripting/monoscript/fileName/DebugNetworkManager.cs: fed59e193f1ad6465140608120c46044 -> d4cfb2e1af67a243cec6bdbf09b99176
  custom:framework-win-MediaFoundation: 216162199b28c13a410421893ffa2e32 -> 
  custom:scripting/monoscript/fileName/NextButton.cs: c3fca851067bc69e3eb72bc43d2f2d30 -> c80342e254e2d28019dab78aefd7c705
  custom:scripting/monoscript/fileName/CombatState.cs: b3f6e84d66055f14829e107c36d7c47e -> ecce937ee55e97509763de1593ba37c3
  custom:scripting/monoscript/fileName/RpcTest.cs: bd38a9ff335001b26e5fcf45314a1b7b -> f5d629e5abb8c58ba75a86ebe82dd64e
  custom:scripting/monoscript/fileName/CardDetailPositioner.cs: 08109b4a17a779b28f4f49b3ebba0952 -> 
  custom:scripting/monoscript/fileName/BeforeCombatState.cs: 12d70cf4ef893080e159bfb85fab9529 -> 137b2ba2b72a5526a74112ddbe78165d
  custom:video-encoder-webm-vp8: eb34c28f22e8b96e1ab97ce403110664 -> 
  custom:scripting/monoscript/fileName/StatBlock.cs: 7ad1a36c4cdcb05dec29915aef62fc78 -> c0a00578f5a188046bc8240bfc328a99
  custom:scripting/monoscript/fileName/Status.cs: b6877c7bda0a52d6b8e256b48355d5f8 -> f113d7291d0040341f4dd94337ccbd67
  custom:scripting/monoscript/fileName/TriggerStone.cs: fb643b9dfa56413d6abc4f0178c54a3a -> 619b82d3c53163b236d42e6b3f6eae4a
  custom:scripting/monoscript/fileName/Game.cs: c88b4c4f601aa866173af1c0dd50df76 -> 
  custom:audio-decoder-ogg-vorbis: bf7c407c2cedff20999df2af8eb42d56 -> 
  custom:scripting/monoscript/fileName/PlayerData.cs: e920abecb2c1492e3e790e58fe05f9b7 -> 9a60012e0bffbfb901876ce9c15fc0b1
  custom:scripting/monoscript/fileName/SerializableDictionary.cs: 115c360a12c3d0757f4b5a9d786f9cbf -> 680da08406bf60bdd27840bb23095c5e
  custom:scripting/monoscript/fileName/Card.cs: ea3e364ea0fe897126d49cc52a8c1bfe -> a2529a933c4a44e10d4d95cd86a996ee
  custom:scripting/monoscript/fileName/SummoningSickness.cs: 21dd068cd5e56b8288305eba08bc2ac3 -> 
  custom:scripting/monoscript/fileName/Hands.cs: 6db326b1bf2d694a2c4f875a66260877 -> 
  custom:scripting/monoscript/fileName/ColorSetter.cs: c2451230a6564faef6dec278c85e82c6 -> 
  custom:scripting/monoscript/fileName/CardDetail.cs: 3c0bada59fb68f06f6624b5296b9799c -> 
  custom:scripting/monoscript/fileName/BootstrapPlayer.cs: b16acb0502c4323c2638b6ed96e29468 -> 
  custom:container-demuxer-webm: 4f35f7cbe854078d1ac9338744f61a02 -> 
  custom:scripting/monoscript/fileName/GameNotStartedState.cs: 3aabcd7e4d1d64f8a61e4fc5e17b5676 -> b56796f576d2bf84d6eac0ae422cae9c
  custom:scripting/monoscript/fileName/Mana.cs: ed3368cb6bae7acee7c965dd582b17fd -> 2eadd13611c762b9bbb9c0c9e6871db7
  custom:scripting/monoscript/fileName/GameTests.cs: 82a069a6dc633797a6f8215cc4bf047d -> 
  custom:scripting/monoscript/fileName/Player.cs: efb16c3ace29d46291bcdde74a12a31d -> cb6068dc1a4ebf39fb18c84865b68e1e
  custom:scripting/monoscript/fileName/Field.cs: 59e1896053bad3d7457ff2372456dc1c -> 
  custom:scripting/monoscript/fileName/OnGameStateChange.cs: a972f7c37a58e7feb58f330a23c54e46 -> 5a77d8c621834876e7ab28d4b97c3bb8
  custom:audio-encoder-webm-vorbis: bf7c407c2cedff20999df2af8eb42d56 -> 
  custom:scripting/monoscript/fileName/EndState.cs: c95c93f24f53541914fcd4d903f5cff9 -> c9c8fc68c9bfc76876e778c82490dbab
  custom:scripting/monoscript/fileName/EffectStone.cs: c2ba69bd862ae5f2443c4995afd775e8 -> 436476acb310edbe3fc6dab09963beae
  custom:scripting/monoscript/fileName/Drag.cs: 625319d925e170ad378c1f8c2f85d7a3 -> 89398c3c3ad566b9c7522211814f2304
  custom:scripting/monoscript/fileName/Cell.cs: 4f03b1a78533be998be93ab6724fafec -> 0f47ae37b0c38ed31309c64b2801c44b
  custom:scripting/monoscript/fileName/Utilities.cs: 0d7730f71d0fa2e400541145732a7cf0 -> b9974f986d13b0cec396a13a535e3cdd
  custom:scripting/monoscript/fileName/StatBuff.cs: 61a830b8895be0f5163563c9c3981c80 -> 52e68e9434792ae25b8665567bf5a3d6
  custom:scripting/monoscript/fileName/Garnet_Trigger_FriendlyAdjacent.cs: 3c550bff0981c1a415e85c4780698aa2 -> 66bea1a8581bf3ded7fe34398f5553f7
  custom:scripting/monoscript/fileName/Stone.cs: ba45f5e33740c61c8e331fbf39bb070d -> 2932c6faaa75d86fe334f12da17a18ee
  custom:scripting/monoscript/fileName/Singleton.cs: 8f6297df34271fdb1ce2d9607ec6261d -> 90647cc400823b41df847a6cbfc29026
  custom:scripting/monoscript/fileName/AfterCombatState.cs: b263e3bb41aabd2dcc81de202c55d426 -> 4dbc9b98fc865cd04963b6bbb8e47fa5
  custom:container-muxer-webm: aa71ff27fc2769a1b78a27578f13a17b -> 
========================================================================
Received Prepare
Begin MonoManager ReloadAssembly
- Loaded All Assemblies, in  2.562 seconds
Refreshing native plugins compatible for Editor in 13.72 ms, found 3 plugins.
Native extension for WindowsStandalone target not found
Native extension for Android target not found
Native extension for WebGL target not found
Mono: successfully reloaded assembly
- Finished resetting the current domain, in  5.327 seconds
Domain Reload Profiling:
	ReloadAssembly (596ms)
		BeginReloadAssembly (373ms)
			ExecutionOrderSort (0ms)
			DisableScriptedObjects (16ms)
			BackupInstance (0ms)
			ReleaseScriptingObjects (0ms)
			CreateAndSetChildDomain (86ms)
		LoadAllAssembliesAndSetupDomain (1964ms)
			LoadAssemblies (1113ms)
			RebuildTransferFunctionScriptingTraits (0ms)
			SetupTypeCache (1043ms)
				TypeCache.Initialize (1034ms)
					TypeCache.ScanAssembly (1003ms)
				ResolveRequiredComponents (9ms)
		FinalizeReload (0ms)
			ReleaseScriptCaches (0ms)
			RebuildScriptCaches (0ms)
			SetupLoadedEditorAssemblies (2188ms)
				LogAssemblyErrors (0ms)
				InitializePlatformSupportModulesInManaged (99ms)
				SetLoadedEditorAssemblies (29ms)
				RefreshPlugins (0ms)
				BeforeProcessingInitializeOnLoad (727ms)
				ProcessInitializeOnLoadAttributes (1081ms)
				ProcessInitializeOnLoadMethodAttributes (212ms)
				AfterProcessingInitializeOnLoad (37ms)
				EditorAssembliesLoaded (2ms)
			ExecutionOrderSort2 (0ms)
			AwakeInstancesAfterBackupRestoration (32ms)
Refreshing native plugins compatible for Editor in 48.13 ms, found 3 plugins.
Preloading 0 native plugins for Editor in 0.00 ms.
Unloading 3161 Unused Serialized files (Serialized files now loaded: 0)
Unloading 36 unused Assets / (43.0 KB). Loaded Objects now: 3669.
Memory consumption went from 491.3 MB to 491.2 MB.
Total: 8.916000 ms (FindLiveObjects: 0.428500 ms CreateObjectMapping: 0.413600 ms MarkObjects: 7.858400 ms  DeleteObjects: 0.213800 ms)

Prepare: number of updated asset objects reloaded= 0
AssetImportParameters requested are different than current active one (requested -> active):
  custom:video-decoder-webm-vp8: 9c59270c3fd7afecdb556c50c9e8de78 -> 
  custom:scripting/monoscript/fileName/Deck.cs: f36d2883c6987ae3e77463cca58cd99c -> d8455be1d3424e6ee8d6a1ac1f4415d9
  custom:scripting/monoscript/fileName/Hand.cs: 600aa4e2d5657c35d8b09240ce8cebfa -> 36b4c1ecc1937af76c4ca5259c4a1605
  custom:scripting/monoscript/fileName/Graveyard.cs: 7644fc3822a8eb20f2e5951f897e81bc -> a08a529da09bf42396aac74294cf3704
  custom:scripting/monoscript/fileName/PassiveStone.cs: fe3585a1177caee5ae96abae07431320 -> 858aab5e8ad0653e1cfcca77b48ef2b5
  custom:SearchIndexIgnoredProperties: e643bd26f0fe6173181afceb89e7c659 -> 
  custom:container-demuxer-ogg: 62fdf1f143b41e24485cea50d1cbac27 -> 
  custom:AudioImporter_EditorPlatform: d09bf68614088b80899f8185d706f6e7 -> 
  custom:scripting/monoscript/fileName/NetworkCommandLine.cs: d9cc881a32ed28ca0cc77cbbd14e5713 -> 668276a459949181cb9b286fe4af2238
  custom:scripting/monoscript/fileName/StoneData.cs: 6f4de7805ae570789825508c26d7b0fc -> 1b75d7bf010079a2f8a3cd6372dbff4f
  custom:scripting/monoscript/fileName/Data.cs: fb65fbe070cd1b17e1b74b3b16407796 -> 
  custom:scripting/monoscript/fileName/State.cs: 3c4e305d480dc47c00ef856d0f01cc78 -> 09f317c33aa1452f7f42fcabc6439458
  custom:scripting/monoscript/fileName/ManaType.cs: 2005902193e3362067921641805e102e -> e32c220b3a100e4fe9d2cb4fef462b99
  custom:video-codec-MediaFoundation-h265: 746d11721c4dcdbdad8f713fa42b33f4 -> 
  custom:scripting/monoscript/fileName/Events.cs: 6faf8901b68bddda9be642afbc6e3ce9 -> 
  custom:scripting/monoscript/fileName/Garnet_Effect_BuffTriggeringATKHP.cs: c32874b8cd5f26e52a5120a2d5ebf3ab -> 30f556785a00d3420ca7a22dd71c839a
  custom:scripting/monoscript/fileName/CardPlaceholder.cs: 1e559d1b67f8b07d60b9b5e7e8a50200 -> 35f3b1d9edee89ec9a585a2563f894b8
  custom:video-decoder-ogg-theora: a1e56fd34408186e4bbccfd4996cb3dc -> 
  custom:scripting/monoscript/fileName/StoneDetail.cs: cc12848b3921b743d7889e3d7d7fbbfb -> 
  custom:scripting/monoscript/fileName/BootstrapManager.cs: 3191d1a593b22a4033509b43191e6b7e -> 
  custom:scripting/monoscript/fileName/BeginningState.cs: 249ced66d757fddc72ea0f3d49ba6e61 -> 9a9b60ca603e03fe3e29ffdb7714df36
  custom:scripting/monoscript/fileName/LoadingDebuff.cs: a6050743f3576cbfa5bc822ff016dcf0 -> ab9b39827169b5bf646f06f0e5305bfd
  custom:scripting/monoscript/fileName/DebugNetworkManager.cs: fed59e193f1ad6465140608120c46044 -> d4cfb2e1af67a243cec6bdbf09b99176
  custom:framework-win-MediaFoundation: 216162199b28c13a410421893ffa2e32 -> 
  custom:scripting/monoscript/fileName/NextButton.cs: c3fca851067bc69e3eb72bc43d2f2d30 -> c80342e254e2d28019dab78aefd7c705
  custom:scripting/monoscript/fileName/CombatState.cs: b3f6e84d66055f14829e107c36d7c47e -> ecce937ee55e97509763de1593ba37c3
  custom:scripting/monoscript/fileName/RpcTest.cs: bd38a9ff335001b26e5fcf45314a1b7b -> f5d629e5abb8c58ba75a86ebe82dd64e
  custom:scripting/monoscript/fileName/CardDetailPositioner.cs: 08109b4a17a779b28f4f49b3ebba0952 -> 
  custom:scripting/monoscript/fileName/BeforeCombatState.cs: 12d70cf4ef893080e159bfb85fab9529 -> 137b2ba2b72a5526a74112ddbe78165d
  custom:video-encoder-webm-vp8: eb34c28f22e8b96e1ab97ce403110664 -> 
  custom:scripting/monoscript/fileName/StatBlock.cs: 7ad1a36c4cdcb05dec29915aef62fc78 -> c0a00578f5a188046bc8240bfc328a99
  custom:scripting/monoscript/fileName/Status.cs: b6877c7bda0a52d6b8e256b48355d5f8 -> f113d7291d0040341f4dd94337ccbd67
  custom:scripting/monoscript/fileName/TriggerStone.cs: fb643b9dfa56413d6abc4f0178c54a3a -> 619b82d3c53163b236d42e6b3f6eae4a
  custom:scripting/monoscript/fileName/Game.cs: c88b4c4f601aa866173af1c0dd50df76 -> 
  custom:audio-decoder-ogg-vorbis: bf7c407c2cedff20999df2af8eb42d56 -> 
  custom:scripting/monoscript/fileName/PlayerData.cs: e920abecb2c1492e3e790e58fe05f9b7 -> 9a60012e0bffbfb901876ce9c15fc0b1
  custom:scripting/monoscript/fileName/SerializableDictionary.cs: 115c360a12c3d0757f4b5a9d786f9cbf -> 680da08406bf60bdd27840bb23095c5e
  custom:scripting/monoscript/fileName/Card.cs: ea3e364ea0fe897126d49cc52a8c1bfe -> a2529a933c4a44e10d4d95cd86a996ee
  custom:scripting/monoscript/fileName/SummoningSickness.cs: 21dd068cd5e56b8288305eba08bc2ac3 -> 
  custom:scripting/monoscript/fileName/Hands.cs: 6db326b1bf2d694a2c4f875a66260877 -> 
  custom:scripting/monoscript/fileName/ColorSetter.cs: c2451230a6564faef6dec278c85e82c6 -> 
  custom:scripting/monoscript/fileName/CardDetail.cs: 3c0bada59fb68f06f6624b5296b9799c -> 
  custom:scripting/monoscript/fileName/BootstrapPlayer.cs: b16acb0502c4323c2638b6ed96e29468 -> 
  custom:container-demuxer-webm: 4f35f7cbe854078d1ac9338744f61a02 -> 
  custom:scripting/monoscript/fileName/GameNotStartedState.cs: 3aabcd7e4d1d64f8a61e4fc5e17b5676 -> b56796f576d2bf84d6eac0ae422cae9c
  custom:scripting/monoscript/fileName/Mana.cs: ed3368cb6bae7acee7c965dd582b17fd -> 2eadd13611c762b9bbb9c0c9e6871db7
  custom:scripting/monoscript/fileName/GameTests.cs: 82a069a6dc633797a6f8215cc4bf047d -> 
  custom:scripting/monoscript/fileName/Player.cs: efb16c3ace29d46291bcdde74a12a31d -> cb6068dc1a4ebf39fb18c84865b68e1e
  custom:scripting/monoscript/fileName/Field.cs: 59e1896053bad3d7457ff2372456dc1c -> 
  custom:scripting/monoscript/fileName/OnGameStateChange.cs: a972f7c37a58e7feb58f330a23c54e46 -> 5a77d8c621834876e7ab28d4b97c3bb8
  custom:audio-encoder-webm-vorbis: bf7c407c2cedff20999df2af8eb42d56 -> 
  custom:scripting/monoscript/fileName/EndState.cs: c95c93f24f53541914fcd4d903f5cff9 -> c9c8fc68c9bfc76876e778c82490dbab
  custom:scripting/monoscript/fileName/EffectStone.cs: c2ba69bd862ae5f2443c4995afd775e8 -> 436476acb310edbe3fc6dab09963beae
  custom:scripting/monoscript/fileName/Drag.cs: 625319d925e170ad378c1f8c2f85d7a3 -> 89398c3c3ad566b9c7522211814f2304
  custom:scripting/monoscript/fileName/Cell.cs: 4f03b1a78533be998be93ab6724fafec -> 0f47ae37b0c38ed31309c64b2801c44b
  custom:scripting/monoscript/fileName/Utilities.cs: 0d7730f71d0fa2e400541145732a7cf0 -> b9974f986d13b0cec396a13a535e3cdd
  custom:scripting/monoscript/fileName/StatBuff.cs: 61a830b8895be0f5163563c9c3981c80 -> 52e68e9434792ae25b8665567bf5a3d6
  custom:scripting/monoscript/fileName/Garnet_Trigger_FriendlyAdjacent.cs: 3c550bff0981c1a415e85c4780698aa2 -> 66bea1a8581bf3ded7fe34398f5553f7
  custom:scripting/monoscript/fileName/Stone.cs: ba45f5e33740c61c8e331fbf39bb070d -> 2932c6faaa75d86fe334f12da17a18ee
  custom:scripting/monoscript/fileName/Singleton.cs: 8f6297df34271fdb1ce2d9607ec6261d -> 90647cc400823b41df847a6cbfc29026
  custom:scripting/monoscript/fileName/AfterCombatState.cs: b263e3bb41aabd2dcc81de202c55d426 -> 4dbc9b98fc865cd04963b6bbb8e47fa5
  custom:container-muxer-webm: aa71ff27fc2769a1b78a27578f13a17b -> 
========================================================================
Received Prepare
Begin MonoManager ReloadAssembly
- Loaded All Assemblies, in  2.637 seconds
Refreshing native plugins compatible for Editor in 21.32 ms, found 3 plugins.
Native extension for WindowsStandalone target not found
Native extension for Android target not found
Native extension for WebGL target not found
Mono: successfully reloaded assembly
- Finished resetting the current domain, in  3.206 seconds
Domain Reload Profiling:
	ReloadAssembly (947ms)
		BeginReloadAssembly (605ms)
			ExecutionOrderSort (0ms)
			DisableScriptedObjects (23ms)
			BackupInstance (0ms)
			ReleaseScriptingObjects (0ms)
			CreateAndSetChildDomain (214ms)
		LoadAllAssembliesAndSetupDomain (1682ms)
			LoadAssemblies (1162ms)
			RebuildTransferFunctionScriptingTraits (0ms)
			SetupTypeCache (781ms)
				TypeCache.Initialize (766ms)
					TypeCache.ScanAssembly (748ms)
				ResolveRequiredComponents (15ms)
		FinalizeReload (0ms)
			ReleaseScriptCaches (0ms)
			RebuildScriptCaches (0ms)
			SetupLoadedEditorAssemblies (1496ms)
				LogAssemblyErrors (0ms)
				InitializePlatformSupportModulesInManaged (48ms)
				SetLoadedEditorAssemblies (14ms)
				RefreshPlugins (0ms)
				BeforeProcessingInitializeOnLoad (410ms)
				ProcessInitializeOnLoadAttributes (808ms)
				ProcessInitializeOnLoadMethodAttributes (208ms)
				AfterProcessingInitializeOnLoad (8ms)
				EditorAssembliesLoaded (0ms)
			ExecutionOrderSort2 (0ms)
			AwakeInstancesAfterBackupRestoration (30ms)
Refreshing native plugins compatible for Editor in 34.70 ms, found 3 plugins.
Preloading 0 native plugins for Editor in 0.00 ms.
Unloading 3161 Unused Serialized files (Serialized files now loaded: 0)
Unloading 36 unused Assets / (43.0 KB). Loaded Objects now: 3672.
Memory consumption went from 491.3 MB to 491.2 MB.
Total: 34.748900 ms (FindLiveObjects: 4.788900 ms CreateObjectMapping: 1.092600 ms MarkObjects: 28.768300 ms  DeleteObjects: 0.097500 ms)

Prepare: number of updated asset objects reloaded= 0
AssetImportParameters requested are different than current active one (requested -> active):
  custom:video-decoder-webm-vp8: 9c59270c3fd7afecdb556c50c9e8de78 -> 
  custom:scripting/monoscript/fileName/Deck.cs: f36d2883c6987ae3e77463cca58cd99c -> d8455be1d3424e6ee8d6a1ac1f4415d9
  custom:scripting/monoscript/fileName/Hand.cs: 600aa4e2d5657c35d8b09240ce8cebfa -> 36b4c1ecc1937af76c4ca5259c4a1605
  custom:scripting/monoscript/fileName/Graveyard.cs: 7644fc3822a8eb20f2e5951f897e81bc -> a08a529da09bf42396aac74294cf3704
  custom:scripting/monoscript/fileName/PassiveStone.cs: fe3585a1177caee5ae96abae07431320 -> 858aab5e8ad0653e1cfcca77b48ef2b5
  custom:SearchIndexIgnoredProperties: e643bd26f0fe6173181afceb89e7c659 -> 
  custom:container-demuxer-ogg: 62fdf1f143b41e24485cea50d1cbac27 -> 
  custom:AudioImporter_EditorPlatform: d09bf68614088b80899f8185d706f6e7 -> 
  custom:scripting/monoscript/fileName/NetworkCommandLine.cs: d9cc881a32ed28ca0cc77cbbd14e5713 -> 668276a459949181cb9b286fe4af2238
  custom:scripting/monoscript/fileName/StoneData.cs: 6f4de7805ae570789825508c26d7b0fc -> 1b75d7bf010079a2f8a3cd6372dbff4f
  custom:scripting/monoscript/fileName/Data.cs: fb65fbe070cd1b17e1b74b3b16407796 -> 
  custom:scripting/monoscript/fileName/State.cs: 3c4e305d480dc47c00ef856d0f01cc78 -> 09f317c33aa1452f7f42fcabc6439458
  custom:scripting/monoscript/fileName/ManaType.cs: 2005902193e3362067921641805e102e -> e32c220b3a100e4fe9d2cb4fef462b99
  custom:video-codec-MediaFoundation-h265: 746d11721c4dcdbdad8f713fa42b33f4 -> 
  custom:scripting/monoscript/fileName/Events.cs: 6faf8901b68bddda9be642afbc6e3ce9 -> 
  custom:scripting/monoscript/fileName/Garnet_Effect_BuffTriggeringATKHP.cs: c32874b8cd5f26e52a5120a2d5ebf3ab -> 30f556785a00d3420ca7a22dd71c839a
  custom:scripting/monoscript/fileName/CardPlaceholder.cs: 1e559d1b67f8b07d60b9b5e7e8a50200 -> 35f3b1d9edee89ec9a585a2563f894b8
  custom:video-decoder-ogg-theora: a1e56fd34408186e4bbccfd4996cb3dc -> 
  custom:scripting/monoscript/fileName/StoneDetail.cs: cc12848b3921b743d7889e3d7d7fbbfb -> 
  custom:scripting/monoscript/fileName/BootstrapManager.cs: 3191d1a593b22a4033509b43191e6b7e -> 
  custom:scripting/monoscript/fileName/BeginningState.cs: 249ced66d757fddc72ea0f3d49ba6e61 -> 9a9b60ca603e03fe3e29ffdb7714df36
  custom:scripting/monoscript/fileName/LoadingDebuff.cs: a6050743f3576cbfa5bc822ff016dcf0 -> ab9b39827169b5bf646f06f0e5305bfd
  custom:scripting/monoscript/fileName/DebugNetworkManager.cs: fed59e193f1ad6465140608120c46044 -> d4cfb2e1af67a243cec6bdbf09b99176
  custom:framework-win-MediaFoundation: 216162199b28c13a410421893ffa2e32 -> 
  custom:scripting/monoscript/fileName/NextButton.cs: c3fca851067bc69e3eb72bc43d2f2d30 -> c80342e254e2d28019dab78aefd7c705
  custom:scripting/monoscript/fileName/CombatState.cs: b3f6e84d66055f14829e107c36d7c47e -> ecce937ee55e97509763de1593ba37c3
  custom:scripting/monoscript/fileName/RpcTest.cs: bd38a9ff335001b26e5fcf45314a1b7b -> f5d629e5abb8c58ba75a86ebe82dd64e
  custom:scripting/monoscript/fileName/CardDetailPositioner.cs: 08109b4a17a779b28f4f49b3ebba0952 -> 
  custom:scripting/monoscript/fileName/BeforeCombatState.cs: 12d70cf4ef893080e159bfb85fab9529 -> 137b2ba2b72a5526a74112ddbe78165d
  custom:video-encoder-webm-vp8: eb34c28f22e8b96e1ab97ce403110664 -> 
  custom:scripting/monoscript/fileName/StatBlock.cs: 7ad1a36c4cdcb05dec29915aef62fc78 -> c0a00578f5a188046bc8240bfc328a99
  custom:scripting/monoscript/fileName/Status.cs: b6877c7bda0a52d6b8e256b48355d5f8 -> f113d7291d0040341f4dd94337ccbd67
  custom:scripting/monoscript/fileName/TriggerStone.cs: fb643b9dfa56413d6abc4f0178c54a3a -> 619b82d3c53163b236d42e6b3f6eae4a
  custom:scripting/monoscript/fileName/Game.cs: c88b4c4f601aa866173af1c0dd50df76 -> 
  custom:audio-decoder-ogg-vorbis: bf7c407c2cedff20999df2af8eb42d56 -> 
  custom:scripting/monoscript/fileName/PlayerData.cs: e920abecb2c1492e3e790e58fe05f9b7 -> 9a60012e0bffbfb901876ce9c15fc0b1
  custom:scripting/monoscript/fileName/SerializableDictionary.cs: 115c360a12c3d0757f4b5a9d786f9cbf -> 680da08406bf60bdd27840bb23095c5e
  custom:scripting/monoscript/fileName/Card.cs: ea3e364ea0fe897126d49cc52a8c1bfe -> a2529a933c4a44e10d4d95cd86a996ee
  custom:scripting/monoscript/fileName/SummoningSickness.cs: 21dd068cd5e56b8288305eba08bc2ac3 -> 
  custom:scripting/monoscript/fileName/Hands.cs: 6db326b1bf2d694a2c4f875a66260877 -> 
  custom:scripting/monoscript/fileName/ColorSetter.cs: c2451230a6564faef6dec278c85e82c6 -> 
  custom:scripting/monoscript/fileName/CardDetail.cs: 3c0bada59fb68f06f6624b5296b9799c -> 
  custom:scripting/monoscript/fileName/BootstrapPlayer.cs: b16acb0502c4323c2638b6ed96e29468 -> 
  custom:container-demuxer-webm: 4f35f7cbe854078d1ac9338744f61a02 -> 
  custom:scripting/monoscript/fileName/GameNotStartedState.cs: 3aabcd7e4d1d64f8a61e4fc5e17b5676 -> b56796f576d2bf84d6eac0ae422cae9c
  custom:scripting/monoscript/fileName/Mana.cs: ed3368cb6bae7acee7c965dd582b17fd -> 2eadd13611c762b9bbb9c0c9e6871db7
  custom:scripting/monoscript/fileName/GameTests.cs: 82a069a6dc633797a6f8215cc4bf047d -> 
  custom:scripting/monoscript/fileName/Player.cs: efb16c3ace29d46291bcdde74a12a31d -> cb6068dc1a4ebf39fb18c84865b68e1e
  custom:scripting/monoscript/fileName/Field.cs: 59e1896053bad3d7457ff2372456dc1c -> 
  custom:scripting/monoscript/fileName/OnGameStateChange.cs: a972f7c37a58e7feb58f330a23c54e46 -> 5a77d8c621834876e7ab28d4b97c3bb8
  custom:audio-encoder-webm-vorbis: bf7c407c2cedff20999df2af8eb42d56 -> 
  custom:scripting/monoscript/fileName/EndState.cs: c95c93f24f53541914fcd4d903f5cff9 -> c9c8fc68c9bfc76876e778c82490dbab
  custom:scripting/monoscript/fileName/EffectStone.cs: c2ba69bd862ae5f2443c4995afd775e8 -> 436476acb310edbe3fc6dab09963beae
  custom:scripting/monoscript/fileName/Drag.cs: 625319d925e170ad378c1f8c2f85d7a3 -> 89398c3c3ad566b9c7522211814f2304
  custom:scripting/monoscript/fileName/Cell.cs: 4f03b1a78533be998be93ab6724fafec -> 0f47ae37b0c38ed31309c64b2801c44b
  custom:scripting/monoscript/fileName/Utilities.cs: 0d7730f71d0fa2e400541145732a7cf0 -> b9974f986d13b0cec396a13a535e3cdd
  custom:scripting/monoscript/fileName/StatBuff.cs: 61a830b8895be0f5163563c9c3981c80 -> 52e68e9434792ae25b8665567bf5a3d6
  custom:scripting/monoscript/fileName/Garnet_Trigger_FriendlyAdjacent.cs: 3c550bff0981c1a415e85c4780698aa2 -> 66bea1a8581bf3ded7fe34398f5553f7
  custom:scripting/monoscript/fileName/Stone.cs: ba45f5e33740c61c8e331fbf39bb070d -> 2932c6faaa75d86fe334f12da17a18ee
  custom:scripting/monoscript/fileName/Singleton.cs: 8f6297df34271fdb1ce2d9607ec6261d -> 90647cc400823b41df847a6cbfc29026
  custom:scripting/monoscript/fileName/AfterCombatState.cs: b263e3bb41aabd2dcc81de202c55d426 -> 4dbc9b98fc865cd04963b6bbb8e47fa5
  custom:container-muxer-webm: aa71ff27fc2769a1b78a27578f13a17b -> 
