Using pre-set license
Built from '2022.2/staging' branch; Version is '2022.2.10f1 (bcebec703747) revision 12381164'; Using compiler version '192829333'; Build Type 'Release'
OS: 'Windows 10  (10.0.19044) 64bit Core' Language: 'en' Physical Memory: 24496 MB
BatchMode: 1, IsHumanControllingUs: 0, StartBugReporterOnCrash: 0, Is64bit: 1, IsPro: 1

COMMAND LINE ARGUMENTS:
D:\Program Files (x86)\Unity\2022.2.10f1\Editor\Unity.exe
-adb2
-batchMode
-noUpm
-name
AssetImportWorker2
-projectPath
D:/Users/Jax/Documents/Work/Projects/Shards of Abraxas/Shards of Abraxas
-logFile
Logs/AssetImportWorker2.log
-srvPort
56429
Successfully changed project path to: D:/Users/Jax/Documents/Work/Projects/Shards of Abraxas/Shards of Abraxas
D:/Users/Jax/Documents/Work/Projects/Shards of Abraxas/Shards of Abraxas
[UnityMemory] Configuration Parameters - Can be set up in boot.config
    "memorysetup-bucket-allocator-granularity=16"
    "memorysetup-bucket-allocator-bucket-count=8"
    "memorysetup-bucket-allocator-block-size=33554432"
    "memorysetup-bucket-allocator-block-count=8"
    "memorysetup-main-allocator-block-size=16777216"
    "memorysetup-thread-allocator-block-size=16777216"
    "memorysetup-gfx-main-allocator-block-size=16777216"
    "memorysetup-gfx-thread-allocator-block-size=16777216"
    "memorysetup-cache-allocator-block-size=4194304"
    "memorysetup-typetree-allocator-block-size=2097152"
    "memorysetup-profiler-bucket-allocator-granularity=16"
    "memorysetup-profiler-bucket-allocator-bucket-count=8"
    "memorysetup-profiler-bucket-allocator-block-size=33554432"
    "memorysetup-profiler-bucket-allocator-block-count=8"
    "memorysetup-profiler-allocator-block-size=16777216"
    "memorysetup-profiler-editor-allocator-block-size=1048576"
    "memorysetup-temp-allocator-size-main=16777216"
    "memorysetup-job-temp-allocator-block-size=2097152"
    "memorysetup-job-temp-allocator-block-size-background=1048576"
    "memorysetup-job-temp-allocator-reduction-small-platforms=262144"
    "memorysetup-temp-allocator-size-background-worker=32768"
    "memorysetup-temp-allocator-size-job-worker=262144"
    "memorysetup-temp-allocator-size-preload-manager=33554432"
    "memorysetup-temp-allocator-size-nav-mesh-worker=65536"
    "memorysetup-temp-allocator-size-audio-worker=65536"
    "memorysetup-temp-allocator-size-cloud-worker=32768"
    "memorysetup-temp-allocator-size-gi-baking-worker=262144"
    "memorysetup-temp-allocator-size-gfx=262144"
Player connection [60832] Host "[IP] 10.0.0.137 [Port] 0 [Flags] 2 [Guid] 3664562402 [EditorId] 3664562402 [Version] 1048832 [Id] WindowsEditor(7,DESKTOP-ACN6LI9) [Debug] 1 [PackageName] WindowsEditor [ProjectName] Editor" joined multi-casting on [225.0.0.222:54997]...

Player connection [60832] Host "[IP] 10.0.0.137 [Port] 0 [Flags] 2 [Guid] 3664562402 [EditorId] 3664562402 [Version] 1048832 [Id] WindowsEditor(7,DESKTOP-ACN6LI9) [Debug] 1 [PackageName] WindowsEditor [ProjectName] Editor" joined alternative multi-casting on [225.0.0.222:34997]...

Refreshing native plugins compatible for Editor in 434.90 ms, found 3 plugins.
Preloading 0 native plugins for Editor in 0.00 ms.
Initialize engine version: 2022.2.10f1 (bcebec703747)
[Subsystems] Discovering subsystems at path D:/Program Files (x86)/Unity/2022.2.10f1/Editor/Data/Resources/UnitySubsystems
[Subsystems] Discovering subsystems at path D:/Users/Jax/Documents/Work/Projects/Shards of Abraxas/Shards of Abraxas/Assets
GfxDevice: creating device client; threaded=0; jobified=0
Direct3D:
    Version:  Direct3D 11.0 [level 11.1]
    Renderer: NVIDIA GeForce RTX 2060 (ID=0x1f08)
    Vendor:   NVIDIA
    VRAM:     5968 MB
    Driver:   31.0.15.3118
Initialize mono
Mono path[0] = 'D:/Program Files (x86)/Unity/2022.2.10f1/Editor/Data/Managed'
Mono path[1] = 'D:/Program Files (x86)/Unity/2022.2.10f1/Editor/Data/MonoBleedingEdge/lib/mono/unityjit-win32'
Mono config path = 'D:/Program Files (x86)/Unity/2022.2.10f1/Editor/Data/MonoBleedingEdge/etc'
Using monoOptions --debugger-agent=transport=dt_socket,embedding=1,server=y,suspend=n,address=127.0.0.1:56904
Begin MonoManager ReloadAssembly
Registering precompiled unity dll's ...
Register platform support module: D:/Program Files (x86)/Unity/2022.2.10f1/Editor/Data/PlaybackEngines/WebGLSupport/UnityEditor.WebGL.Extensions.dll
Register platform support module: D:/Program Files (x86)/Unity/2022.2.10f1/Editor/Data/PlaybackEngines/AndroidPlayer/UnityEditor.Android.Extensions.dll
Register platform support module: D:/Program Files (x86)/Unity/2022.2.10f1/Editor/Data/PlaybackEngines/WindowsStandaloneSupport/UnityEditor.WindowsStandalone.Extensions.dll
Registered in 0.015955 seconds.
- Loaded All Assemblies, in  1.316 seconds
Native extension for WindowsStandalone target not found
Native extension for Android target not found
Android Extension - Scanning For ADB Devices 1423 ms
Native extension for WebGL target not found
Mono: successfully reloaded assembly
- Finished resetting the current domain, in  2.331 seconds
Domain Reload Profiling:
	ReloadAssembly (697ms)
		BeginReloadAssembly (225ms)
			ExecutionOrderSort (0ms)
			DisableScriptedObjects (0ms)
			BackupInstance (0ms)
			ReleaseScriptingObjects (0ms)
			CreateAndSetChildDomain (1ms)
		LoadAllAssembliesAndSetupDomain (0ms)
			LoadAssemblies (224ms)
			RebuildTransferFunctionScriptingTraits (0ms)
			SetupTypeCache (611ms)
				TypeCache.Initialize (609ms)
					TypeCache.ScanAssembly (606ms)
				ResolveRequiredComponents (1ms)
		FinalizeReload (0ms)
			ReleaseScriptCaches (0ms)
			RebuildScriptCaches (0ms)
			SetupLoadedEditorAssemblies (2193ms)
				LogAssemblyErrors (0ms)
				InitializePlatformSupportModulesInManaged (1635ms)
				SetLoadedEditorAssemblies (10ms)
				RefreshPlugins (0ms)
				BeforeProcessingInitializeOnLoad (2ms)
				ProcessInitializeOnLoadAttributes (344ms)
				ProcessInitializeOnLoadMethodAttributes (201ms)
				AfterProcessingInitializeOnLoad (0ms)
				EditorAssembliesLoaded (0ms)
			ExecutionOrderSort2 (0ms)
			AwakeInstancesAfterBackupRestoration (0ms)
========================================================================
Worker process is ready to serve import requests
Begin MonoManager ReloadAssembly
- Loaded All Assemblies, in  3.507 seconds
Refreshing native plugins compatible for Editor in 14.14 ms, found 3 plugins.
Native extension for WindowsStandalone target not found
Native extension for Android target not found
Native extension for WebGL target not found
Mono: successfully reloaded assembly
- Finished resetting the current domain, in  1.818 seconds
Domain Reload Profiling:
	ReloadAssembly (580ms)
		BeginReloadAssembly (350ms)
			ExecutionOrderSort (0ms)
			DisableScriptedObjects (13ms)
			BackupInstance (0ms)
			ReleaseScriptingObjects (0ms)
			CreateAndSetChildDomain (45ms)
		LoadAllAssembliesAndSetupDomain (2921ms)
			LoadAssemblies (1217ms)
			RebuildTransferFunctionScriptingTraits (0ms)
			SetupTypeCache (1776ms)
				TypeCache.Initialize (1673ms)
					TypeCache.ScanAssembly (1666ms)
				ResolveRequiredComponents (15ms)
		FinalizeReload (0ms)
			ReleaseScriptCaches (0ms)
			RebuildScriptCaches (0ms)
			SetupLoadedEditorAssemblies (1407ms)
				LogAssemblyErrors (0ms)
				InitializePlatformSupportModulesInManaged (61ms)
				SetLoadedEditorAssemblies (17ms)
				RefreshPlugins (0ms)
				BeforeProcessingInitializeOnLoad (286ms)
				ProcessInitializeOnLoadAttributes (903ms)
				ProcessInitializeOnLoadMethodAttributes (129ms)
				AfterProcessingInitializeOnLoad (10ms)
				EditorAssembliesLoaded (1ms)
			ExecutionOrderSort2 (0ms)
			AwakeInstancesAfterBackupRestoration (18ms)
Launched and connected shader compiler UnityShaderCompiler.exe after 0.86 seconds
Refreshing native plugins compatible for Editor in 11.14 ms, found 3 plugins.
Preloading 0 native plugins for Editor in 0.00 ms.
Unloading 3185 Unused Serialized files (Serialized files now loaded: 0)
Unloading 59 unused Assets / (71.6 KB). Loaded Objects now: 3648.
Memory consumption went from 497.3 MB to 497.2 MB.
Total: 12.650800 ms (FindLiveObjects: 0.543600 ms CreateObjectMapping: 0.761700 ms MarkObjects: 11.140800 ms  DeleteObjects: 0.202500 ms)

AssetImportParameters requested are different than current active one (requested -> active):
  custom:video-decoder-webm-vp8: 9c59270c3fd7afecdb556c50c9e8de78 -> 
  custom:scripting/monoscript/fileName/Deck.cs: f36d2883c6987ae3e77463cca58cd99c -> d8455be1d3424e6ee8d6a1ac1f4415d9
  custom:scripting/monoscript/fileName/Hand.cs: 600aa4e2d5657c35d8b09240ce8cebfa -> 36b4c1ecc1937af76c4ca5259c4a1605
  custom:scripting/monoscript/fileName/Graveyard.cs: 7644fc3822a8eb20f2e5951f897e81bc -> a08a529da09bf42396aac74294cf3704
  custom:scripting/monoscript/fileName/PassiveStone.cs: fe3585a1177caee5ae96abae07431320 -> 858aab5e8ad0653e1cfcca77b48ef2b5
  custom:SearchIndexIgnoredProperties: e643bd26f0fe6173181afceb89e7c659 -> 
  custom:container-demuxer-ogg: 62fdf1f143b41e24485cea50d1cbac27 -> 
  custom:AudioImporter_EditorPlatform: d09bf68614088b80899f8185d706f6e7 -> 
  custom:scripting/monoscript/fileName/NetworkCommandLine.cs: d9cc881a32ed28ca0cc77cbbd14e5713 -> 668276a459949181cb9b286fe4af2238
  custom:scripting/monoscript/fileName/StoneData.cs: 6f4de7805ae570789825508c26d7b0fc -> 1b75d7bf010079a2f8a3cd6372dbff4f
  custom:scripting/monoscript/fileName/Data.cs: fb65fbe070cd1b17e1b74b3b16407796 -> 
  custom:scripting/monoscript/fileName/State.cs: 3c4e305d480dc47c00ef856d0f01cc78 -> 09f317c33aa1452f7f42fcabc6439458
  custom:scripting/monoscript/fileName/ManaType.cs: 2005902193e3362067921641805e102e -> e32c220b3a100e4fe9d2cb4fef462b99
  custom:video-codec-MediaFoundation-h265: 746d11721c4dcdbdad8f713fa42b33f4 -> 
  custom:scripting/monoscript/fileName/Events.cs: 6faf8901b68bddda9be642afbc6e3ce9 -> 
  custom:scripting/monoscript/fileName/Garnet_Effect_BuffTriggeringATKHP.cs: c32874b8cd5f26e52a5120a2d5ebf3ab -> 30f556785a00d3420ca7a22dd71c839a
  custom:scripting/monoscript/fileName/CardPlaceholder.cs: 1e559d1b67f8b07d60b9b5e7e8a50200 -> 35f3b1d9edee89ec9a585a2563f894b8
  custom:video-decoder-ogg-theora: a1e56fd34408186e4bbccfd4996cb3dc -> 
  custom:scripting/monoscript/fileName/StoneDetail.cs: cc12848b3921b743d7889e3d7d7fbbfb -> 
  custom:scripting/monoscript/fileName/BootstrapManager.cs: 3191d1a593b22a4033509b43191e6b7e -> 
  custom:scripting/monoscript/fileName/BeginningState.cs: 249ced66d757fddc72ea0f3d49ba6e61 -> 9a9b60ca603e03fe3e29ffdb7714df36
  custom:scripting/monoscript/fileName/LoadingDebuff.cs: a6050743f3576cbfa5bc822ff016dcf0 -> ab9b39827169b5bf646f06f0e5305bfd
  custom:scripting/monoscript/fileName/DebugNetworkManager.cs: fed59e193f1ad6465140608120c46044 -> d4cfb2e1af67a243cec6bdbf09b99176
  custom:framework-win-MediaFoundation: 216162199b28c13a410421893ffa2e32 -> 
  custom:scripting/monoscript/fileName/NextButton.cs: c3fca851067bc69e3eb72bc43d2f2d30 -> c80342e254e2d28019dab78aefd7c705
  custom:scripting/monoscript/fileName/CombatState.cs: b3f6e84d66055f14829e107c36d7c47e -> ecce937ee55e97509763de1593ba37c3
  custom:scripting/monoscript/fileName/RpcTest.cs: bd38a9ff335001b26e5fcf45314a1b7b -> f5d629e5abb8c58ba75a86ebe82dd64e
  custom:scripting/monoscript/fileName/CardDetailPositioner.cs: 08109b4a17a779b28f4f49b3ebba0952 -> 
  custom:scripting/monoscript/fileName/BeforeCombatState.cs: 12d70cf4ef893080e159bfb85fab9529 -> 137b2ba2b72a5526a74112ddbe78165d
  custom:video-encoder-webm-vp8: eb34c28f22e8b96e1ab97ce403110664 -> 
  custom:scripting/monoscript/fileName/StatBlock.cs: 7ad1a36c4cdcb05dec29915aef62fc78 -> c0a00578f5a188046bc8240bfc328a99
  custom:scripting/monoscript/fileName/Status.cs: b6877c7bda0a52d6b8e256b48355d5f8 -> f113d7291d0040341f4dd94337ccbd67
  custom:scripting/monoscript/fileName/TriggerStone.cs: fb643b9dfa56413d6abc4f0178c54a3a -> 619b82d3c53163b236d42e6b3f6eae4a
  custom:scripting/monoscript/fileName/Game.cs: c88b4c4f601aa866173af1c0dd50df76 -> 
  custom:audio-decoder-ogg-vorbis: bf7c407c2cedff20999df2af8eb42d56 -> 
  custom:scripting/monoscript/fileName/PlayerData.cs: e920abecb2c1492e3e790e58fe05f9b7 -> 9a60012e0bffbfb901876ce9c15fc0b1
  custom:scripting/monoscript/fileName/SerializableDictionary.cs: 115c360a12c3d0757f4b5a9d786f9cbf -> 680da08406bf60bdd27840bb23095c5e
  custom:scripting/monoscript/fileName/Card.cs: ea3e364ea0fe897126d49cc52a8c1bfe -> a2529a933c4a44e10d4d95cd86a996ee
  custom:scripting/monoscript/fileName/SummoningSickness.cs: 21dd068cd5e56b8288305eba08bc2ac3 -> 
  custom:scripting/monoscript/fileName/Hands.cs: 6db326b1bf2d694a2c4f875a66260877 -> 
  custom:scripting/monoscript/fileName/ColorSetter.cs: c2451230a6564faef6dec278c85e82c6 -> 
  custom:scripting/monoscript/fileName/CardDetail.cs: 3c0bada59fb68f06f6624b5296b9799c -> 
  custom:scripting/monoscript/fileName/BootstrapPlayer.cs: b16acb0502c4323c2638b6ed96e29468 -> 
  custom:container-demuxer-webm: 4f35f7cbe854078d1ac9338744f61a02 -> 
  custom:scripting/monoscript/fileName/GameNotStartedState.cs: 3aabcd7e4d1d64f8a61e4fc5e17b5676 -> b56796f576d2bf84d6eac0ae422cae9c
  custom:scripting/monoscript/fileName/Mana.cs: ed3368cb6bae7acee7c965dd582b17fd -> 2eadd13611c762b9bbb9c0c9e6871db7
  custom:scripting/monoscript/fileName/GameTests.cs: 82a069a6dc633797a6f8215cc4bf047d -> 
  custom:scripting/monoscript/fileName/Player.cs: efb16c3ace29d46291bcdde74a12a31d -> cb6068dc1a4ebf39fb18c84865b68e1e
  custom:scripting/monoscript/fileName/Field.cs: 59e1896053bad3d7457ff2372456dc1c -> 
  custom:scripting/monoscript/fileName/OnGameStateChange.cs: a972f7c37a58e7feb58f330a23c54e46 -> 5a77d8c621834876e7ab28d4b97c3bb8
  custom:audio-encoder-webm-vorbis: bf7c407c2cedff20999df2af8eb42d56 -> 
  custom:scripting/monoscript/fileName/EndState.cs: c95c93f24f53541914fcd4d903f5cff9 -> c9c8fc68c9bfc76876e778c82490dbab
  custom:scripting/monoscript/fileName/EffectStone.cs: c2ba69bd862ae5f2443c4995afd775e8 -> 436476acb310edbe3fc6dab09963beae
  custom:scripting/monoscript/fileName/Drag.cs: 625319d925e170ad378c1f8c2f85d7a3 -> 89398c3c3ad566b9c7522211814f2304
  custom:scripting/monoscript/fileName/Cell.cs: 4f03b1a78533be998be93ab6724fafec -> 0f47ae37b0c38ed31309c64b2801c44b
  custom:scripting/monoscript/fileName/Utilities.cs: 0d7730f71d0fa2e400541145732a7cf0 -> b9974f986d13b0cec396a13a535e3cdd
  custom:scripting/monoscript/fileName/StatBuff.cs: 61a830b8895be0f5163563c9c3981c80 -> 52e68e9434792ae25b8665567bf5a3d6
  custom:scripting/monoscript/fileName/Garnet_Trigger_FriendlyAdjacent.cs: 3c550bff0981c1a415e85c4780698aa2 -> 66bea1a8581bf3ded7fe34398f5553f7
  custom:scripting/monoscript/fileName/Stone.cs: ba45f5e33740c61c8e331fbf39bb070d -> 2932c6faaa75d86fe334f12da17a18ee
  custom:scripting/monoscript/fileName/Singleton.cs: 8f6297df34271fdb1ce2d9607ec6261d -> 90647cc400823b41df847a6cbfc29026
  custom:scripting/monoscript/fileName/AfterCombatState.cs: b263e3bb41aabd2dcc81de202c55d426 -> 4dbc9b98fc865cd04963b6bbb8e47fa5
  custom:container-muxer-webm: aa71ff27fc2769a1b78a27578f13a17b -> 
========================================================================
Received Prepare
Begin MonoManager ReloadAssembly
- Loaded All Assemblies, in  1.724 seconds
Refreshing native plugins compatible for Editor in 11.85 ms, found 3 plugins.
Native extension for WindowsStandalone target not found
Native extension for Android target not found
Native extension for WebGL target not found
Mono: successfully reloaded assembly
- Finished resetting the current domain, in  3.605 seconds
Domain Reload Profiling:
	ReloadAssembly (531ms)
		BeginReloadAssembly (377ms)
			ExecutionOrderSort (0ms)
			DisableScriptedObjects (14ms)
			BackupInstance (0ms)
			ReleaseScriptingObjects (0ms)
			CreateAndSetChildDomain (82ms)
		LoadAllAssembliesAndSetupDomain (1190ms)
			LoadAssemblies (756ms)
			RebuildTransferFunctionScriptingTraits (0ms)
			SetupTypeCache (661ms)
				TypeCache.Initialize (653ms)
					TypeCache.ScanAssembly (642ms)
				ResolveRequiredComponents (8ms)
		FinalizeReload (0ms)
			ReleaseScriptCaches (0ms)
			RebuildScriptCaches (0ms)
			SetupLoadedEditorAssemblies (1840ms)
				LogAssemblyErrors (0ms)
				InitializePlatformSupportModulesInManaged (48ms)
				SetLoadedEditorAssemblies (16ms)
				RefreshPlugins (0ms)
				BeforeProcessingInitializeOnLoad (530ms)
				ProcessInitializeOnLoadAttributes (966ms)
				ProcessInitializeOnLoadMethodAttributes (261ms)
				AfterProcessingInitializeOnLoad (16ms)
				EditorAssembliesLoaded (2ms)
			ExecutionOrderSort2 (0ms)
			AwakeInstancesAfterBackupRestoration (32ms)
Refreshing native plugins compatible for Editor in 10.91 ms, found 3 plugins.
Preloading 0 native plugins for Editor in 0.00 ms.
Unloading 3161 Unused Serialized files (Serialized files now loaded: 0)
Unloading 36 unused Assets / (44.1 KB). Loaded Objects now: 3651.
Memory consumption went from 491.4 MB to 491.3 MB.
Total: 158.559000 ms (FindLiveObjects: 0.323600 ms CreateObjectMapping: 0.356400 ms MarkObjects: 157.689300 ms  DeleteObjects: 0.188500 ms)

Prepare: number of updated asset objects reloaded= 0
AssetImportParameters requested are different than current active one (requested -> active):
  custom:video-decoder-webm-vp8: 9c59270c3fd7afecdb556c50c9e8de78 -> 
  custom:scripting/monoscript/fileName/Deck.cs: f36d2883c6987ae3e77463cca58cd99c -> d8455be1d3424e6ee8d6a1ac1f4415d9
  custom:scripting/monoscript/fileName/Hand.cs: 600aa4e2d5657c35d8b09240ce8cebfa -> 36b4c1ecc1937af76c4ca5259c4a1605
  custom:scripting/monoscript/fileName/Graveyard.cs: 7644fc3822a8eb20f2e5951f897e81bc -> a08a529da09bf42396aac74294cf3704
  custom:scripting/monoscript/fileName/PassiveStone.cs: fe3585a1177caee5ae96abae07431320 -> 858aab5e8ad0653e1cfcca77b48ef2b5
  custom:SearchIndexIgnoredProperties: e643bd26f0fe6173181afceb89e7c659 -> 
  custom:container-demuxer-ogg: 62fdf1f143b41e24485cea50d1cbac27 -> 
  custom:AudioImporter_EditorPlatform: d09bf68614088b80899f8185d706f6e7 -> 
  custom:scripting/monoscript/fileName/NetworkCommandLine.cs: d9cc881a32ed28ca0cc77cbbd14e5713 -> 668276a459949181cb9b286fe4af2238
  custom:scripting/monoscript/fileName/StoneData.cs: 6f4de7805ae570789825508c26d7b0fc -> 1b75d7bf010079a2f8a3cd6372dbff4f
  custom:scripting/monoscript/fileName/Data.cs: fb65fbe070cd1b17e1b74b3b16407796 -> 
  custom:scripting/monoscript/fileName/State.cs: 3c4e305d480dc47c00ef856d0f01cc78 -> 09f317c33aa1452f7f42fcabc6439458
  custom:scripting/monoscript/fileName/ManaType.cs: 2005902193e3362067921641805e102e -> e32c220b3a100e4fe9d2cb4fef462b99
  custom:video-codec-MediaFoundation-h265: 746d11721c4dcdbdad8f713fa42b33f4 -> 
  custom:scripting/monoscript/fileName/Events.cs: 6faf8901b68bddda9be642afbc6e3ce9 -> 
  custom:scripting/monoscript/fileName/Garnet_Effect_BuffTriggeringATKHP.cs: c32874b8cd5f26e52a5120a2d5ebf3ab -> 30f556785a00d3420ca7a22dd71c839a
  custom:scripting/monoscript/fileName/CardPlaceholder.cs: 1e559d1b67f8b07d60b9b5e7e8a50200 -> 35f3b1d9edee89ec9a585a2563f894b8
  custom:video-decoder-ogg-theora: a1e56fd34408186e4bbccfd4996cb3dc -> 
  custom:scripting/monoscript/fileName/StoneDetail.cs: cc12848b3921b743d7889e3d7d7fbbfb -> 
  custom:scripting/monoscript/fileName/BootstrapManager.cs: 3191d1a593b22a4033509b43191e6b7e -> 
  custom:scripting/monoscript/fileName/BeginningState.cs: 249ced66d757fddc72ea0f3d49ba6e61 -> 9a9b60ca603e03fe3e29ffdb7714df36
  custom:scripting/monoscript/fileName/LoadingDebuff.cs: a6050743f3576cbfa5bc822ff016dcf0 -> ab9b39827169b5bf646f06f0e5305bfd
  custom:scripting/monoscript/fileName/DebugNetworkManager.cs: fed59e193f1ad6465140608120c46044 -> d4cfb2e1af67a243cec6bdbf09b99176
  custom:framework-win-MediaFoundation: 216162199b28c13a410421893ffa2e32 -> 
  custom:scripting/monoscript/fileName/NextButton.cs: c3fca851067bc69e3eb72bc43d2f2d30 -> c80342e254e2d28019dab78aefd7c705
  custom:scripting/monoscript/fileName/CombatState.cs: b3f6e84d66055f14829e107c36d7c47e -> ecce937ee55e97509763de1593ba37c3
  custom:scripting/monoscript/fileName/RpcTest.cs: bd38a9ff335001b26e5fcf45314a1b7b -> f5d629e5abb8c58ba75a86ebe82dd64e
  custom:scripting/monoscript/fileName/CardDetailPositioner.cs: 08109b4a17a779b28f4f49b3ebba0952 -> 
  custom:scripting/monoscript/fileName/BeforeCombatState.cs: 12d70cf4ef893080e159bfb85fab9529 -> 137b2ba2b72a5526a74112ddbe78165d
  custom:video-encoder-webm-vp8: eb34c28f22e8b96e1ab97ce403110664 -> 
  custom:scripting/monoscript/fileName/StatBlock.cs: 7ad1a36c4cdcb05dec29915aef62fc78 -> c0a00578f5a188046bc8240bfc328a99
  custom:scripting/monoscript/fileName/Status.cs: b6877c7bda0a52d6b8e256b48355d5f8 -> f113d7291d0040341f4dd94337ccbd67
  custom:scripting/monoscript/fileName/TriggerStone.cs: fb643b9dfa56413d6abc4f0178c54a3a -> 619b82d3c53163b236d42e6b3f6eae4a
  custom:scripting/monoscript/fileName/Game.cs: c88b4c4f601aa866173af1c0dd50df76 -> 
  custom:audio-decoder-ogg-vorbis: bf7c407c2cedff20999df2af8eb42d56 -> 
  custom:scripting/monoscript/fileName/PlayerData.cs: e920abecb2c1492e3e790e58fe05f9b7 -> 9a60012e0bffbfb901876ce9c15fc0b1
  custom:scripting/monoscript/fileName/SerializableDictionary.cs: 115c360a12c3d0757f4b5a9d786f9cbf -> 680da08406bf60bdd27840bb23095c5e
  custom:scripting/monoscript/fileName/Card.cs: ea3e364ea0fe897126d49cc52a8c1bfe -> a2529a933c4a44e10d4d95cd86a996ee
  custom:scripting/monoscript/fileName/SummoningSickness.cs: 21dd068cd5e56b8288305eba08bc2ac3 -> 
  custom:scripting/monoscript/fileName/Hands.cs: 6db326b1bf2d694a2c4f875a66260877 -> 
  custom:scripting/monoscript/fileName/ColorSetter.cs: c2451230a6564faef6dec278c85e82c6 -> 
  custom:scripting/monoscript/fileName/CardDetail.cs: 3c0bada59fb68f06f6624b5296b9799c -> 
  custom:scripting/monoscript/fileName/BootstrapPlayer.cs: b16acb0502c4323c2638b6ed96e29468 -> 
  custom:container-demuxer-webm: 4f35f7cbe854078d1ac9338744f61a02 -> 
  custom:scripting/monoscript/fileName/GameNotStartedState.cs: 3aabcd7e4d1d64f8a61e4fc5e17b5676 -> b56796f576d2bf84d6eac0ae422cae9c
  custom:scripting/monoscript/fileName/Mana.cs: ed3368cb6bae7acee7c965dd582b17fd -> 2eadd13611c762b9bbb9c0c9e6871db7
  custom:scripting/monoscript/fileName/GameTests.cs: 82a069a6dc633797a6f8215cc4bf047d -> 
  custom:scripting/monoscript/fileName/Player.cs: efb16c3ace29d46291bcdde74a12a31d -> cb6068dc1a4ebf39fb18c84865b68e1e
  custom:scripting/monoscript/fileName/Field.cs: 59e1896053bad3d7457ff2372456dc1c -> 
  custom:scripting/monoscript/fileName/OnGameStateChange.cs: a972f7c37a58e7feb58f330a23c54e46 -> 5a77d8c621834876e7ab28d4b97c3bb8
  custom:audio-encoder-webm-vorbis: bf7c407c2cedff20999df2af8eb42d56 -> 
  custom:scripting/monoscript/fileName/EndState.cs: c95c93f24f53541914fcd4d903f5cff9 -> c9c8fc68c9bfc76876e778c82490dbab
  custom:scripting/monoscript/fileName/EffectStone.cs: c2ba69bd862ae5f2443c4995afd775e8 -> 436476acb310edbe3fc6dab09963beae
  custom:scripting/monoscript/fileName/Drag.cs: 625319d925e170ad378c1f8c2f85d7a3 -> 89398c3c3ad566b9c7522211814f2304
  custom:scripting/monoscript/fileName/Cell.cs: 4f03b1a78533be998be93ab6724fafec -> 0f47ae37b0c38ed31309c64b2801c44b
  custom:scripting/monoscript/fileName/Utilities.cs: 0d7730f71d0fa2e400541145732a7cf0 -> b9974f986d13b0cec396a13a535e3cdd
  custom:scripting/monoscript/fileName/StatBuff.cs: 61a830b8895be0f5163563c9c3981c80 -> 52e68e9434792ae25b8665567bf5a3d6
  custom:scripting/monoscript/fileName/Garnet_Trigger_FriendlyAdjacent.cs: 3c550bff0981c1a415e85c4780698aa2 -> 66bea1a8581bf3ded7fe34398f5553f7
  custom:scripting/monoscript/fileName/Stone.cs: ba45f5e33740c61c8e331fbf39bb070d -> 2932c6faaa75d86fe334f12da17a18ee
  custom:scripting/monoscript/fileName/Singleton.cs: 8f6297df34271fdb1ce2d9607ec6261d -> 90647cc400823b41df847a6cbfc29026
  custom:scripting/monoscript/fileName/AfterCombatState.cs: b263e3bb41aabd2dcc81de202c55d426 -> 4dbc9b98fc865cd04963b6bbb8e47fa5
  custom:container-muxer-webm: aa71ff27fc2769a1b78a27578f13a17b -> 
========================================================================
Received Prepare
Begin MonoManager ReloadAssembly
- Loaded All Assemblies, in  2.794 seconds
Refreshing native plugins compatible for Editor in 22.16 ms, found 3 plugins.
Native extension for WindowsStandalone target not found
Native extension for Android target not found
Native extension for WebGL target not found
Mono: successfully reloaded assembly
- Finished resetting the current domain, in  3.930 seconds
Domain Reload Profiling:
	ReloadAssembly (872ms)
		BeginReloadAssembly (641ms)
			ExecutionOrderSort (0ms)
			DisableScriptedObjects (16ms)
			BackupInstance (0ms)
			ReleaseScriptingObjects (0ms)
			CreateAndSetChildDomain (238ms)
		LoadAllAssembliesAndSetupDomain (1803ms)
			LoadAssemblies (1142ms)
			RebuildTransferFunctionScriptingTraits (0ms)
			SetupTypeCache (970ms)
				TypeCache.Initialize (961ms)
					TypeCache.ScanAssembly (947ms)
				ResolveRequiredComponents (9ms)
		FinalizeReload (0ms)
			ReleaseScriptCaches (0ms)
			RebuildScriptCaches (0ms)
			SetupLoadedEditorAssemblies (2159ms)
				LogAssemblyErrors (0ms)
				InitializePlatformSupportModulesInManaged (67ms)
				SetLoadedEditorAssemblies (26ms)
				RefreshPlugins (0ms)
				BeforeProcessingInitializeOnLoad (554ms)
				ProcessInitializeOnLoadAttributes (1332ms)
				ProcessInitializeOnLoadMethodAttributes (169ms)
				AfterProcessingInitializeOnLoad (10ms)
				EditorAssembliesLoaded (0ms)
			ExecutionOrderSort2 (0ms)
			AwakeInstancesAfterBackupRestoration (83ms)
Refreshing native plugins compatible for Editor in 8.52 ms, found 3 plugins.
Preloading 0 native plugins for Editor in 0.00 ms.
Unloading 3161 Unused Serialized files (Serialized files now loaded: 0)
Unloading 36 unused Assets / (43.0 KB). Loaded Objects now: 3654.
Memory consumption went from 491.0 MB to 491.0 MB.
Total: 70.977000 ms (FindLiveObjects: 0.339600 ms CreateObjectMapping: 0.309400 ms MarkObjects: 70.249100 ms  DeleteObjects: 0.077500 ms)

Prepare: number of updated asset objects reloaded= 0
AssetImportParameters requested are different than current active one (requested -> active):
  custom:video-decoder-webm-vp8: 9c59270c3fd7afecdb556c50c9e8de78 -> 
  custom:scripting/monoscript/fileName/Deck.cs: f36d2883c6987ae3e77463cca58cd99c -> d8455be1d3424e6ee8d6a1ac1f4415d9
  custom:scripting/monoscript/fileName/Hand.cs: 600aa4e2d5657c35d8b09240ce8cebfa -> 36b4c1ecc1937af76c4ca5259c4a1605
  custom:scripting/monoscript/fileName/Graveyard.cs: 7644fc3822a8eb20f2e5951f897e81bc -> a08a529da09bf42396aac74294cf3704
  custom:scripting/monoscript/fileName/PassiveStone.cs: fe3585a1177caee5ae96abae07431320 -> 858aab5e8ad0653e1cfcca77b48ef2b5
  custom:SearchIndexIgnoredProperties: e643bd26f0fe6173181afceb89e7c659 -> 
  custom:container-demuxer-ogg: 62fdf1f143b41e24485cea50d1cbac27 -> 
  custom:AudioImporter_EditorPlatform: d09bf68614088b80899f8185d706f6e7 -> 
  custom:scripting/monoscript/fileName/NetworkCommandLine.cs: d9cc881a32ed28ca0cc77cbbd14e5713 -> 668276a459949181cb9b286fe4af2238
  custom:scripting/monoscript/fileName/StoneData.cs: 6f4de7805ae570789825508c26d7b0fc -> 1b75d7bf010079a2f8a3cd6372dbff4f
  custom:scripting/monoscript/fileName/Data.cs: fb65fbe070cd1b17e1b74b3b16407796 -> 
  custom:scripting/monoscript/fileName/State.cs: 3c4e305d480dc47c00ef856d0f01cc78 -> 09f317c33aa1452f7f42fcabc6439458
  custom:scripting/monoscript/fileName/ManaType.cs: 2005902193e3362067921641805e102e -> e32c220b3a100e4fe9d2cb4fef462b99
  custom:video-codec-MediaFoundation-h265: 746d11721c4dcdbdad8f713fa42b33f4 -> 
  custom:scripting/monoscript/fileName/Events.cs: 6faf8901b68bddda9be642afbc6e3ce9 -> 
  custom:scripting/monoscript/fileName/Garnet_Effect_BuffTriggeringATKHP.cs: c32874b8cd5f26e52a5120a2d5ebf3ab -> 30f556785a00d3420ca7a22dd71c839a
  custom:scripting/monoscript/fileName/CardPlaceholder.cs: 1e559d1b67f8b07d60b9b5e7e8a50200 -> 35f3b1d9edee89ec9a585a2563f894b8
  custom:video-decoder-ogg-theora: a1e56fd34408186e4bbccfd4996cb3dc -> 
  custom:scripting/monoscript/fileName/StoneDetail.cs: cc12848b3921b743d7889e3d7d7fbbfb -> 
  custom:scripting/monoscript/fileName/BootstrapManager.cs: 3191d1a593b22a4033509b43191e6b7e -> 
  custom:scripting/monoscript/fileName/BeginningState.cs: 249ced66d757fddc72ea0f3d49ba6e61 -> 9a9b60ca603e03fe3e29ffdb7714df36
  custom:scripting/monoscript/fileName/LoadingDebuff.cs: a6050743f3576cbfa5bc822ff016dcf0 -> ab9b39827169b5bf646f06f0e5305bfd
  custom:scripting/monoscript/fileName/DebugNetworkManager.cs: fed59e193f1ad6465140608120c46044 -> d4cfb2e1af67a243cec6bdbf09b99176
  custom:framework-win-MediaFoundation: 216162199b28c13a410421893ffa2e32 -> 
  custom:scripting/monoscript/fileName/NextButton.cs: c3fca851067bc69e3eb72bc43d2f2d30 -> c80342e254e2d28019dab78aefd7c705
  custom:scripting/monoscript/fileName/CombatState.cs: b3f6e84d66055f14829e107c36d7c47e -> ecce937ee55e97509763de1593ba37c3
  custom:scripting/monoscript/fileName/RpcTest.cs: bd38a9ff335001b26e5fcf45314a1b7b -> f5d629e5abb8c58ba75a86ebe82dd64e
  custom:scripting/monoscript/fileName/CardDetailPositioner.cs: 08109b4a17a779b28f4f49b3ebba0952 -> 
  custom:scripting/monoscript/fileName/BeforeCombatState.cs: 12d70cf4ef893080e159bfb85fab9529 -> 137b2ba2b72a5526a74112ddbe78165d
  custom:video-encoder-webm-vp8: eb34c28f22e8b96e1ab97ce403110664 -> 
  custom:scripting/monoscript/fileName/StatBlock.cs: 7ad1a36c4cdcb05dec29915aef62fc78 -> c0a00578f5a188046bc8240bfc328a99
  custom:scripting/monoscript/fileName/Status.cs: b6877c7bda0a52d6b8e256b48355d5f8 -> f113d7291d0040341f4dd94337ccbd67
  custom:scripting/monoscript/fileName/TriggerStone.cs: fb643b9dfa56413d6abc4f0178c54a3a -> 619b82d3c53163b236d42e6b3f6eae4a
  custom:scripting/monoscript/fileName/Game.cs: c88b4c4f601aa866173af1c0dd50df76 -> 
  custom:audio-decoder-ogg-vorbis: bf7c407c2cedff20999df2af8eb42d56 -> 
  custom:scripting/monoscript/fileName/PlayerData.cs: e920abecb2c1492e3e790e58fe05f9b7 -> 9a60012e0bffbfb901876ce9c15fc0b1
  custom:scripting/monoscript/fileName/SerializableDictionary.cs: 115c360a12c3d0757f4b5a9d786f9cbf -> 680da08406bf60bdd27840bb23095c5e
  custom:scripting/monoscript/fileName/Card.cs: ea3e364ea0fe897126d49cc52a8c1bfe -> a2529a933c4a44e10d4d95cd86a996ee
  custom:scripting/monoscript/fileName/SummoningSickness.cs: 21dd068cd5e56b8288305eba08bc2ac3 -> 
  custom:scripting/monoscript/fileName/Hands.cs: 6db326b1bf2d694a2c4f875a66260877 -> 
  custom:scripting/monoscript/fileName/ColorSetter.cs: c2451230a6564faef6dec278c85e82c6 -> 
  custom:scripting/monoscript/fileName/CardDetail.cs: 3c0bada59fb68f06f6624b5296b9799c -> 
  custom:scripting/monoscript/fileName/BootstrapPlayer.cs: b16acb0502c4323c2638b6ed96e29468 -> 
  custom:container-demuxer-webm: 4f35f7cbe854078d1ac9338744f61a02 -> 
  custom:scripting/monoscript/fileName/GameNotStartedState.cs: 3aabcd7e4d1d64f8a61e4fc5e17b5676 -> b56796f576d2bf84d6eac0ae422cae9c
  custom:scripting/monoscript/fileName/Mana.cs: ed3368cb6bae7acee7c965dd582b17fd -> 2eadd13611c762b9bbb9c0c9e6871db7
  custom:scripting/monoscript/fileName/GameTests.cs: 82a069a6dc633797a6f8215cc4bf047d -> 
  custom:scripting/monoscript/fileName/Player.cs: efb16c3ace29d46291bcdde74a12a31d -> cb6068dc1a4ebf39fb18c84865b68e1e
  custom:scripting/monoscript/fileName/Field.cs: 59e1896053bad3d7457ff2372456dc1c -> 
  custom:scripting/monoscript/fileName/OnGameStateChange.cs: a972f7c37a58e7feb58f330a23c54e46 -> 5a77d8c621834876e7ab28d4b97c3bb8
  custom:audio-encoder-webm-vorbis: bf7c407c2cedff20999df2af8eb42d56 -> 
  custom:scripting/monoscript/fileName/EndState.cs: c95c93f24f53541914fcd4d903f5cff9 -> c9c8fc68c9bfc76876e778c82490dbab
  custom:scripting/monoscript/fileName/EffectStone.cs: c2ba69bd862ae5f2443c4995afd775e8 -> 436476acb310edbe3fc6dab09963beae
  custom:scripting/monoscript/fileName/Drag.cs: 625319d925e170ad378c1f8c2f85d7a3 -> 89398c3c3ad566b9c7522211814f2304
  custom:scripting/monoscript/fileName/Cell.cs: 4f03b1a78533be998be93ab6724fafec -> 0f47ae37b0c38ed31309c64b2801c44b
  custom:scripting/monoscript/fileName/Utilities.cs: 0d7730f71d0fa2e400541145732a7cf0 -> b9974f986d13b0cec396a13a535e3cdd
  custom:scripting/monoscript/fileName/StatBuff.cs: 61a830b8895be0f5163563c9c3981c80 -> 52e68e9434792ae25b8665567bf5a3d6
  custom:scripting/monoscript/fileName/Garnet_Trigger_FriendlyAdjacent.cs: 3c550bff0981c1a415e85c4780698aa2 -> 66bea1a8581bf3ded7fe34398f5553f7
  custom:scripting/monoscript/fileName/Stone.cs: ba45f5e33740c61c8e331fbf39bb070d -> 2932c6faaa75d86fe334f12da17a18ee
  custom:scripting/monoscript/fileName/Singleton.cs: 8f6297df34271fdb1ce2d9607ec6261d -> 90647cc400823b41df847a6cbfc29026
  custom:scripting/monoscript/fileName/AfterCombatState.cs: b263e3bb41aabd2dcc81de202c55d426 -> 4dbc9b98fc865cd04963b6bbb8e47fa5
  custom:container-muxer-webm: aa71ff27fc2769a1b78a27578f13a17b -> 
