Using pre-set license
Built from '2022.3/release' branch; Version is '2022.3.5f1 (9674261d40ee) revision 9860134'; Using compiler version '192829333'; Build Type 'Release'
OS: 'Windows 10  (10.0.19045) 64bit Core' Language: 'en' Physical Memory: 24496 MB
BatchMode: 1, IsHumanControllingUs: 0, StartBugReporterOnCrash: 0, Is64bit: 1, IsPro: 1

COMMAND LINE ARGUMENTS:
D:\Program Files (x86)\Unity\2022.3.5f1\Editor\Unity.exe
-adb2
-batchMode
-noUpm
-name
AssetImportWorker0
-projectPath
D:/Users/Jax/Documents/Work/Projects/Shards of Abraxas/Shards of Abraxas
-logFile
Logs/AssetImportWorker0.log
-srvPort
63995
Successfully changed project path to: D:/Users/Jax/Documents/Work/Projects/Shards of Abraxas/Shards of Abraxas
D:/Users/Jax/Documents/Work/Projects/Shards of Abraxas/Shards of Abraxas
[UnityMemory] Configuration Parameters - Can be set up in boot.config
    "memorysetup-bucket-allocator-granularity=16"
    "memorysetup-bucket-allocator-bucket-count=8"
    "memorysetup-bucket-allocator-block-size=33554432"
    "memorysetup-bucket-allocator-block-count=8"
    "memorysetup-main-allocator-block-size=16777216"
    "memorysetup-thread-allocator-block-size=16777216"
    "memorysetup-gfx-main-allocator-block-size=16777216"
    "memorysetup-gfx-thread-allocator-block-size=16777216"
    "memorysetup-cache-allocator-block-size=4194304"
    "memorysetup-typetree-allocator-block-size=2097152"
    "memorysetup-profiler-bucket-allocator-granularity=16"
    "memorysetup-profiler-bucket-allocator-bucket-count=8"
    "memorysetup-profiler-bucket-allocator-block-size=33554432"
    "memorysetup-profiler-bucket-allocator-block-count=8"
    "memorysetup-profiler-allocator-block-size=16777216"
    "memorysetup-profiler-editor-allocator-block-size=1048576"
    "memorysetup-temp-allocator-size-main=16777216"
    "memorysetup-job-temp-allocator-block-size=2097152"
    "memorysetup-job-temp-allocator-block-size-background=1048576"
    "memorysetup-job-temp-allocator-reduction-small-platforms=262144"
    "memorysetup-allocator-temp-initial-block-size-main=262144"
    "memorysetup-allocator-temp-initial-block-size-worker=262144"
    "memorysetup-temp-allocator-size-background-worker=32768"
    "memorysetup-temp-allocator-size-job-worker=262144"
    "memorysetup-temp-allocator-size-preload-manager=33554432"
    "memorysetup-temp-allocator-size-nav-mesh-worker=65536"
    "memorysetup-temp-allocator-size-audio-worker=65536"
    "memorysetup-temp-allocator-size-cloud-worker=32768"
    "memorysetup-temp-allocator-size-gi-baking-worker=262144"
    "memorysetup-temp-allocator-size-gfx=262144"
Player connection [5436] Host "[IP] 10.0.0.19 [Port] 0 [Flags] 2 [Guid] 3214474762 [EditorId] 3214474762 [Version] 1048832 [Id] WindowsEditor(7,DESKTOP-ACN6LI9) [Debug] 1 [PackageName] WindowsEditor [ProjectName] Editor" joined multi-casting on [225.0.0.222:54997]...

Player connection [5436] Host "[IP] 10.0.0.19 [Port] 0 [Flags] 2 [Guid] 3214474762 [EditorId] 3214474762 [Version] 1048832 [Id] WindowsEditor(7,DESKTOP-ACN6LI9) [Debug] 1 [PackageName] WindowsEditor [ProjectName] Editor" joined alternative multi-casting on [225.0.0.222:34997]...

Refreshing native plugins compatible for Editor in 34.93 ms, found 3 plugins.
Preloading 0 native plugins for Editor in 0.00 ms.
Initialize engine version: 2022.3.5f1 (9674261d40ee)
[Subsystems] Discovering subsystems at path D:/Program Files (x86)/Unity/2022.3.5f1/Editor/Data/Resources/UnitySubsystems
[Subsystems] Discovering subsystems at path D:/Users/Jax/Documents/Work/Projects/Shards of Abraxas/Shards of Abraxas/Assets
GfxDevice: creating device client; threaded=0; jobified=0
Direct3D:
    Version:  Direct3D 11.0 [level 11.1]
    Renderer: NVIDIA GeForce RTX 2060 (ID=0x1f08)
    Vendor:   NVIDIA
    VRAM:     5954 MB
    Driver:   32.0.15.6603
Initialize mono
Mono path[0] = 'D:/Program Files (x86)/Unity/2022.3.5f1/Editor/Data/Managed'
Mono path[1] = 'D:/Program Files (x86)/Unity/2022.3.5f1/Editor/Data/MonoBleedingEdge/lib/mono/unityjit-win32'
Mono config path = 'D:/Program Files (x86)/Unity/2022.3.5f1/Editor/Data/MonoBleedingEdge/etc'
Using monoOptions --debugger-agent=transport=dt_socket,embedding=1,server=y,suspend=n,address=127.0.0.1:56464
Begin MonoManager ReloadAssembly
Registering precompiled unity dll's ...
Register platform support module: D:/Program Files (x86)/Unity/2022.3.5f1/Editor/Data/PlaybackEngines/WindowsStandaloneSupport/UnityEditor.WindowsStandalone.Extensions.dll
Registered in 0.010023 seconds.
- Loaded All Assemblies, in  0.564 seconds
Native extension for WindowsStandalone target not found
Mono: successfully reloaded assembly
- Finished resetting the current domain, in  0.433 seconds
Domain Reload Profiling: 997ms
	BeginReloadAssembly (169ms)
		ExecutionOrderSort (0ms)
		DisableScriptedObjects (0ms)
		BackupInstance (0ms)
		ReleaseScriptingObjects (0ms)
		CreateAndSetChildDomain (1ms)
	RebuildCommonClasses (49ms)
	RebuildNativeTypeToScriptingClass (19ms)
	initialDomainReloadingComplete (91ms)
	LoadAllAssembliesAndSetupDomain (235ms)
		LoadAssemblies (168ms)
		RebuildTransferFunctionScriptingTraits (0ms)
		AnalyzeDomain (229ms)
			TypeCache.Refresh (228ms)
				TypeCache.ScanAssembly (209ms)
			ScanForSourceGeneratedMonoScriptInfo (0ms)
			ResolveRequiredComponents (1ms)
	FinalizeReload (434ms)
		ReleaseScriptCaches (0ms)
		RebuildScriptCaches (0ms)
		SetupLoadedEditorAssemblies (348ms)
			LogAssemblyErrors (0ms)
			InitializePlatformSupportModulesInManaged (12ms)
			SetLoadedEditorAssemblies (14ms)
			RefreshPlugins (0ms)
			BeforeProcessingInitializeOnLoad (4ms)
			ProcessInitializeOnLoadAttributes (229ms)
			ProcessInitializeOnLoadMethodAttributes (89ms)
			AfterProcessingInitializeOnLoad (0ms)
			EditorAssembliesLoaded (0ms)
		ExecutionOrderSort2 (0ms)
		AwakeInstancesAfterBackupRestoration (0ms)
========================================================================
Worker process is ready to serve import requests
Begin MonoManager ReloadAssembly
Duplicate assembly 'Moq.dll' with different versions detected, using 'Assets/Plugins/Moq/Moq.dll, AssemblyName=Moq, Version=4.18.0.0, Culture=neutral, PublicKeyToken=69f491c39445e920' and ignoring 'Assets/Plugins/Zenject/OptionalExtras/TestFramework/Editor/Moq-Net46/Moq/Moq.dll, AssemblyName=Moq, Version=4.7.99.0, Culture=neutral, PublicKeyToken=69f491c39445e920'.Duplicate assembly 'Castle.Core.dll' with different versions detected, using 'Assets/Plugins/Castle.Core/Castle.Core.dll, AssemblyName=Castle.Core, Version=5.0.0.0, Culture=neutral, PublicKeyToken=407dd0808d44fbdc' and ignoring 'Assets/Plugins/Zenject/OptionalExtras/TestFramework/Editor/Moq-Net46/Moq/Castle.Core.dll, AssemblyName=Castle.Core, Version=4.1.1.0, Culture=neutral, PublicKeyToken=407dd0808d44fbdc'.Symbol file LoadedFromMemory is not a mono symbol file
- Loaded All Assemblies, in  1.551 seconds
Refreshing native plugins compatible for Editor in 12.87 ms, found 3 plugins.
Native extension for WindowsStandalone target not found
Mono: successfully reloaded assembly
- Finished resetting the current domain, in  1.219 seconds
Domain Reload Profiling: 2768ms
	BeginReloadAssembly (275ms)
		ExecutionOrderSort (0ms)
		DisableScriptedObjects (13ms)
		BackupInstance (0ms)
		ReleaseScriptingObjects (0ms)
		CreateAndSetChildDomain (35ms)
	RebuildCommonClasses (63ms)
	RebuildNativeTypeToScriptingClass (19ms)
	initialDomainReloadingComplete (46ms)
	LoadAllAssembliesAndSetupDomain (1144ms)
		LoadAssemblies (684ms)
		RebuildTransferFunctionScriptingTraits (0ms)
		AnalyzeDomain (617ms)
			TypeCache.Refresh (529ms)
				TypeCache.ScanAssembly (494ms)
			ScanForSourceGeneratedMonoScriptInfo (68ms)
			ResolveRequiredComponents (20ms)
	FinalizeReload (1220ms)
		ReleaseScriptCaches (0ms)
		RebuildScriptCaches (0ms)
		SetupLoadedEditorAssemblies (962ms)
			LogAssemblyErrors (0ms)
			InitializePlatformSupportModulesInManaged (7ms)
			SetLoadedEditorAssemblies (7ms)
			RefreshPlugins (0ms)
			BeforeProcessingInitializeOnLoad (233ms)
			ProcessInitializeOnLoadAttributes (577ms)
			ProcessInitializeOnLoadMethodAttributes (133ms)
			AfterProcessingInitializeOnLoad (5ms)
			EditorAssembliesLoaded (0ms)
		ExecutionOrderSort2 (0ms)
		AwakeInstancesAfterBackupRestoration (12ms)
Launched and connected shader compiler UnityShaderCompiler.exe after 0.08 seconds
Refreshing native plugins compatible for Editor in 15.97 ms, found 3 plugins.
Preloading 0 native plugins for Editor in 0.00 ms.
Unloading 6028 Unused Serialized files (Serialized files now loaded: 0)
Unloading 99 unused Assets / (357.3 KB). Loaded Objects now: 6483.
Memory consumption went from 237.4 MB to 237.1 MB.
Total: 10.994700 ms (FindLiveObjects: 0.660700 ms CreateObjectMapping: 0.721400 ms MarkObjects: 9.241600 ms  DeleteObjects: 0.369100 ms)

AssetImportParameters requested are different than current active one (requested -> active):
  custom:container-demuxer-ogg: 62fdf1f143b41e24485cea50d1cbac27 -> 
  custom:video-codec-MediaFoundation-h265: 746d11721c4dcdbdad8f713fa42b33f4 -> 
  custom:video-decoder-ogg-theora: a1e56fd34408186e4bbccfd4996cb3dc -> 
  custom:framework-win-MediaFoundation: 216162199b28c13a410421893ffa2e32 -> 
  custom:container-demuxer-webm: 4f35f7cbe854078d1ac9338744f61a02 -> 
  custom:container-muxer-webm: aa71ff27fc2769a1b78a27578f13a17b -> 
  custom:video-decoder-webm-vp8: 9c59270c3fd7afecdb556c50c9e8de78 -> 
  custom:AudioImporter_EditorPlatform: d09bf68614088b80899f8185d706f6e7 -> 
  custom:video-encoder-webm-vp8: eb34c28f22e8b96e1ab97ce403110664 -> 
  custom:audio-decoder-ogg-vorbis: bf7c407c2cedff20999df2af8eb42d56 -> 
  custom:audio-encoder-webm-vorbis: bf7c407c2cedff20999df2af8eb42d56 -> 
========================================================================
Received Import Request.
  Time since last request: 166416.992713 seconds.
  path: Assets/AbraxasAssets/Resources
  artifactKey: Guid(84ab9e9e2f5c8bd468f17bae57df6005) Importer(815301076,1909f56bfc062723c751e8b465ee728b)
Start importing Assets/AbraxasAssets/Resources using Guid(84ab9e9e2f5c8bd468f17bae57df6005) Importer(815301076,1909f56bfc062723c751e8b465ee728b)  -> (artifact id: '64d98a0e921eb08a7d00ea529bb6389f') in 0.047145 seconds
Number of updated asset objects reloaded before import = 0
Number of asset objects unloaded after import = 0
========================================================================
Received Prepare
Refreshing native plugins compatible for Editor in 16.16 ms, found 3 plugins.
Preloading 0 native plugins for Editor in 0.00 ms.
Unloading 2 Unused Serialized files (Serialized files now loaded: 0)
Unloading 2 unused Assets / (290.7 KB). Loaded Objects now: 6483.
Memory consumption went from 114.4 MB to 114.2 MB.
Total: 8.133900 ms (FindLiveObjects: 0.640400 ms CreateObjectMapping: 0.867700 ms MarkObjects: 6.530200 ms  DeleteObjects: 0.094500 ms)

Prepare: number of updated asset objects reloaded= 0
AssetImportParameters requested are different than current active one (requested -> active):
  custom:container-demuxer-ogg: 62fdf1f143b41e24485cea50d1cbac27 -> 
  custom:video-codec-MediaFoundation-h265: 746d11721c4dcdbdad8f713fa42b33f4 -> 
  custom:video-decoder-ogg-theora: a1e56fd34408186e4bbccfd4996cb3dc -> 
  custom:framework-win-MediaFoundation: 216162199b28c13a410421893ffa2e32 -> 
  custom:CustomObjectIndexerAttribute: a3ef5dd2817f97addfee359851a9dba5 -> 
  custom:container-demuxer-webm: 4f35f7cbe854078d1ac9338744f61a02 -> 
  custom:container-muxer-webm: aa71ff27fc2769a1b78a27578f13a17b -> 
  custom:video-decoder-webm-vp8: 9c59270c3fd7afecdb556c50c9e8de78 -> 
  custom:AudioImporter_EditorPlatform: d09bf68614088b80899f8185d706f6e7 -> 
  custom:video-encoder-webm-vp8: eb34c28f22e8b96e1ab97ce403110664 -> 
  custom:audio-decoder-ogg-vorbis: bf7c407c2cedff20999df2af8eb42d56 -> 
  custom:audio-encoder-webm-vorbis: bf7c407c2cedff20999df2af8eb42d56 -> 
========================================================================
Received Import Request.
  Time since last request: 11.524671 seconds.
  path: Assets/AbraxasAssets/Resources/New Trigger.asset
  artifactKey: Guid(29218826803540245853244ce0aa3b43) Importer(815301076,1909f56bfc062723c751e8b465ee728b)
Start importing Assets/AbraxasAssets/Resources/New Trigger.asset using Guid(29218826803540245853244ce0aa3b43) Importer(815301076,1909f56bfc062723c751e8b465ee728b)  -> (artifact id: 'fb088d9b4f70fd68aa17c3568cb13684') in 0.010640 seconds
Number of updated asset objects reloaded before import = 0
Number of asset objects unloaded after import = 1
========================================================================
Received Prepare
Begin MonoManager ReloadAssembly
Duplicate assembly 'Moq.dll' with different versions detected, using 'Assets/Plugins/Moq/Moq.dll, AssemblyName=Moq, Version=4.18.0.0, Culture=neutral, PublicKeyToken=69f491c39445e920' and ignoring 'Assets/Plugins/Zenject/OptionalExtras/TestFramework/Editor/Moq-Net46/Moq/Moq.dll, AssemblyName=Moq, Version=4.7.99.0, Culture=neutral, PublicKeyToken=69f491c39445e920'.Duplicate assembly 'Castle.Core.dll' with different versions detected, using 'Assets/Plugins/Castle.Core/Castle.Core.dll, AssemblyName=Castle.Core, Version=5.0.0.0, Culture=neutral, PublicKeyToken=407dd0808d44fbdc' and ignoring 'Assets/Plugins/Zenject/OptionalExtras/TestFramework/Editor/Moq-Net46/Moq/Castle.Core.dll, AssemblyName=Castle.Core, Version=4.1.1.0, Culture=neutral, PublicKeyToken=407dd0808d44fbdc'.Symbol file LoadedFromMemory is not a mono symbol file
- Loaded All Assemblies, in  1.844 seconds
Refreshing native plugins compatible for Editor in 12.27 ms, found 3 plugins.
Native extension for WindowsStandalone target not found
Mono: successfully reloaded assembly
- Finished resetting the current domain, in  2.099 seconds
Domain Reload Profiling: 3940ms
	BeginReloadAssembly (462ms)
		ExecutionOrderSort (0ms)
		DisableScriptedObjects (40ms)
		BackupInstance (0ms)
		ReleaseScriptingObjects (0ms)
		CreateAndSetChildDomain (182ms)
	RebuildCommonClasses (58ms)
	RebuildNativeTypeToScriptingClass (22ms)
	initialDomainReloadingComplete (63ms)
	LoadAllAssembliesAndSetupDomain (1235ms)
		LoadAssemblies (817ms)
		RebuildTransferFunctionScriptingTraits (0ms)
		AnalyzeDomain (573ms)
			TypeCache.Refresh (532ms)
				TypeCache.ScanAssembly (494ms)
			ScanForSourceGeneratedMonoScriptInfo (21ms)
			ResolveRequiredComponents (21ms)
	FinalizeReload (2100ms)
		ReleaseScriptCaches (0ms)
		RebuildScriptCaches (0ms)
		SetupLoadedEditorAssemblies (868ms)
			LogAssemblyErrors (0ms)
			InitializePlatformSupportModulesInManaged (11ms)
			SetLoadedEditorAssemblies (14ms)
			RefreshPlugins (0ms)
			BeforeProcessingInitializeOnLoad (223ms)
			ProcessInitializeOnLoadAttributes (499ms)
			ProcessInitializeOnLoadMethodAttributes (115ms)
			AfterProcessingInitializeOnLoad (5ms)
			EditorAssembliesLoaded (1ms)
		ExecutionOrderSort2 (0ms)
		AwakeInstancesAfterBackupRestoration (24ms)
Refreshing native plugins compatible for Editor in 8.98 ms, found 3 plugins.
Preloading 0 native plugins for Editor in 0.00 ms.
Unloading 5856 Unused Serialized files (Serialized files now loaded: 0)
Unloading 59 unused Assets / (327.0 KB). Loaded Objects now: 6490.
Memory consumption went from 205.5 MB to 205.2 MB.
Total: 7.049900 ms (FindLiveObjects: 0.760500 ms CreateObjectMapping: 0.742500 ms MarkObjects: 5.370900 ms  DeleteObjects: 0.174900 ms)

Prepare: number of updated asset objects reloaded= 0
AssetImportParameters requested are different than current active one (requested -> active):
  custom:container-demuxer-ogg: 62fdf1f143b41e24485cea50d1cbac27 -> 
  custom:video-codec-MediaFoundation-h265: 746d11721c4dcdbdad8f713fa42b33f4 -> 
  custom:video-decoder-ogg-theora: a1e56fd34408186e4bbccfd4996cb3dc -> 
  custom:framework-win-MediaFoundation: 216162199b28c13a410421893ffa2e32 -> 
  custom:CustomObjectIndexerAttribute: a3ef5dd2817f97addfee359851a9dba5 -> 
  custom:container-demuxer-webm: 4f35f7cbe854078d1ac9338744f61a02 -> 
  custom:container-muxer-webm: aa71ff27fc2769a1b78a27578f13a17b -> 
  custom:video-decoder-webm-vp8: 9c59270c3fd7afecdb556c50c9e8de78 -> 
  custom:AudioImporter_EditorPlatform: d09bf68614088b80899f8185d706f6e7 -> 
  custom:video-encoder-webm-vp8: eb34c28f22e8b96e1ab97ce403110664 -> 
  custom:audio-decoder-ogg-vorbis: bf7c407c2cedff20999df2af8eb42d56 -> 
  custom:audio-encoder-webm-vorbis: bf7c407c2cedff20999df2af8eb42d56 -> 
========================================================================
Received Import Request.
  Time since last request: 2833.180975 seconds.
  path: Assets/AbraxasAssets/Resources/Decks/RandomDeck.asset
  artifactKey: Guid(d4b1fa7ef2eb29d458bb4069112e8af2) Importer(815301076,1909f56bfc062723c751e8b465ee728b)
Start importing Assets/AbraxasAssets/Resources/Decks/RandomDeck.asset using Guid(d4b1fa7ef2eb29d458bb4069112e8af2) Importer(815301076,1909f56bfc062723c751e8b465ee728b)  -> (artifact id: 'e100d8b7f0b6f91586af1e806a4256d7') in 0.057330 seconds
Number of updated asset objects reloaded before import = 0
Number of asset objects unloaded after import = 15
========================================================================
Received Import Request.
  Time since last request: 3022.071694 seconds.
  path: Assets/AbraxasAssets/Resources/Decks/RandomDeck.asset
  artifactKey: Guid(d4b1fa7ef2eb29d458bb4069112e8af2) Importer(815301076,1909f56bfc062723c751e8b465ee728b)
Start importing Assets/AbraxasAssets/Resources/Decks/RandomDeck.asset using Guid(d4b1fa7ef2eb29d458bb4069112e8af2) Importer(815301076,1909f56bfc062723c751e8b465ee728b)  -> (artifact id: '551f7098297b52be12ed256f0eb743a5') in 0.013294 seconds
Number of updated asset objects reloaded before import = 0
Number of asset objects unloaded after import = 16
========================================================================
Received Import Request.
  Time since last request: 6.195941 seconds.
  path: Assets/AbraxasAssets/Resources/Decks/RandomDeck.asset
  artifactKey: Guid(d4b1fa7ef2eb29d458bb4069112e8af2) Importer(815301076,1909f56bfc062723c751e8b465ee728b)
Start importing Assets/AbraxasAssets/Resources/Decks/RandomDeck.asset using Guid(d4b1fa7ef2eb29d458bb4069112e8af2) Importer(815301076,1909f56bfc062723c751e8b465ee728b)  -> (artifact id: 'b7662dbaf8cd16643730169d04986eb6') in 0.004534 seconds
Number of updated asset objects reloaded before import = 0
Number of asset objects unloaded after import = 17
========================================================================
Received Import Request.
  Time since last request: 357.780194 seconds.
  path: Assets/AbraxasAssets/Resources/Decks/RandomDeck.asset
  artifactKey: Guid(d4b1fa7ef2eb29d458bb4069112e8af2) Importer(815301076,1909f56bfc062723c751e8b465ee728b)
Start importing Assets/AbraxasAssets/Resources/Decks/RandomDeck.asset using Guid(d4b1fa7ef2eb29d458bb4069112e8af2) Importer(815301076,1909f56bfc062723c751e8b465ee728b)  -> (artifact id: '646e83e6f06c1482905d5872173d9278') in 0.007991 seconds
Number of updated asset objects reloaded before import = 0
Number of asset objects unloaded after import = 18
========================================================================
Received Import Request.
  Time since last request: 10.145188 seconds.
  path: Assets/AbraxasAssets/Resources/Decks/RandomDeck.asset
  artifactKey: Guid(d4b1fa7ef2eb29d458bb4069112e8af2) Importer(815301076,1909f56bfc062723c751e8b465ee728b)
Start importing Assets/AbraxasAssets/Resources/Decks/RandomDeck.asset using Guid(d4b1fa7ef2eb29d458bb4069112e8af2) Importer(815301076,1909f56bfc062723c751e8b465ee728b)  -> (artifact id: 'a537e03776a6711149182584632e9155') in 0.005921 seconds
Number of updated asset objects reloaded before import = 0
Number of asset objects unloaded after import = 19
========================================================================
Received Import Request.
  Time since last request: 777.571655 seconds.
  path: Assets/AbraxasAssets/Resources/Decks/RandomDeck.asset
  artifactKey: Guid(d4b1fa7ef2eb29d458bb4069112e8af2) Importer(815301076,1909f56bfc062723c751e8b465ee728b)
Start importing Assets/AbraxasAssets/Resources/Decks/RandomDeck.asset using Guid(d4b1fa7ef2eb29d458bb4069112e8af2) Importer(815301076,1909f56bfc062723c751e8b465ee728b)  -> (artifact id: 'ad732a2f5968f3c80cb918fe7bae2629') in 0.005178 seconds
Number of updated asset objects reloaded before import = 0
Number of asset objects unloaded after import = 20
========================================================================
Received Import Request.
  Time since last request: 5005.669165 seconds.
  path: Assets/AbraxasAssets/Resources/Decks/RandomDeck.asset
  artifactKey: Guid(d4b1fa7ef2eb29d458bb4069112e8af2) Importer(815301076,1909f56bfc062723c751e8b465ee728b)
Start importing Assets/AbraxasAssets/Resources/Decks/RandomDeck.asset using Guid(d4b1fa7ef2eb29d458bb4069112e8af2) Importer(815301076,1909f56bfc062723c751e8b465ee728b)  -> (artifact id: '1e3dfb4ea4fbebf1429bb7dc9fa7e011') in 0.053914 seconds
Number of updated asset objects reloaded before import = 0
Number of asset objects unloaded after import = 21
========================================================================
Received Import Request.
  Time since last request: 8.278018 seconds.
  path: Assets/AbraxasAssets/Resources/Decks/RandomDeck.asset
  artifactKey: Guid(d4b1fa7ef2eb29d458bb4069112e8af2) Importer(815301076,1909f56bfc062723c751e8b465ee728b)
Start importing Assets/AbraxasAssets/Resources/Decks/RandomDeck.asset using Guid(d4b1fa7ef2eb29d458bb4069112e8af2) Importer(815301076,1909f56bfc062723c751e8b465ee728b)  -> (artifact id: '45f8099c54b8eda252e6ab114ea01b68') in 0.006969 seconds
Number of updated asset objects reloaded before import = 0
Number of asset objects unloaded after import = 22
========================================================================
Received Import Request.
  Time since last request: 4.668523 seconds.
  path: Assets/AbraxasAssets/Resources/Decks/RandomDeck.asset
  artifactKey: Guid(d4b1fa7ef2eb29d458bb4069112e8af2) Importer(815301076,1909f56bfc062723c751e8b465ee728b)
Start importing Assets/AbraxasAssets/Resources/Decks/RandomDeck.asset using Guid(d4b1fa7ef2eb29d458bb4069112e8af2) Importer(815301076,1909f56bfc062723c751e8b465ee728b)  -> (artifact id: '21feb481b26c924160d78a1a7f7ca8e3') in 0.005437 seconds
Number of updated asset objects reloaded before import = 0
Number of asset objects unloaded after import = 23
========================================================================
Received Prepare
Refreshing native plugins compatible for Editor in 11.24 ms, found 3 plugins.
Preloading 0 native plugins for Editor in 0.00 ms.
Unloading 2 Unused Serialized files (Serialized files now loaded: 0)
Unloading 2 unused Assets / (290.7 KB). Loaded Objects now: 6490.
Memory consumption went from 114.2 MB to 113.9 MB.
Total: 100.809400 ms (FindLiveObjects: 0.934000 ms CreateObjectMapping: 0.708600 ms MarkObjects: 99.013100 ms  DeleteObjects: 0.151800 ms)

Prepare: number of updated asset objects reloaded= 0
AssetImportParameters requested are different than current active one (requested -> active):
  custom:container-demuxer-ogg: 62fdf1f143b41e24485cea50d1cbac27 -> 
  custom:video-codec-MediaFoundation-h265: 746d11721c4dcdbdad8f713fa42b33f4 -> 
  custom:video-decoder-ogg-theora: a1e56fd34408186e4bbccfd4996cb3dc -> 
  custom:framework-win-MediaFoundation: 216162199b28c13a410421893ffa2e32 -> 
  custom:CustomObjectIndexerAttribute: a3ef5dd2817f97addfee359851a9dba5 -> 
  custom:container-demuxer-webm: 4f35f7cbe854078d1ac9338744f61a02 -> 
  custom:container-muxer-webm: aa71ff27fc2769a1b78a27578f13a17b -> 
  custom:video-decoder-webm-vp8: 9c59270c3fd7afecdb556c50c9e8de78 -> 
  custom:AudioImporter_EditorPlatform: d09bf68614088b80899f8185d706f6e7 -> 
  custom:video-encoder-webm-vp8: eb34c28f22e8b96e1ab97ce403110664 -> 
  custom:audio-decoder-ogg-vorbis: bf7c407c2cedff20999df2af8eb42d56 -> 
  custom:audio-encoder-webm-vorbis: bf7c407c2cedff20999df2af8eb42d56 -> 
========================================================================
Received Import Request.
  Time since last request: 433.467710 seconds.
  path: Assets/AbraxasAssets/Resources/Decks/RandomDeck.asset
  artifactKey: Guid(d4b1fa7ef2eb29d458bb4069112e8af2) Importer(815301076,1909f56bfc062723c751e8b465ee728b)
Start importing Assets/AbraxasAssets/Resources/Decks/RandomDeck.asset using Guid(d4b1fa7ef2eb29d458bb4069112e8af2) Importer(815301076,1909f56bfc062723c751e8b465ee728b)  -> (artifact id: '0dfa29a66a664f6f78b912356f8eba5a') in 0.362343 seconds
Number of updated asset objects reloaded before import = 0
Number of asset objects unloaded after import = 23
========================================================================
Received Prepare
Begin MonoManager ReloadAssembly
Duplicate assembly 'Moq.dll' with different versions detected, using 'Assets/Plugins/Moq/Moq.dll, AssemblyName=Moq, Version=4.18.0.0, Culture=neutral, PublicKeyToken=69f491c39445e920' and ignoring 'Assets/Plugins/Zenject/OptionalExtras/TestFramework/Editor/Moq-Net46/Moq/Moq.dll, AssemblyName=Moq, Version=4.7.99.0, Culture=neutral, PublicKeyToken=69f491c39445e920'.Duplicate assembly 'Castle.Core.dll' with different versions detected, using 'Assets/Plugins/Castle.Core/Castle.Core.dll, AssemblyName=Castle.Core, Version=5.0.0.0, Culture=neutral, PublicKeyToken=407dd0808d44fbdc' and ignoring 'Assets/Plugins/Zenject/OptionalExtras/TestFramework/Editor/Moq-Net46/Moq/Castle.Core.dll, AssemblyName=Castle.Core, Version=4.1.1.0, Culture=neutral, PublicKeyToken=407dd0808d44fbdc'.Symbol file LoadedFromMemory is not a mono symbol file
- Loaded All Assemblies, in 15.739 seconds
Refreshing native plugins compatible for Editor in 9.02 ms, found 3 plugins.
Native extension for WindowsStandalone target not found
Mono: successfully reloaded assembly
- Finished resetting the current domain, in 95.003 seconds
Domain Reload Profiling: 110742ms
	BeginReloadAssembly (1048ms)
		ExecutionOrderSort (0ms)
		DisableScriptedObjects (62ms)
		BackupInstance (0ms)
		ReleaseScriptingObjects (14ms)
		CreateAndSetChildDomain (471ms)
	RebuildCommonClasses (55ms)
	RebuildNativeTypeToScriptingClass (18ms)
	initialDomainReloadingComplete (50ms)
	LoadAllAssembliesAndSetupDomain (14565ms)
		LoadAssemblies (14346ms)
		RebuildTransferFunctionScriptingTraits (0ms)
		AnalyzeDomain (529ms)
			TypeCache.Refresh (510ms)
				TypeCache.ScanAssembly (445ms)
			ScanForSourceGeneratedMonoScriptInfo (1ms)
			ResolveRequiredComponents (19ms)
	FinalizeReload (95005ms)
		ReleaseScriptCaches (0ms)
		RebuildScriptCaches (0ms)
		SetupLoadedEditorAssemblies (7903ms)
			LogAssemblyErrors (0ms)
			InitializePlatformSupportModulesInManaged (6ms)
			SetLoadedEditorAssemblies (7ms)
			RefreshPlugins (0ms)
			BeforeProcessingInitializeOnLoad (3140ms)
			ProcessInitializeOnLoadAttributes (4526ms)
			ProcessInitializeOnLoadMethodAttributes (213ms)
			AfterProcessingInitializeOnLoad (10ms)
			EditorAssembliesLoaded (1ms)
		ExecutionOrderSort2 (0ms)
		AwakeInstancesAfterBackupRestoration (69ms)
Refreshing native plugins compatible for Editor in 57.91 ms, found 3 plugins.
Preloading 0 native plugins for Editor in 0.00 ms.
Unloading 5856 Unused Serialized files (Serialized files now loaded: 0)
Unloading 59 unused Assets / (327.3 KB). Loaded Objects now: 6495.
Memory consumption went from 205.5 MB to 205.2 MB.
Total: 140.711100 ms (FindLiveObjects: 0.844800 ms CreateObjectMapping: 0.779600 ms MarkObjects: 138.842000 ms  DeleteObjects: 0.243300 ms)

Prepare: number of updated asset objects reloaded= 0
AssetImportParameters requested are different than current active one (requested -> active):
  custom:container-demuxer-ogg: 62fdf1f143b41e24485cea50d1cbac27 -> 
  custom:video-codec-MediaFoundation-h265: 746d11721c4dcdbdad8f713fa42b33f4 -> 
  custom:video-decoder-ogg-theora: a1e56fd34408186e4bbccfd4996cb3dc -> 
  custom:framework-win-MediaFoundation: 216162199b28c13a410421893ffa2e32 -> 
  custom:CustomObjectIndexerAttribute: a3ef5dd2817f97addfee359851a9dba5 -> 
  custom:container-demuxer-webm: 4f35f7cbe854078d1ac9338744f61a02 -> 
  custom:container-muxer-webm: aa71ff27fc2769a1b78a27578f13a17b -> 
  custom:video-decoder-webm-vp8: 9c59270c3fd7afecdb556c50c9e8de78 -> 
  custom:AudioImporter_EditorPlatform: d09bf68614088b80899f8185d706f6e7 -> 
  custom:video-encoder-webm-vp8: eb34c28f22e8b96e1ab97ce403110664 -> 
  custom:audio-decoder-ogg-vorbis: bf7c407c2cedff20999df2af8eb42d56 -> 
  custom:audio-encoder-webm-vorbis: bf7c407c2cedff20999df2af8eb42d56 -> 
========================================================================
Received Prepare
Begin MonoManager ReloadAssembly
Duplicate assembly 'Moq.dll' with different versions detected, using 'Assets/Plugins/Moq/Moq.dll, AssemblyName=Moq, Version=4.18.0.0, Culture=neutral, PublicKeyToken=69f491c39445e920' and ignoring 'Assets/Plugins/Zenject/OptionalExtras/TestFramework/Editor/Moq-Net46/Moq/Moq.dll, AssemblyName=Moq, Version=4.7.99.0, Culture=neutral, PublicKeyToken=69f491c39445e920'.Duplicate assembly 'Castle.Core.dll' with different versions detected, using 'Assets/Plugins/Castle.Core/Castle.Core.dll, AssemblyName=Castle.Core, Version=5.0.0.0, Culture=neutral, PublicKeyToken=407dd0808d44fbdc' and ignoring 'Assets/Plugins/Zenject/OptionalExtras/TestFramework/Editor/Moq-Net46/Moq/Castle.Core.dll, AssemblyName=Castle.Core, Version=4.1.1.0, Culture=neutral, PublicKeyToken=407dd0808d44fbdc'.Symbol file LoadedFromMemory is not a mono symbol file
- Loaded All Assemblies, in  8.951 seconds
Refreshing native plugins compatible for Editor in 17.94 ms, found 3 plugins.
Native extension for WindowsStandalone target not found
Mono: successfully reloaded assembly
- Finished resetting the current domain, in 45.253 seconds
Domain Reload Profiling: 54201ms
	BeginReloadAssembly (1200ms)
		ExecutionOrderSort (0ms)
		DisableScriptedObjects (33ms)
		BackupInstance (0ms)
		ReleaseScriptingObjects (0ms)
		CreateAndSetChildDomain (145ms)
	RebuildCommonClasses (121ms)
	RebuildNativeTypeToScriptingClass (27ms)
	initialDomainReloadingComplete (68ms)
	LoadAllAssembliesAndSetupDomain (7531ms)
		LoadAssemblies (7719ms)
		RebuildTransferFunctionScriptingTraits (0ms)
		AnalyzeDomain (765ms)
			TypeCache.Refresh (742ms)
				TypeCache.ScanAssembly (703ms)
			ScanForSourceGeneratedMonoScriptInfo (0ms)
			ResolveRequiredComponents (24ms)
	FinalizeReload (45254ms)
		ReleaseScriptCaches (0ms)
		RebuildScriptCaches (0ms)
		SetupLoadedEditorAssemblies (1165ms)
			LogAssemblyErrors (0ms)
			InitializePlatformSupportModulesInManaged (10ms)
			SetLoadedEditorAssemblies (16ms)
			RefreshPlugins (0ms)
			BeforeProcessingInitializeOnLoad (316ms)
			ProcessInitializeOnLoadAttributes (657ms)
			ProcessInitializeOnLoadMethodAttributes (159ms)
			AfterProcessingInitializeOnLoad (6ms)
			EditorAssembliesLoaded (0ms)
		ExecutionOrderSort2 (0ms)
		AwakeInstancesAfterBackupRestoration (25ms)
Refreshing native plugins compatible for Editor in 15.28 ms, found 3 plugins.
Preloading 0 native plugins for Editor in 0.00 ms.
Unloading 5856 Unused Serialized files (Serialized files now loaded: 0)
Unloading 59 unused Assets / (327.3 KB). Loaded Objects now: 6500.
Memory consumption went from 205.5 MB to 205.2 MB.
Total: 8.358600 ms (FindLiveObjects: 1.033600 ms CreateObjectMapping: 1.428500 ms MarkObjects: 5.710900 ms  DeleteObjects: 0.183700 ms)

Prepare: number of updated asset objects reloaded= 0
AssetImportParameters requested are different than current active one (requested -> active):
  custom:container-demuxer-ogg: 62fdf1f143b41e24485cea50d1cbac27 -> 
  custom:video-codec-MediaFoundation-h265: 746d11721c4dcdbdad8f713fa42b33f4 -> 
  custom:video-decoder-ogg-theora: a1e56fd34408186e4bbccfd4996cb3dc -> 
  custom:framework-win-MediaFoundation: 216162199b28c13a410421893ffa2e32 -> 
  custom:CustomObjectIndexerAttribute: a3ef5dd2817f97addfee359851a9dba5 -> 
  custom:container-demuxer-webm: 4f35f7cbe854078d1ac9338744f61a02 -> 
  custom:container-muxer-webm: aa71ff27fc2769a1b78a27578f13a17b -> 
  custom:video-decoder-webm-vp8: 9c59270c3fd7afecdb556c50c9e8de78 -> 
  custom:AudioImporter_EditorPlatform: d09bf68614088b80899f8185d706f6e7 -> 
  custom:video-encoder-webm-vp8: eb34c28f22e8b96e1ab97ce403110664 -> 
  custom:audio-decoder-ogg-vorbis: bf7c407c2cedff20999df2af8eb42d56 -> 
  custom:audio-encoder-webm-vorbis: bf7c407c2cedff20999df2af8eb42d56 -> 
