Using pre-set license
Built from '2022.3/release' branch; Version is '2022.3.5f1 (9674261d40ee) revision 9860134'; Using compiler version '192829333'; Build Type 'Release'
OS: 'Windows 10  (10.0.19045) 64bit Core' Language: 'en' Physical Memory: 24496 MB
BatchMode: 1, IsHumanControllingUs: 0, StartBugReporterOnCrash: 0, Is64bit: 1, IsPro: 1

COMMAND LINE ARGUMENTS:
D:\Program Files (x86)\Unity\2022.3.5f1\Editor\Unity.exe
-adb2
-batchMode
-noUpm
-name
AssetImportWorker0
-projectPath
D:/Users/Jax/Documents/Work/Projects/Shards of Abraxas/Shards of Abraxas
-logFile
Logs/AssetImportWorker0.log
-srvPort
52516
Successfully changed project path to: D:/Users/Jax/Documents/Work/Projects/Shards of Abraxas/Shards of Abraxas
D:/Users/Jax/Documents/Work/Projects/Shards of Abraxas/Shards of Abraxas
[UnityMemory] Configuration Parameters - Can be set up in boot.config
    "memorysetup-bucket-allocator-granularity=16"
    "memorysetup-bucket-allocator-bucket-count=8"
    "memorysetup-bucket-allocator-block-size=33554432"
    "memorysetup-bucket-allocator-block-count=8"
    "memorysetup-main-allocator-block-size=16777216"
    "memorysetup-thread-allocator-block-size=16777216"
    "memorysetup-gfx-main-allocator-block-size=16777216"
    "memorysetup-gfx-thread-allocator-block-size=16777216"
    "memorysetup-cache-allocator-block-size=4194304"
    "memorysetup-typetree-allocator-block-size=2097152"
    "memorysetup-profiler-bucket-allocator-granularity=16"
    "memorysetup-profiler-bucket-allocator-bucket-count=8"
    "memorysetup-profiler-bucket-allocator-block-size=33554432"
    "memorysetup-profiler-bucket-allocator-block-count=8"
    "memorysetup-profiler-allocator-block-size=16777216"
    "memorysetup-profiler-editor-allocator-block-size=1048576"
    "memorysetup-temp-allocator-size-main=16777216"
    "memorysetup-job-temp-allocator-block-size=2097152"
    "memorysetup-job-temp-allocator-block-size-background=1048576"
    "memorysetup-job-temp-allocator-reduction-small-platforms=262144"
    "memorysetup-allocator-temp-initial-block-size-main=262144"
    "memorysetup-allocator-temp-initial-block-size-worker=262144"
    "memorysetup-temp-allocator-size-background-worker=32768"
    "memorysetup-temp-allocator-size-job-worker=262144"
    "memorysetup-temp-allocator-size-preload-manager=33554432"
    "memorysetup-temp-allocator-size-nav-mesh-worker=65536"
    "memorysetup-temp-allocator-size-audio-worker=65536"
    "memorysetup-temp-allocator-size-cloud-worker=32768"
    "memorysetup-temp-allocator-size-gi-baking-worker=262144"
    "memorysetup-temp-allocator-size-gfx=262144"
Player connection [25432] Host "[IP] 10.0.0.19 [Port] 0 [Flags] 2 [Guid] 47994411 [EditorId] 47994411 [Version] 1048832 [Id] WindowsEditor(7,DESKTOP-ACN6LI9) [Debug] 1 [PackageName] WindowsEditor [ProjectName] Editor" joined multi-casting on [225.0.0.222:54997]...

Player connection [25432] Host "[IP] 10.0.0.19 [Port] 0 [Flags] 2 [Guid] 47994411 [EditorId] 47994411 [Version] 1048832 [Id] WindowsEditor(7,DESKTOP-ACN6LI9) [Debug] 1 [PackageName] WindowsEditor [ProjectName] Editor" joined alternative multi-casting on [225.0.0.222:34997]...

Refreshing native plugins compatible for Editor in 38.00 ms, found 3 plugins.
Preloading 0 native plugins for Editor in 0.00 ms.
Initialize engine version: 2022.3.5f1 (9674261d40ee)
[Subsystems] Discovering subsystems at path D:/Program Files (x86)/Unity/2022.3.5f1/Editor/Data/Resources/UnitySubsystems
[Subsystems] Discovering subsystems at path D:/Users/Jax/Documents/Work/Projects/Shards of Abraxas/Shards of Abraxas/Assets
GfxDevice: creating device client; threaded=0; jobified=0
Direct3D:
    Version:  Direct3D 11.0 [level 11.1]
    Renderer: NVIDIA GeForce RTX 2060 (ID=0x1f08)
    Vendor:   NVIDIA
    VRAM:     5954 MB
    Driver:   31.0.15.5212
Initialize mono
Mono path[0] = 'D:/Program Files (x86)/Unity/2022.3.5f1/Editor/Data/Managed'
Mono path[1] = 'D:/Program Files (x86)/Unity/2022.3.5f1/Editor/Data/MonoBleedingEdge/lib/mono/unityjit-win32'
Mono config path = 'D:/Program Files (x86)/Unity/2022.3.5f1/Editor/Data/MonoBleedingEdge/etc'
Using monoOptions --debugger-agent=transport=dt_socket,embedding=1,server=y,suspend=n,address=127.0.0.1:56612
Begin MonoManager ReloadAssembly
Registering precompiled unity dll's ...
Register platform support module: D:/Program Files (x86)/Unity/2022.3.5f1/Editor/Data/PlaybackEngines/WindowsStandaloneSupport/UnityEditor.WindowsStandalone.Extensions.dll
Registered in 0.009304 seconds.
- Loaded All Assemblies, in  0.633 seconds
Native extension for WindowsStandalone target not found
Mono: successfully reloaded assembly
- Finished resetting the current domain, in  0.463 seconds
Domain Reload Profiling: 1095ms
	BeginReloadAssembly (201ms)
		ExecutionOrderSort (0ms)
		DisableScriptedObjects (0ms)
		BackupInstance (0ms)
		ReleaseScriptingObjects (0ms)
		CreateAndSetChildDomain (1ms)
	RebuildCommonClasses (65ms)
	RebuildNativeTypeToScriptingClass (17ms)
	initialDomainReloadingComplete (93ms)
	LoadAllAssembliesAndSetupDomain (257ms)
		LoadAssemblies (200ms)
		RebuildTransferFunctionScriptingTraits (0ms)
		AnalyzeDomain (251ms)
			TypeCache.Refresh (249ms)
				TypeCache.ScanAssembly (226ms)
			ScanForSourceGeneratedMonoScriptInfo (1ms)
			ResolveRequiredComponents (1ms)
	FinalizeReload (463ms)
		ReleaseScriptCaches (0ms)
		RebuildScriptCaches (0ms)
		SetupLoadedEditorAssemblies (350ms)
			LogAssemblyErrors (0ms)
			InitializePlatformSupportModulesInManaged (12ms)
			SetLoadedEditorAssemblies (12ms)
			RefreshPlugins (0ms)
			BeforeProcessingInitializeOnLoad (6ms)
			ProcessInitializeOnLoadAttributes (235ms)
			ProcessInitializeOnLoadMethodAttributes (85ms)
			AfterProcessingInitializeOnLoad (0ms)
			EditorAssembliesLoaded (0ms)
		ExecutionOrderSort2 (0ms)
		AwakeInstancesAfterBackupRestoration (0ms)
========================================================================
Worker process is ready to serve import requests
Begin MonoManager ReloadAssembly
Duplicate assembly 'Moq.dll' with different versions detected, using 'Assets/Plugins/Moq/Moq.dll, AssemblyName=Moq, Version=4.18.0.0, Culture=neutral, PublicKeyToken=69f491c39445e920' and ignoring 'Assets/Plugins/Zenject/OptionalExtras/TestFramework/Editor/Moq-Net46/Moq/Moq.dll, AssemblyName=Moq, Version=4.7.99.0, Culture=neutral, PublicKeyToken=69f491c39445e920'.Duplicate assembly 'Castle.Core.dll' with different versions detected, using 'Assets/Plugins/Castle.Core/Castle.Core.dll, AssemblyName=Castle.Core, Version=5.0.0.0, Culture=neutral, PublicKeyToken=407dd0808d44fbdc' and ignoring 'Assets/Plugins/Zenject/OptionalExtras/TestFramework/Editor/Moq-Net46/Moq/Castle.Core.dll, AssemblyName=Castle.Core, Version=4.1.1.0, Culture=neutral, PublicKeyToken=407dd0808d44fbdc'.Symbol file LoadedFromMemory is not a mono symbol file
- Loaded All Assemblies, in  2.008 seconds
Refreshing native plugins compatible for Editor in 17.49 ms, found 3 plugins.
Native extension for WindowsStandalone target not found
Mono: successfully reloaded assembly
- Finished resetting the current domain, in  1.369 seconds
Domain Reload Profiling: 3375ms
	BeginReloadAssembly (328ms)
		ExecutionOrderSort (0ms)
		DisableScriptedObjects (10ms)
		BackupInstance (0ms)
		ReleaseScriptingObjects (0ms)
		CreateAndSetChildDomain (53ms)
	RebuildCommonClasses (70ms)
	RebuildNativeTypeToScriptingClass (20ms)
	initialDomainReloadingComplete (64ms)
	LoadAllAssembliesAndSetupDomain (1522ms)
		LoadAssemblies (758ms)
		RebuildTransferFunctionScriptingTraits (0ms)
		AnalyzeDomain (949ms)
			TypeCache.Refresh (854ms)
				TypeCache.ScanAssembly (645ms)
			ScanForSourceGeneratedMonoScriptInfo (74ms)
			ResolveRequiredComponents (22ms)
	FinalizeReload (1371ms)
		ReleaseScriptCaches (0ms)
		RebuildScriptCaches (0ms)
		SetupLoadedEditorAssemblies (1037ms)
			LogAssemblyErrors (0ms)
			InitializePlatformSupportModulesInManaged (12ms)
			SetLoadedEditorAssemblies (10ms)
			RefreshPlugins (0ms)
			BeforeProcessingInitializeOnLoad (241ms)
			ProcessInitializeOnLoadAttributes (686ms)
			ProcessInitializeOnLoadMethodAttributes (82ms)
			AfterProcessingInitializeOnLoad (5ms)
			EditorAssembliesLoaded (0ms)
		ExecutionOrderSort2 (0ms)
		AwakeInstancesAfterBackupRestoration (12ms)
Launched and connected shader compiler UnityShaderCompiler.exe after 0.16 seconds
Refreshing native plugins compatible for Editor in 17.18 ms, found 3 plugins.
Preloading 0 native plugins for Editor in 0.00 ms.
Unloading 4328 Unused Serialized files (Serialized files now loaded: 0)
Unloading 78 unused Assets / (67.3 KB). Loaded Objects now: 4790.
Memory consumption went from 155.1 MB to 155.0 MB.
Total: 9.650800 ms (FindLiveObjects: 0.661600 ms CreateObjectMapping: 0.496900 ms MarkObjects: 8.151600 ms  DeleteObjects: 0.339100 ms)

AssetImportParameters requested are different than current active one (requested -> active):
  custom:container-demuxer-ogg: 62fdf1f143b41e24485cea50d1cbac27 -> 
  custom:video-codec-MediaFoundation-h265: 746d11721c4dcdbdad8f713fa42b33f4 -> 
  custom:video-decoder-ogg-theora: a1e56fd34408186e4bbccfd4996cb3dc -> 
  custom:framework-win-MediaFoundation: 216162199b28c13a410421893ffa2e32 -> 
  custom:CustomObjectIndexerAttribute: 756ad292c208cfabdd7b50bc23989ffe -> 
  custom:container-demuxer-webm: 4f35f7cbe854078d1ac9338744f61a02 -> 
  custom:container-muxer-webm: aa71ff27fc2769a1b78a27578f13a17b -> 
  custom:video-decoder-webm-vp8: 9c59270c3fd7afecdb556c50c9e8de78 -> 
  custom:AudioImporter_EditorPlatform: d09bf68614088b80899f8185d706f6e7 -> 
  custom:video-encoder-webm-vp8: eb34c28f22e8b96e1ab97ce403110664 -> 
  custom:audio-decoder-ogg-vorbis: bf7c407c2cedff20999df2af8eb42d56 -> 
  custom:audio-encoder-webm-vorbis: bf7c407c2cedff20999df2af8eb42d56 -> 
========================================================================
Received Import Request.
  Time since last request: 10084.166474 seconds.
  path: Assets/AbraxasAssets/Scripts/Stones/Data/ScriptableObjects/Ruby
  artifactKey: Guid(f0719a9cd079ba042a0f037deb69bcd3) Importer(815301076,1909f56bfc062723c751e8b465ee728b)
Start importing Assets/AbraxasAssets/Scripts/Stones/Data/ScriptableObjects/Ruby using Guid(f0719a9cd079ba042a0f037deb69bcd3) Importer(815301076,1909f56bfc062723c751e8b465ee728b)  -> (artifact id: '7f6940b2dde39af227f95941c139b377') in 0.004049 seconds
Number of updated asset objects reloaded before import = 0
Number of asset objects unloaded after import = 0
========================================================================
Received Import Request.
  Time since last request: 73.723140 seconds.
  path: Assets/AbraxasAssets/Scripts/Stones/Data/ScriptableObjects/Resources
  artifactKey: Guid(0be31962d70d67042b38029be76c01e4) Importer(815301076,1909f56bfc062723c751e8b465ee728b)
Start importing Assets/AbraxasAssets/Scripts/Stones/Data/ScriptableObjects/Resources using Guid(0be31962d70d67042b38029be76c01e4) Importer(815301076,1909f56bfc062723c751e8b465ee728b)  -> (artifact id: '2df119bb6c254e615c85ef094d5f499d') in 0.000687 seconds
Number of updated asset objects reloaded before import = 0
Number of asset objects unloaded after import = 0
========================================================================
Received Import Request.
  Time since last request: 17.350964 seconds.
  path: Assets/AbraxasAssets/Scripts/Stones/Data/ScriptableObjects/Resources/Garnet Effect DrawCardFromLibrary.asset
  artifactKey: Guid(8bd190d47e606b549a0e2de062d5eb4b) Importer(815301076,1909f56bfc062723c751e8b465ee728b)
Start importing Assets/AbraxasAssets/Scripts/Stones/Data/ScriptableObjects/Resources/Garnet Effect DrawCardFromLibrary.asset using Guid(8bd190d47e606b549a0e2de062d5eb4b) Importer(815301076,1909f56bfc062723c751e8b465ee728b)  -> (artifact id: '25ce78bcd7bab648d69c85c3454dd793') in 0.001978 seconds
Number of updated asset objects reloaded before import = 0
Number of asset objects unloaded after import = 1
========================================================================
Received Import Request.
  Time since last request: 10.371864 seconds.
  path: Assets/AbraxasAssets/Scripts/Stones/Data/ScriptableObjects
  artifactKey: Guid(f51f0332bb3fe594f928ce2d7d63be7a) Importer(815301076,1909f56bfc062723c751e8b465ee728b)
Start importing Assets/AbraxasAssets/Scripts/Stones/Data/ScriptableObjects using Guid(f51f0332bb3fe594f928ce2d7d63be7a) Importer(815301076,1909f56bfc062723c751e8b465ee728b)  -> (artifact id: 'fb3d5792240296eb42d7e0bdb35154cf') in 0.000492 seconds
Number of updated asset objects reloaded before import = 0
Number of asset objects unloaded after import = 0
========================================================================
Received Import Request.
  Time since last request: 149.090519 seconds.
  path: Assets/AbraxasAssets/Scripts/Stones/Data/ScriptableObjects/Resources/Ruby Effect DrawCardFromLibrary.asset
  artifactKey: Guid(1b681a883417e9c47b5abc1907de5cfd) Importer(815301076,1909f56bfc062723c751e8b465ee728b)
Start importing Assets/AbraxasAssets/Scripts/Stones/Data/ScriptableObjects/Resources/Ruby Effect DrawCardFromLibrary.asset using Guid(1b681a883417e9c47b5abc1907de5cfd) Importer(815301076,1909f56bfc062723c751e8b465ee728b)  -> (artifact id: 'd905ce83bdfdf2ca6d0b4b5522631db4') in 0.001471 seconds
Number of updated asset objects reloaded before import = 0
Number of asset objects unloaded after import = 1
========================================================================
Received Import Request.
  Time since last request: 118.572311 seconds.
  path: Assets/AbraxasAssets/Scripts/Stones/Data/ScriptableObjects/Resources/Sapphire Effect DrawCardFromLibrary.asset
  artifactKey: Guid(47ab21f16b961984784391c09272a034) Importer(815301076,1909f56bfc062723c751e8b465ee728b)
Start importing Assets/AbraxasAssets/Scripts/Stones/Data/ScriptableObjects/Resources/Sapphire Effect DrawCardFromLibrary.asset using Guid(47ab21f16b961984784391c09272a034) Importer(815301076,1909f56bfc062723c751e8b465ee728b)  -> (artifact id: '5f9c9108af8454a8a1c2c17897ff737a') in 0.001984 seconds
Number of updated asset objects reloaded before import = 0
Number of asset objects unloaded after import = 1
========================================================================
Received Import Request.
  Time since last request: 51.828818 seconds.
  path: Assets/AbraxasAssets/Scripts/Stones/Data/ScriptableObjects/Resources/Peridot Effect DrawCardFromLibrary.asset
  artifactKey: Guid(52fb703d2b546cc4896ac941173ff188) Importer(815301076,1909f56bfc062723c751e8b465ee728b)
Start importing Assets/AbraxasAssets/Scripts/Stones/Data/ScriptableObjects/Resources/Peridot Effect DrawCardFromLibrary.asset using Guid(52fb703d2b546cc4896ac941173ff188) Importer(815301076,1909f56bfc062723c751e8b465ee728b)  -> (artifact id: 'b47d328c8522475958ab9c2b51f3a6f8') in 0.001351 seconds
Number of updated asset objects reloaded before import = 0
Number of asset objects unloaded after import = 1
========================================================================
Received Import Request.
  Time since last request: 25.114126 seconds.
  path: Assets/AbraxasAssets/Scripts/Stones/Data/ScriptableObjects/Resources/Sapphire Effect DrawCardFromLibrary.asset
  artifactKey: Guid(47ab21f16b961984784391c09272a034) Importer(815301076,1909f56bfc062723c751e8b465ee728b)
Start importing Assets/AbraxasAssets/Scripts/Stones/Data/ScriptableObjects/Resources/Sapphire Effect DrawCardFromLibrary.asset using Guid(47ab21f16b961984784391c09272a034) Importer(815301076,1909f56bfc062723c751e8b465ee728b)  -> (artifact id: 'f7f3119f7f5c3cd23c2f368ef43955a9') in 0.001639 seconds
Number of updated asset objects reloaded before import = 0
Number of asset objects unloaded after import = 1
========================================================================
Received Import Request.
  Time since last request: 10.090271 seconds.
  path: Assets/AbraxasAssets/Scripts/Zones/ZoneTypes/Decks/Data/Resources/GarnetStompies.asset
  artifactKey: Guid(e01ec6c8c07dd904691c0ebf6a6b84a8) Importer(815301076,1909f56bfc062723c751e8b465ee728b)
Start importing Assets/AbraxasAssets/Scripts/Zones/ZoneTypes/Decks/Data/Resources/GarnetStompies.asset using Guid(e01ec6c8c07dd904691c0ebf6a6b84a8) Importer(815301076,1909f56bfc062723c751e8b465ee728b)  -> (artifact id: '06e200198df38e7cc880622865928437') in 0.013792 seconds
Number of updated asset objects reloaded before import = 0
Number of asset objects unloaded after import = 2
========================================================================
Received Import Request.
  Time since last request: 31.032982 seconds.
  path: Assets/AbraxasAssets/Resources/Settings/StoneSettings.asset
  artifactKey: Guid(db4b4cf31c592ad4dafe7b10b79f2a09) Importer(815301076,1909f56bfc062723c751e8b465ee728b)
Start importing Assets/AbraxasAssets/Resources/Settings/StoneSettings.asset using Guid(db4b4cf31c592ad4dafe7b10b79f2a09) Importer(815301076,1909f56bfc062723c751e8b465ee728b)  -> (artifact id: '51d495be64f6f6d2fec5c4d112d4d66b') in 0.003099 seconds
Number of updated asset objects reloaded before import = 0
Number of asset objects unloaded after import = 2
========================================================================
Received Import Request.
  Time since last request: 16.565625 seconds.
  path: Assets/AbraxasAssets/Resources/Settings/StoneSettings.asset
  artifactKey: Guid(db4b4cf31c592ad4dafe7b10b79f2a09) Importer(815301076,1909f56bfc062723c751e8b465ee728b)
Start importing Assets/AbraxasAssets/Resources/Settings/StoneSettings.asset using Guid(db4b4cf31c592ad4dafe7b10b79f2a09) Importer(815301076,1909f56bfc062723c751e8b465ee728b)  -> (artifact id: '4d41799665cf72133f82afc7738f2fbf') in 0.002643 seconds
Number of updated asset objects reloaded before import = 0
Number of asset objects unloaded after import = 5
========================================================================
Received Prepare
Refreshing native plugins compatible for Editor in 8.12 ms, found 3 plugins.
Preloading 0 native plugins for Editor in 0.00 ms.
Unloading 0 Unused Serialized files (Serialized files now loaded: 0)
Unloading 1 unused Assets / (0.8 KB). Loaded Objects now: 4791.
Memory consumption went from 82.0 MB to 82.0 MB.
Total: 5.977100 ms (FindLiveObjects: 0.447600 ms CreateObjectMapping: 0.576300 ms MarkObjects: 4.902400 ms  DeleteObjects: 0.049600 ms)

Prepare: number of updated asset objects reloaded= 0
AssetImportParameters requested are different than current active one (requested -> active):
  custom:container-demuxer-ogg: 62fdf1f143b41e24485cea50d1cbac27 -> 
  custom:video-codec-MediaFoundation-h265: 746d11721c4dcdbdad8f713fa42b33f4 -> 
  custom:video-decoder-ogg-theora: a1e56fd34408186e4bbccfd4996cb3dc -> 
  custom:framework-win-MediaFoundation: 216162199b28c13a410421893ffa2e32 -> 
  custom:CustomObjectIndexerAttribute: 756ad292c208cfabdd7b50bc23989ffe -> 
  custom:container-demuxer-webm: 4f35f7cbe854078d1ac9338744f61a02 -> 
  custom:container-muxer-webm: aa71ff27fc2769a1b78a27578f13a17b -> 
  custom:video-decoder-webm-vp8: 9c59270c3fd7afecdb556c50c9e8de78 -> 
  custom:AudioImporter_EditorPlatform: d09bf68614088b80899f8185d706f6e7 -> 
  custom:video-encoder-webm-vp8: eb34c28f22e8b96e1ab97ce403110664 -> 
  custom:audio-decoder-ogg-vorbis: bf7c407c2cedff20999df2af8eb42d56 -> 
  custom:audio-encoder-webm-vorbis: bf7c407c2cedff20999df2af8eb42d56 -> 
========================================================================
Received Import Request.
  Time since last request: 31.830868 seconds.
  path: Assets/AbraxasAssets/Scripts/Zones/ZoneTypes/Decks/Data/Resources/GarnetStompies.asset
  artifactKey: Guid(e01ec6c8c07dd904691c0ebf6a6b84a8) Importer(815301076,1909f56bfc062723c751e8b465ee728b)
Start importing Assets/AbraxasAssets/Scripts/Zones/ZoneTypes/Decks/Data/Resources/GarnetStompies.asset using Guid(e01ec6c8c07dd904691c0ebf6a6b84a8) Importer(815301076,1909f56bfc062723c751e8b465ee728b)  -> (artifact id: '603ecd29ee76087331c26a496d53a078') in 0.022148 seconds
Number of updated asset objects reloaded before import = 0
Number of asset objects unloaded after import = 5
========================================================================
Received Import Request.
  Time since last request: 30.182753 seconds.
  path: Assets/AbraxasAssets/Scripts/Zones/ZoneTypes/Decks/Data/Resources/GarnetStompies.asset
  artifactKey: Guid(e01ec6c8c07dd904691c0ebf6a6b84a8) Importer(815301076,1909f56bfc062723c751e8b465ee728b)
Start importing Assets/AbraxasAssets/Scripts/Zones/ZoneTypes/Decks/Data/Resources/GarnetStompies.asset using Guid(e01ec6c8c07dd904691c0ebf6a6b84a8) Importer(815301076,1909f56bfc062723c751e8b465ee728b)  -> (artifact id: '96810220040a00b002de148dced3b1dd') in 0.003970 seconds
Number of updated asset objects reloaded before import = 0
Number of asset objects unloaded after import = 5
========================================================================
Received Prepare
Refreshing native plugins compatible for Editor in 9.32 ms, found 3 plugins.
Preloading 0 native plugins for Editor in 0.00 ms.
Unloading 0 Unused Serialized files (Serialized files now loaded: 0)
Unloading 1 unused Assets / (0.8 KB). Loaded Objects now: 4791.
Memory consumption went from 82.0 MB to 82.0 MB.
Total: 7.910600 ms (FindLiveObjects: 0.762800 ms CreateObjectMapping: 1.645400 ms MarkObjects: 5.452900 ms  DeleteObjects: 0.048200 ms)

Prepare: number of updated asset objects reloaded= 0
AssetImportParameters requested are different than current active one (requested -> active):
  custom:container-demuxer-ogg: 62fdf1f143b41e24485cea50d1cbac27 -> 
  custom:video-codec-MediaFoundation-h265: 746d11721c4dcdbdad8f713fa42b33f4 -> 
  custom:video-decoder-ogg-theora: a1e56fd34408186e4bbccfd4996cb3dc -> 
  custom:framework-win-MediaFoundation: 216162199b28c13a410421893ffa2e32 -> 
  custom:CustomObjectIndexerAttribute: 756ad292c208cfabdd7b50bc23989ffe -> 
  custom:container-demuxer-webm: 4f35f7cbe854078d1ac9338744f61a02 -> 
  custom:container-muxer-webm: aa71ff27fc2769a1b78a27578f13a17b -> 
  custom:video-decoder-webm-vp8: 9c59270c3fd7afecdb556c50c9e8de78 -> 
  custom:AudioImporter_EditorPlatform: d09bf68614088b80899f8185d706f6e7 -> 
  custom:video-encoder-webm-vp8: eb34c28f22e8b96e1ab97ce403110664 -> 
  custom:audio-decoder-ogg-vorbis: bf7c407c2cedff20999df2af8eb42d56 -> 
  custom:audio-encoder-webm-vorbis: bf7c407c2cedff20999df2af8eb42d56 -> 
========================================================================
Received Prepare
Begin MonoManager ReloadAssembly
Duplicate assembly 'Moq.dll' with different versions detected, using 'Assets/Plugins/Moq/Moq.dll, AssemblyName=Moq, Version=4.18.0.0, Culture=neutral, PublicKeyToken=69f491c39445e920' and ignoring 'Assets/Plugins/Zenject/OptionalExtras/TestFramework/Editor/Moq-Net46/Moq/Moq.dll, AssemblyName=Moq, Version=4.7.99.0, Culture=neutral, PublicKeyToken=69f491c39445e920'.Duplicate assembly 'Castle.Core.dll' with different versions detected, using 'Assets/Plugins/Castle.Core/Castle.Core.dll, AssemblyName=Castle.Core, Version=5.0.0.0, Culture=neutral, PublicKeyToken=407dd0808d44fbdc' and ignoring 'Assets/Plugins/Zenject/OptionalExtras/TestFramework/Editor/Moq-Net46/Moq/Castle.Core.dll, AssemblyName=Castle.Core, Version=4.1.1.0, Culture=neutral, PublicKeyToken=407dd0808d44fbdc'.Symbol file LoadedFromMemory is not a mono symbol file
- Loaded All Assemblies, in  1.320 seconds
Refreshing native plugins compatible for Editor in 11.92 ms, found 3 plugins.
Native extension for WindowsStandalone target not found
Mono: successfully reloaded assembly
- Finished resetting the current domain, in  1.466 seconds
Domain Reload Profiling: 2783ms
	BeginReloadAssembly (266ms)
		ExecutionOrderSort (0ms)
		DisableScriptedObjects (16ms)
		BackupInstance (0ms)
		ReleaseScriptingObjects (0ms)
		CreateAndSetChildDomain (69ms)
	RebuildCommonClasses (55ms)
	RebuildNativeTypeToScriptingClass (23ms)
	initialDomainReloadingComplete (49ms)
	LoadAllAssembliesAndSetupDomain (924ms)
		LoadAssemblies (596ms)
		RebuildTransferFunctionScriptingTraits (0ms)
		AnalyzeDomain (470ms)
			TypeCache.Refresh (450ms)
				TypeCache.ScanAssembly (419ms)
			ScanForSourceGeneratedMonoScriptInfo (11ms)
			ResolveRequiredComponents (9ms)
	FinalizeReload (1467ms)
		ReleaseScriptCaches (0ms)
		RebuildScriptCaches (0ms)
		SetupLoadedEditorAssemblies (706ms)
			LogAssemblyErrors (0ms)
			InitializePlatformSupportModulesInManaged (7ms)
			SetLoadedEditorAssemblies (9ms)
			RefreshPlugins (0ms)
			BeforeProcessingInitializeOnLoad (191ms)
			ProcessInitializeOnLoadAttributes (442ms)
			ProcessInitializeOnLoadMethodAttributes (52ms)
			AfterProcessingInitializeOnLoad (5ms)
			EditorAssembliesLoaded (0ms)
		ExecutionOrderSort2 (0ms)
		AwakeInstancesAfterBackupRestoration (20ms)
Refreshing native plugins compatible for Editor in 8.18 ms, found 3 plugins.
Preloading 0 native plugins for Editor in 0.00 ms.
Unloading 4300 Unused Serialized files (Serialized files now loaded: 0)
Unloading 47 unused Assets / (41.5 KB). Loaded Objects now: 4796.
Memory consumption went from 148.4 MB to 148.3 MB.
Total: 4.340700 ms (FindLiveObjects: 0.382800 ms CreateObjectMapping: 0.507200 ms MarkObjects: 3.379600 ms  DeleteObjects: 0.070200 ms)

Prepare: number of updated asset objects reloaded= 0
AssetImportParameters requested are different than current active one (requested -> active):
  custom:container-demuxer-ogg: 62fdf1f143b41e24485cea50d1cbac27 -> 
  custom:video-codec-MediaFoundation-h265: 746d11721c4dcdbdad8f713fa42b33f4 -> 
  custom:video-decoder-ogg-theora: a1e56fd34408186e4bbccfd4996cb3dc -> 
  custom:framework-win-MediaFoundation: 216162199b28c13a410421893ffa2e32 -> 
  custom:CustomObjectIndexerAttribute: 756ad292c208cfabdd7b50bc23989ffe -> 
  custom:container-demuxer-webm: 4f35f7cbe854078d1ac9338744f61a02 -> 
  custom:container-muxer-webm: aa71ff27fc2769a1b78a27578f13a17b -> 
  custom:video-decoder-webm-vp8: 9c59270c3fd7afecdb556c50c9e8de78 -> 
  custom:AudioImporter_EditorPlatform: d09bf68614088b80899f8185d706f6e7 -> 
  custom:video-encoder-webm-vp8: eb34c28f22e8b96e1ab97ce403110664 -> 
  custom:audio-decoder-ogg-vorbis: bf7c407c2cedff20999df2af8eb42d56 -> 
  custom:audio-encoder-webm-vorbis: bf7c407c2cedff20999df2af8eb42d56 -> 
========================================================================
Received Prepare
Begin MonoManager ReloadAssembly
Duplicate assembly 'Moq.dll' with different versions detected, using 'Assets/Plugins/Moq/Moq.dll, AssemblyName=Moq, Version=4.18.0.0, Culture=neutral, PublicKeyToken=69f491c39445e920' and ignoring 'Assets/Plugins/Zenject/OptionalExtras/TestFramework/Editor/Moq-Net46/Moq/Moq.dll, AssemblyName=Moq, Version=4.7.99.0, Culture=neutral, PublicKeyToken=69f491c39445e920'.Duplicate assembly 'Castle.Core.dll' with different versions detected, using 'Assets/Plugins/Castle.Core/Castle.Core.dll, AssemblyName=Castle.Core, Version=5.0.0.0, Culture=neutral, PublicKeyToken=407dd0808d44fbdc' and ignoring 'Assets/Plugins/Zenject/OptionalExtras/TestFramework/Editor/Moq-Net46/Moq/Castle.Core.dll, AssemblyName=Castle.Core, Version=4.1.1.0, Culture=neutral, PublicKeyToken=407dd0808d44fbdc'.Symbol file LoadedFromMemory is not a mono symbol file
- Loaded All Assemblies, in  1.448 seconds
Refreshing native plugins compatible for Editor in 7.31 ms, found 3 plugins.
Native extension for WindowsStandalone target not found
Mono: successfully reloaded assembly
- Finished resetting the current domain, in  1.489 seconds
Domain Reload Profiling: 2935ms
	BeginReloadAssembly (341ms)
		ExecutionOrderSort (0ms)
		DisableScriptedObjects (26ms)
		BackupInstance (0ms)
		ReleaseScriptingObjects (0ms)
		CreateAndSetChildDomain (102ms)
	RebuildCommonClasses (49ms)
	RebuildNativeTypeToScriptingClass (22ms)
	initialDomainReloadingComplete (48ms)
	LoadAllAssembliesAndSetupDomain (986ms)
		LoadAssemblies (614ms)
		RebuildTransferFunctionScriptingTraits (0ms)
		AnalyzeDomain (527ms)
			TypeCache.Refresh (499ms)
				TypeCache.ScanAssembly (470ms)
			ScanForSourceGeneratedMonoScriptInfo (14ms)
			ResolveRequiredComponents (13ms)
	FinalizeReload (1490ms)
		ReleaseScriptCaches (0ms)
		RebuildScriptCaches (0ms)
		SetupLoadedEditorAssemblies (740ms)
			LogAssemblyErrors (0ms)
			InitializePlatformSupportModulesInManaged (7ms)
			SetLoadedEditorAssemblies (7ms)
			RefreshPlugins (0ms)
			BeforeProcessingInitializeOnLoad (178ms)
			ProcessInitializeOnLoadAttributes (474ms)
			ProcessInitializeOnLoadMethodAttributes (64ms)
			AfterProcessingInitializeOnLoad (9ms)
			EditorAssembliesLoaded (1ms)
		ExecutionOrderSort2 (0ms)
		AwakeInstancesAfterBackupRestoration (26ms)
Refreshing native plugins compatible for Editor in 9.56 ms, found 3 plugins.
Preloading 0 native plugins for Editor in 0.00 ms.
Unloading 4300 Unused Serialized files (Serialized files now loaded: 0)
Unloading 47 unused Assets / (41.9 KB). Loaded Objects now: 4800.
Memory consumption went from 148.4 MB to 148.3 MB.
Total: 5.391800 ms (FindLiveObjects: 0.665800 ms CreateObjectMapping: 0.365000 ms MarkObjects: 4.263700 ms  DeleteObjects: 0.094200 ms)

Prepare: number of updated asset objects reloaded= 0
AssetImportParameters requested are different than current active one (requested -> active):
  custom:container-demuxer-ogg: 62fdf1f143b41e24485cea50d1cbac27 -> 
  custom:video-codec-MediaFoundation-h265: 746d11721c4dcdbdad8f713fa42b33f4 -> 
  custom:video-decoder-ogg-theora: a1e56fd34408186e4bbccfd4996cb3dc -> 
  custom:framework-win-MediaFoundation: 216162199b28c13a410421893ffa2e32 -> 
  custom:CustomObjectIndexerAttribute: 756ad292c208cfabdd7b50bc23989ffe -> 
  custom:container-demuxer-webm: 4f35f7cbe854078d1ac9338744f61a02 -> 
  custom:container-muxer-webm: aa71ff27fc2769a1b78a27578f13a17b -> 
  custom:video-decoder-webm-vp8: 9c59270c3fd7afecdb556c50c9e8de78 -> 
  custom:AudioImporter_EditorPlatform: d09bf68614088b80899f8185d706f6e7 -> 
  custom:video-encoder-webm-vp8: eb34c28f22e8b96e1ab97ce403110664 -> 
  custom:audio-decoder-ogg-vorbis: bf7c407c2cedff20999df2af8eb42d56 -> 
  custom:audio-encoder-webm-vorbis: bf7c407c2cedff20999df2af8eb42d56 -> 
========================================================================
Received Prepare
Begin MonoManager ReloadAssembly
Duplicate assembly 'Moq.dll' with different versions detected, using 'Assets/Plugins/Moq/Moq.dll, AssemblyName=Moq, Version=4.18.0.0, Culture=neutral, PublicKeyToken=69f491c39445e920' and ignoring 'Assets/Plugins/Zenject/OptionalExtras/TestFramework/Editor/Moq-Net46/Moq/Moq.dll, AssemblyName=Moq, Version=4.7.99.0, Culture=neutral, PublicKeyToken=69f491c39445e920'.Duplicate assembly 'Castle.Core.dll' with different versions detected, using 'Assets/Plugins/Castle.Core/Castle.Core.dll, AssemblyName=Castle.Core, Version=5.0.0.0, Culture=neutral, PublicKeyToken=407dd0808d44fbdc' and ignoring 'Assets/Plugins/Zenject/OptionalExtras/TestFramework/Editor/Moq-Net46/Moq/Castle.Core.dll, AssemblyName=Castle.Core, Version=4.1.1.0, Culture=neutral, PublicKeyToken=407dd0808d44fbdc'.Symbol file LoadedFromMemory is not a mono symbol file
- Loaded All Assemblies, in  1.467 seconds
Refreshing native plugins compatible for Editor in 9.46 ms, found 3 plugins.
Native extension for WindowsStandalone target not found
Mono: successfully reloaded assembly
- Finished resetting the current domain, in  1.812 seconds
Domain Reload Profiling: 3277ms
	BeginReloadAssembly (293ms)
		ExecutionOrderSort (0ms)
		DisableScriptedObjects (26ms)
		BackupInstance (0ms)
		ReleaseScriptingObjects (0ms)
		CreateAndSetChildDomain (57ms)
	RebuildCommonClasses (38ms)
	RebuildNativeTypeToScriptingClass (14ms)
	initialDomainReloadingComplete (61ms)
	LoadAllAssembliesAndSetupDomain (1057ms)
		LoadAssemblies (637ms)
		RebuildTransferFunctionScriptingTraits (0ms)
		AnalyzeDomain (584ms)
			TypeCache.Refresh (564ms)
				TypeCache.ScanAssembly (540ms)
			ScanForSourceGeneratedMonoScriptInfo (11ms)
			ResolveRequiredComponents (9ms)
	FinalizeReload (1813ms)
		ReleaseScriptCaches (0ms)
		RebuildScriptCaches (0ms)
		SetupLoadedEditorAssemblies (886ms)
			LogAssemblyErrors (0ms)
			InitializePlatformSupportModulesInManaged (12ms)
			SetLoadedEditorAssemblies (21ms)
			RefreshPlugins (0ms)
			BeforeProcessingInitializeOnLoad (271ms)
			ProcessInitializeOnLoadAttributes (531ms)
			ProcessInitializeOnLoadMethodAttributes (46ms)
			AfterProcessingInitializeOnLoad (5ms)
			EditorAssembliesLoaded (0ms)
		ExecutionOrderSort2 (0ms)
		AwakeInstancesAfterBackupRestoration (24ms)
Refreshing native plugins compatible for Editor in 11.90 ms, found 3 plugins.
Preloading 0 native plugins for Editor in 0.00 ms.
Unloading 4300 Unused Serialized files (Serialized files now loaded: 0)
Unloading 47 unused Assets / (41.8 KB). Loaded Objects now: 4804.
Memory consumption went from 148.4 MB to 148.3 MB.
Total: 4.438600 ms (FindLiveObjects: 0.422600 ms CreateObjectMapping: 0.400300 ms MarkObjects: 3.512300 ms  DeleteObjects: 0.102200 ms)

Prepare: number of updated asset objects reloaded= 0
AssetImportParameters requested are different than current active one (requested -> active):
  custom:container-demuxer-ogg: 62fdf1f143b41e24485cea50d1cbac27 -> 
  custom:video-codec-MediaFoundation-h265: 746d11721c4dcdbdad8f713fa42b33f4 -> 
  custom:video-decoder-ogg-theora: a1e56fd34408186e4bbccfd4996cb3dc -> 
  custom:framework-win-MediaFoundation: 216162199b28c13a410421893ffa2e32 -> 
  custom:CustomObjectIndexerAttribute: 756ad292c208cfabdd7b50bc23989ffe -> 
  custom:container-demuxer-webm: 4f35f7cbe854078d1ac9338744f61a02 -> 
  custom:container-muxer-webm: aa71ff27fc2769a1b78a27578f13a17b -> 
  custom:video-decoder-webm-vp8: 9c59270c3fd7afecdb556c50c9e8de78 -> 
  custom:AudioImporter_EditorPlatform: d09bf68614088b80899f8185d706f6e7 -> 
  custom:video-encoder-webm-vp8: eb34c28f22e8b96e1ab97ce403110664 -> 
  custom:audio-decoder-ogg-vorbis: bf7c407c2cedff20999df2af8eb42d56 -> 
  custom:audio-encoder-webm-vorbis: bf7c407c2cedff20999df2af8eb42d56 -> 
========================================================================
Received Import Request.
  Time since last request: 181.714083 seconds.
  path: Assets/AbraxasAssets/Scripts/Stones/Data/ScriptableObjects/EffectDrawCardFromLibraryDataSO.cs
  artifactKey: Guid(9d69567454068c44f99644f37a4f6adf) Importer(815301076,1909f56bfc062723c751e8b465ee728b)
Start importing Assets/AbraxasAssets/Scripts/Stones/Data/ScriptableObjects/EffectDrawCardFromLibraryDataSO.cs using Guid(9d69567454068c44f99644f37a4f6adf) Importer(815301076,1909f56bfc062723c751e8b465ee728b)  -> (artifact id: '6d58053f774983fd0537f82ea2eb1c23') in 0.001921 seconds
Number of updated asset objects reloaded before import = 0
Number of asset objects unloaded after import = 0
========================================================================
Received Import Request.
  Time since last request: 7.109585 seconds.
  path: Assets/AbraxasAssets/Scripts/Abraxas.Runtime.asmdef
  artifactKey: Guid(9f93a292e1757934abc6aaed449f9d20) Importer(815301076,1909f56bfc062723c751e8b465ee728b)
Start importing Assets/AbraxasAssets/Scripts/Abraxas.Runtime.asmdef using Guid(9f93a292e1757934abc6aaed449f9d20) Importer(815301076,1909f56bfc062723c751e8b465ee728b)  -> (artifact id: '11b36f214443b504e3ff281ec23eae59') in 0.000697 seconds
Number of updated asset objects reloaded before import = 0
Number of asset objects unloaded after import = 0
========================================================================
Received Import Request.
  Time since last request: 16.713063 seconds.
  path: Assets/AbraxasAssets/Scripts/Stones/Data/ScriptableObjects/Resources/Garnet Effect DrawCardFromLibrary.asset
  artifactKey: Guid(8bd190d47e606b549a0e2de062d5eb4b) Importer(815301076,1909f56bfc062723c751e8b465ee728b)
Start importing Assets/AbraxasAssets/Scripts/Stones/Data/ScriptableObjects/Resources/Garnet Effect DrawCardFromLibrary.asset using Guid(8bd190d47e606b549a0e2de062d5eb4b) Importer(815301076,1909f56bfc062723c751e8b465ee728b)  -> (artifact id: '0c55c3706b81572157465af24386dafd') in 0.002167 seconds
Number of updated asset objects reloaded before import = 0
Number of asset objects unloaded after import = 1
